LOG FILE FOR 16/01/2024
===================================================
  Logging started
===================================================
================
   New Session  
================
24/01/16_08:19:06 - Checking for all required folders to exist...
24/01/16_08:19:06 - FORMHANDLER called...
24/01/16_08:19:06 - Form does not exist in current list of active forms
24/01/16_08:19:06 - Getting current active form's ID in the active forms list
24/01/16_08:19:06 - REFRESHING forms...
24/01/16_08:19:06 - App loaded with no errors!
24/01/16_08:19:11 - FORMHANDLER called...
24/01/16_08:19:11 - Form does not exist in current list of active forms
24/01/16_08:19:11 - Getting current active form's ID in the active forms list
24/01/16_08:19:11 - REFRESHING forms...
24/01/16_08:19:12 - REFRESHING forms...
24/01/16_08:19:13 - FORMHANDLER called...
24/01/16_08:19:13 - Form does not exist in current list of active forms
24/01/16_08:19:13 - Getting current active form's ID in the active forms list
24/01/16_08:19:13 - REFRESHING forms...
24/01/16_08:19:14 - REFRESHING forms...
24/01/16_08:19:14 - FORMHANDLER called...
24/01/16_08:19:14 - Form does not exist in current list of active forms
24/01/16_08:19:14 - Getting current active form's ID in the active forms list
24/01/16_08:19:14 - REFRESHING forms...
24/01/16_08:19:14 - Deserializing System.Collections.Generic.List`1[ExamPrepper.Classes.ExamFormData+Subject] to JSON data
24/01/16_08:19:14 - Deserializing System.Collections.Generic.List`1[ExamPrepper.Classes.ExamFormData+Subject] to JSON data
24/01/16_08:19:18 - FORMHANDLER called...
24/01/16_08:19:18 - Form does not exist in current list of active forms
24/01/16_08:19:18 - Deserializing System.Collections.Generic.List`1[ExamPrepper.Classes.ExamFormData+Subject] to JSON data
24/01/16_08:19:20 - Adding ExamPrepper.Classes.ExamFormData+Subject to JSON data located in './Data/Subjects.json'
24/01/16_08:19:20 - Deserializing System.Collections.Generic.List`1[ExamPrepper.Classes.ExamFormData+Subject] to JSON data
24/01/16_08:19:20 - Serializing System.Collections.Generic.List`1[ExamPrepper.Classes.ExamFormData+Subject] to JSON data
24/01/16_08:19:20 - Deserializing System.Collections.Generic.List`1[ExamPrepper.Classes.ExamFormData+Subject] to JSON data
24/01/16_08:19:23 - Getting current active form's ID in the active forms list
24/01/16_08:19:23 - REFRESHING forms...
24/01/16_08:19:23 - Deserializing System.Collections.Generic.List`1[ExamPrepper.Classes.ExamFormData+Subject] to JSON data
24/01/16_08:19:26 - FORMHANDLER called...
24/01/16_08:19:26 - Form does not exist in current list of active forms
24/01/16_08:19:26 - Getting current active form's ID in the active forms list
24/01/16_08:19:26 - REFRESHING forms...
24/01/16_08:19:42 - Deserializing System.Collections.Generic.List`1[ExamPrepper.Classes.ExamFormData+Subject] to JSON data
24/01/16_08:19:42 - FORMHANDLER called...
24/01/16_08:19:42 - Form does not exist in current list of active forms
24/01/16_08:19:46 - Getting current active form's ID in the active forms list
24/01/16_08:19:46 - REFRESHING forms...
24/01/16_08:21:11 - REFRESHING forms...
24/01/16_08:21:11 - Deserializing System.Collections.Generic.List`1[ExamPrepper.Classes.ExamFormData+Subject] to JSON data
24/01/16_08:22:00 - FORMHANDLER called...
24/01/16_08:22:00 - Form does not exist in current list of active forms
24/01/16_08:22:00 - Getting current active form's ID in the active forms list
24/01/16_08:22:00 - REFRESHING forms...
