LOG FILE FOR 18/01/2024
===================================================
  Logging started
===================================================
================
   New Session  
================
24/01/18_08:09:21 - Checking for all required folders to exist...
24/01/18_08:09:21 - FORMHANDLER called...
24/01/18_08:09:21 - Form does not exist in current list of active forms
24/01/18_08:09:21 - Getting current active form's ID in the active forms list
24/01/18_08:09:21 - REFRESHING forms...
24/01/18_08:09:21 - App loaded with no errors!
24/01/18_08:22:01 - FORMHANDLER called...
24/01/18_08:22:01 - Form does not exist in current list of active forms
24/01/18_08:22:01 - Getting current active form's ID in the active forms list
24/01/18_08:22:01 - REFRESHING forms...
24/01/18_08:22:01 - Deserializing System.Collections.Generic.List`1[ExamPrepper.Classes.ExamFormData+Subject] to JSON data
24/01/18_08:22:05 - REFRESHING forms...
24/01/18_08:22:07 - FORMHANDLER called...
24/01/18_08:22:07 - Form does not exist in current list of active forms
24/01/18_08:22:07 - Getting current active form's ID in the active forms list
24/01/18_08:22:07 - REFRESHING forms...
24/01/18_08:22:11 - REFRESHING forms...
24/01/18_08:22:12 - FORMHANDLER called...
24/01/18_08:22:12 - Form does not exist in current list of active forms
24/01/18_08:22:12 - Getting current active form's ID in the active forms list
24/01/18_08:22:12 - REFRESHING forms...
24/01/18_08:22:12 - Deserializing System.Collections.Generic.List`1[ExamPrepper.Classes.ExamFormData+Subject] to JSON data
24/01/18_08:22:23 - REFRESHING forms...
24/01/18_08:22:23 - FORMHANDLER called...
24/01/18_08:22:23 - Form does not exist in current list of active forms
24/01/18_08:22:23 - Getting current active form's ID in the active forms list
24/01/18_08:22:23 - REFRESHING forms...
24/01/18_08:22:23 - Deserializing System.Collections.Generic.List`1[ExamPrepper.Classes.ExamFormData+Subject] to JSON data
24/01/18_08:22:30 - REFRESHING forms...
24/01/18_08:22:32 - FORMHANDLER called...
24/01/18_08:22:32 - Form does not exist in current list of active forms
24/01/18_08:22:32 - Getting current active form's ID in the active forms list
24/01/18_08:22:32 - REFRESHING forms...
24/01/18_08:22:32 - Deserializing System.Collections.Generic.List`1[ExamPrepper.Classes.ExamFormData+Subject] to JSON data
24/01/18_08:22:32 - Deserializing System.Collections.Generic.List`1[ExamPrepper.Classes.ExamFormData+Subject] to JSON data
24/01/18_08:22:36 - FORMHANDLER called...
24/01/18_08:22:36 - Form does not exist in current list of active forms
24/01/18_08:22:36 - Getting current active form's ID in the active forms list
24/01/18_08:22:36 - REFRESHING forms...
24/01/18_08:42:01 - Deserializing System.Collections.Generic.List`1[ExamPrepper.Classes.ExamFormData+Subject] to JSON data
24/01/18_08:42:01 - FORMHANDLER called...
24/01/18_08:42:01 - Form does not exist in current list of active forms
24/01/18_08:42:38 - Getting current active form's ID in the active forms list
24/01/18_08:42:38 - REFRESHING forms...
24/01/18_08:42:42 - Deserializing System.Collections.Generic.List`1[ExamPrepper.Classes.ExamFormData+Subject] to JSON data
24/01/18_08:42:42 - FORMHANDLER called...
24/01/18_08:42:42 - Form does not exist in current list of active forms
24/01/18_08:42:43 - Getting current active form's ID in the active forms list
24/01/18_08:42:43 - REFRESHING forms...
24/01/18_08:42:45 - Deserializing System.Collections.Generic.List`1[ExamPrepper.Classes.ExamFormData+Subject] to JSON data
24/01/18_08:42:45 - FORMHANDLER called...
24/01/18_08:42:45 - Form does not exist in current list of active forms
24/01/18_08:42:46 - Getting current active form's ID in the active forms list
24/01/18_08:42:46 - REFRESHING forms...
24/01/18_08:42:48 - Deserializing System.Collections.Generic.List`1[ExamPrepper.Classes.ExamFormData+Subject] to JSON data
24/01/18_08:42:48 - FORMHANDLER called...
24/01/18_08:42:48 - Form does not exist in current list of active forms
24/01/18_08:42:51 - Getting current active form's ID in the active forms list
24/01/18_08:42:51 - REFRESHING forms...
24/01/18_08:43:30 - Deserializing System.Collections.Generic.List`1[ExamPrepper.Classes.ExamFormData+Subject] to JSON data
24/01/18_08:43:30 - FORMHANDLER called...
24/01/18_08:43:30 - Form does not exist in current list of active forms
24/01/18_08:43:36 - Getting current active form's ID in the active forms list
24/01/18_08:43:36 - REFRESHING forms...
24/01/18_08:43:41 - Deserializing System.Collections.Generic.List`1[ExamPrepper.Classes.ExamFormData+Subject] to JSON data
24/01/18_08:43:41 - FORMHANDLER called...
24/01/18_08:43:41 - Form does not exist in current list of active forms
24/01/18_08:43:47 - Getting current active form's ID in the active forms list
24/01/18_08:43:47 - REFRESHING forms...
