LOG FILE FOR 22/08/2023
===================================================
  Logging started
===================================================
================
   New Session  
================
23/08/22_02:07:45 - Checking for all required folders to exist...
23/08/22_02:07:45 - Serializing System.Collections.Generic.List`1[ExamPrepper.Classes.ExamFormData+Subject] to JSON data
23/08/22_02:07:45 - FORMHANDLER called...
23/08/22_02:07:45 - Form does not exist in current list of active forms
23/08/22_02:07:45 - Getting current active form's ID in the active forms list
23/08/22_02:07:45 - REFRESHING forms...
23/08/22_02:07:45 - App loaded with no errors!
23/08/22_02:07:48 - FORMHANDLER called...
23/08/22_02:07:48 - Form does not exist in current list of active forms
23/08/22_02:07:48 - Getting current active form's ID in the active forms list
23/08/22_02:07:48 - REFRESHING forms...
23/08/22_02:07:55 - REFRESHING forms...
23/08/22_02:07:58 - FORMHANDLER called...
23/08/22_02:07:58 - Form does not exist in current list of active forms
23/08/22_02:07:58 - Getting current active form's ID in the active forms list
23/08/22_02:07:58 - REFRESHING forms...
23/08/22_02:08:02 - REFRESHING forms...
23/08/22_02:08:04 - FORMHANDLER called...
23/08/22_02:08:04 - Form does not exist in current list of active forms
23/08/22_02:08:04 - Getting current active form's ID in the active forms list
23/08/22_02:08:04 - REFRESHING forms...
23/08/22_02:08:08 - REFRESHING forms...
23/08/22_02:08:09 - FORMHANDLER called...
23/08/22_02:08:09 - Form does not exist in current list of active forms
23/08/22_02:08:09 - Getting current active form's ID in the active forms list
23/08/22_02:08:09 - REFRESHING forms...
23/08/22_02:08:10 - REFRESHING forms...
23/08/22_02:08:10 - FORMHANDLER called...
23/08/22_02:08:10 - Form does not exist in current list of active forms
23/08/22_02:08:10 - Getting current active form's ID in the active forms list
23/08/22_02:08:10 - REFRESHING forms...
