LOG FILE FOR 14/08/2023
===================================================
  Logging started
===================================================
================
   New Session  
================
23/08/14_01:07:18 - Checking for all required folders to exist...
23/08/14_01:07:18 - FORMHANDLER called...
23/08/14_01:07:18 - Form does not exist in current list of active forms
23/08/14_01:07:18 - Getting current active form's ID in the active forms list
23/08/14_01:07:18 - REFRESHING forms...
23/08/14_01:07:18 - App loaded with no errors!
23/08/14_01:07:43 - FORMHANDLER called...
23/08/14_01:07:43 - Form does not exist in current list of active forms
23/08/14_01:07:43 - Getting current active form's ID in the active forms list
23/08/14_01:07:43 - REFRESHING forms...
23/08/14_01:07:43 - Deserializing ExamPrepper.Classes.ExamFormData+ExamTask to JSON data
23/08/14_01:07:44 - Deserializing ExamPrepper.Classes.ExamFormData+ExamTask to JSON data
23/08/14_01:07:44 - Deserializing ExamPrepper.Classes.ExamFormData+ExamTask to JSON data
23/08/14_01:07:44 - Deserializing ExamPrepper.Classes.ExamFormData+ExamTask to JSON data
23/08/14_01:07:44 - Deserializing ExamPrepper.Classes.ExamFormData+ExamTask to JSON data
23/08/14_01:07:44 - Deserializing ExamPrepper.Classes.ExamFormData+ExamTask to JSON data
23/08/14_01:07:44 - Deserializing ExamPrepper.Classes.ExamFormData+ExamTask to JSON data
23/08/14_01:07:44 - Deserializing ExamPrepper.Classes.ExamFormData+ExamTask to JSON data
23/08/14_01:07:44 - Deserializing ExamPrepper.Classes.ExamFormData+ExamTask to JSON data
23/08/14_01:07:44 - Deserializing ExamPrepper.Classes.ExamFormData+ExamTask to JSON data
23/08/14_01:07:44 - Deserializing System.Collections.Generic.List`1[ExamPrepper.Classes.ExamFormData+Subject] to JSON data
23/08/14_01:07:48 - FORMHANDLER called...
23/08/14_01:07:48 - Form does not exist in current list of active forms
23/08/14_01:07:48 - Getting current active form's ID in the active forms list
23/08/14_01:07:48 - REFRESHING forms...
23/08/14_01:07:49 - REFRESHING forms...
23/08/14_01:07:50 - REFRESHING forms...
================
   New Session  
================
23/08/14_01:07:52 - Checking for all required folders to exist...
23/08/14_01:07:52 - FORMHANDLER called...
23/08/14_01:07:52 - Form does not exist in current list of active forms
23/08/14_01:07:53 - Getting current active form's ID in the active forms list
23/08/14_01:07:53 - REFRESHING forms...
23/08/14_01:07:53 - App loaded with no errors!
23/08/14_01:08:25 - FORMHANDLER called...
23/08/14_01:08:25 - Form does not exist in current list of active forms
23/08/14_01:08:25 - Getting current active form's ID in the active forms list
23/08/14_01:08:25 - REFRESHING forms...
23/08/14_01:08:25 - Deserializing ExamPrepper.Classes.ExamFormData+ExamTask to JSON data
23/08/14_01:08:25 - Deserializing ExamPrepper.Classes.ExamFormData+ExamTask to JSON data
23/08/14_01:08:25 - Deserializing ExamPrepper.Classes.ExamFormData+ExamTask to JSON data
23/08/14_01:08:25 - Deserializing ExamPrepper.Classes.ExamFormData+ExamTask to JSON data
23/08/14_01:08:25 - Deserializing ExamPrepper.Classes.ExamFormData+ExamTask to JSON data
23/08/14_01:08:25 - Deserializing ExamPrepper.Classes.ExamFormData+ExamTask to JSON data
23/08/14_01:08:25 - Deserializing ExamPrepper.Classes.ExamFormData+ExamTask to JSON data
23/08/14_01:08:25 - Deserializing ExamPrepper.Classes.ExamFormData+ExamTask to JSON data
23/08/14_01:08:25 - Deserializing ExamPrepper.Classes.ExamFormData+ExamTask to JSON data
23/08/14_01:08:25 - Deserializing ExamPrepper.Classes.ExamFormData+ExamTask to JSON data
23/08/14_01:08:25 - Deserializing System.Collections.Generic.List`1[ExamPrepper.Classes.ExamFormData+Subject] to JSON data
23/08/14_01:08:27 - REFRESHING forms...
23/08/14_01:08:29 - FORMHANDLER called...
23/08/14_01:08:29 - Form does not exist in current list of active forms
23/08/14_01:08:29 - Getting current active form's ID in the active forms list
23/08/14_01:08:29 - REFRESHING forms...
23/08/14_01:08:29 - Deserializing ExamPrepper.Classes.ExamFormData+ExamTask to JSON data
23/08/14_01:08:29 - Deserializing ExamPrepper.Classes.ExamFormData+ExamTask to JSON data
23/08/14_01:08:29 - Deserializing ExamPrepper.Classes.ExamFormData+ExamTask to JSON data
23/08/14_01:08:29 - Deserializing ExamPrepper.Classes.ExamFormData+ExamTask to JSON data
23/08/14_01:08:29 - Deserializing ExamPrepper.Classes.ExamFormData+ExamTask to JSON data
23/08/14_01:08:29 - Deserializing ExamPrepper.Classes.ExamFormData+ExamTask to JSON data
23/08/14_01:08:29 - Deserializing ExamPrepper.Classes.ExamFormData+ExamTask to JSON data
23/08/14_01:08:29 - Deserializing ExamPrepper.Classes.ExamFormData+ExamTask to JSON data
23/08/14_01:08:29 - Deserializing ExamPrepper.Classes.ExamFormData+ExamTask to JSON data
23/08/14_01:08:29 - Deserializing ExamPrepper.Classes.ExamFormData+ExamTask to JSON data
23/08/14_01:08:29 - Deserializing System.Collections.Generic.List`1[ExamPrepper.Classes.ExamFormData+Subject] to JSON data
23/08/14_01:08:36 - REFRESHING forms...
23/08/14_01:08:40 - REFRESHING forms...
23/08/14_01:08:41 - FORMHANDLER called...
23/08/14_01:08:41 - Form exists in current list of active form (Selecting form to show from list).
23/08/14_01:08:41 - Getting current active form's ID in the active forms list
23/08/14_01:08:41 - REFRESHING forms...
23/08/14_01:08:41 - FORMHANDLER called...
23/08/14_01:08:41 - Form does not exist in current list of active forms
23/08/14_01:08:44 - Getting current active form's ID in the active forms list
23/08/14_01:08:44 - REFRESHING forms...
23/08/14_01:08:45 - FORMHANDLER called...
23/08/14_01:08:45 - Form does not exist in current list of active forms
23/08/14_01:08:51 - Getting current active form's ID in the active forms list
23/08/14_01:08:51 - REFRESHING forms...
23/08/14_01:09:31 - FORMHANDLER called...
23/08/14_01:09:31 - Force closing all current active forms.
23/08/14_01:09:31 - Force closing all current active forms.
23/08/14_01:09:31 - Form does not exist in current list of active forms
23/08/14_01:09:31 - Getting current active form's ID in the active forms list
23/08/14_01:09:31 - REFRESHING forms...
23/08/14_01:09:32 - Deserializing ExamPrepper.Classes.ExamFormData+Exam to JSON data
23/08/14_01:09:32 - Deserializing ExamPrepper.Classes.ExamFormData+Exam to JSON data
23/08/14_01:09:32 - FORMHANDLER called...
23/08/14_01:09:32 - Form does not exist in current list of active forms
23/08/14_01:09:32 - Deserializing System.Collections.Generic.List`1[ExamPrepper.Classes.ExamFormData+Subject] to JSON data
23/08/14_01:09:32 - Getting current active form's ID in the active forms list
23/08/14_01:09:32 - REFRESHING forms...
23/08/14_01:09:52 - FORMHANDLER called...
23/08/14_01:09:52 - Form does not exist in current list of active forms
23/08/14_01:10:21 - Getting current active form's ID in the active forms list
23/08/14_01:10:21 - REFRESHING forms...
23/08/14_01:10:21 - FORMHANDLER called...
23/08/14_01:10:21 - Form does not exist in current list of active forms
23/08/14_01:10:21 - Getting current active form's ID in the active forms list
23/08/14_01:10:21 - REFRESHING forms...
23/08/14_01:10:21 - FORMHANDLER called...
23/08/14_01:10:21 - Form does not exist in current list of active forms
23/08/14_01:10:21 - Getting current active form's ID in the active forms list
23/08/14_01:10:21 - REFRESHING forms...
23/08/14_01:10:21 - FORMHANDLER called...
23/08/14_01:10:21 - Form does not exist in current list of active forms
23/08/14_01:10:21 - Getting current active form's ID in the active forms list
23/08/14_01:10:21 - REFRESHING forms...
23/08/14_01:10:35 - REFRESHING forms...
23/08/14_01:10:36 - REFRESHING forms...
23/08/14_01:10:37 - REFRESHING forms...
23/08/14_01:10:37 - REFRESHING forms...
23/08/14_01:10:38 - REFRESHING forms...
23/08/14_01:10:38 - REFRESHING forms...
23/08/14_01:10:47 - REFRESHING forms...
23/08/14_01:10:47 - REFRESHING forms...
23/08/14_01:10:49 - REFRESHING forms...
23/08/14_01:10:49 - REFRESHING forms...
================
   New Session  
================
23/08/14_09:22:28 - Checking for all required folders to exist...
23/08/14_09:22:28 - FORMHANDLER called...
23/08/14_09:22:28 - Form does not exist in current list of active forms
23/08/14_09:22:28 - Getting current active form's ID in the active forms list
23/08/14_09:22:28 - REFRESHING forms...
23/08/14_09:22:28 - App loaded with no errors!
23/08/14_09:22:44 - FORMHANDLER called...
23/08/14_09:22:44 - Form does not exist in current list of active forms
23/08/14_09:22:44 - Getting current active form's ID in the active forms list
23/08/14_09:22:44 - REFRESHING forms...
23/08/14_09:22:44 - Deserializing ExamPrepper.Classes.ExamFormData+ExamTask to JSON data
23/08/14_09:22:44 - Deserializing ExamPrepper.Classes.ExamFormData+ExamTask to JSON data
23/08/14_09:22:44 - Deserializing ExamPrepper.Classes.ExamFormData+ExamTask to JSON data
23/08/14_09:22:44 - Deserializing ExamPrepper.Classes.ExamFormData+ExamTask to JSON data
23/08/14_09:22:44 - Deserializing ExamPrepper.Classes.ExamFormData+ExamTask to JSON data
23/08/14_09:22:44 - Deserializing ExamPrepper.Classes.ExamFormData+ExamTask to JSON data
23/08/14_09:22:44 - Deserializing ExamPrepper.Classes.ExamFormData+ExamTask to JSON data
23/08/14_09:22:44 - Deserializing ExamPrepper.Classes.ExamFormData+ExamTask to JSON data
23/08/14_09:22:44 - Deserializing ExamPrepper.Classes.ExamFormData+ExamTask to JSON data
23/08/14_09:22:44 - Deserializing ExamPrepper.Classes.ExamFormData+ExamTask to JSON data
23/08/14_09:22:44 - Deserializing System.Collections.Generic.List`1[ExamPrepper.Classes.ExamFormData+Subject] to JSON data
23/08/14_09:22:46 - REFRESHING forms...
23/08/14_09:22:50 - Deserializing ExamPrepper.Classes.ExamFormData+Exam to JSON data
23/08/14_09:22:50 - Deserializing ExamPrepper.Classes.ExamFormData+Exam to JSON data
23/08/14_09:22:50 - FORMHANDLER called...
23/08/14_09:22:50 - Form does not exist in current list of active forms
23/08/14_09:22:50 - Deserializing System.Collections.Generic.List`1[ExamPrepper.Classes.ExamFormData+Subject] to JSON data
23/08/14_09:22:50 - Getting current active form's ID in the active forms list
23/08/14_09:22:50 - REFRESHING forms...
23/08/14_09:22:51 - FORMHANDLER called...
23/08/14_09:22:51 - Form does not exist in current list of active forms
23/08/14_09:22:59 - Getting current active form's ID in the active forms list
23/08/14_09:22:59 - REFRESHING forms...
23/08/14_09:22:59 - FORMHANDLER called...
23/08/14_09:22:59 - Form does not exist in current list of active forms
23/08/14_09:22:59 - Getting current active form's ID in the active forms list
23/08/14_09:22:59 - REFRESHING forms...
23/08/14_09:22:59 - FORMHANDLER called...
23/08/14_09:22:59 - Form does not exist in current list of active forms
23/08/14_09:23:00 - Getting current active form's ID in the active forms list
23/08/14_09:23:00 - REFRESHING forms...
23/08/14_09:23:00 - FORMHANDLER called...
23/08/14_09:23:00 - Form does not exist in current list of active forms
23/08/14_09:23:00 - Getting current active form's ID in the active forms list
23/08/14_09:23:00 - REFRESHING forms...
23/08/14_09:23:03 - REFRESHING forms...
23/08/14_09:23:05 - REFRESHING forms...
23/08/14_09:23:06 - REFRESHING forms...
23/08/14_09:23:07 - REFRESHING forms...
================
   New Session  
================
23/08/14_09:25:54 - Checking for all required folders to exist...
23/08/14_09:25:54 - FORMHANDLER called...
23/08/14_09:25:54 - Form does not exist in current list of active forms
23/08/14_09:25:54 - Getting current active form's ID in the active forms list
23/08/14_09:25:54 - REFRESHING forms...
23/08/14_09:25:54 - App loaded with no errors!
23/08/14_09:26:03 - Deserializing ExamPrepper.Classes.ExamFormData+Exam to JSON data
23/08/14_09:26:03 - Deserializing ExamPrepper.Classes.ExamFormData+Exam to JSON data
23/08/14_09:26:03 - FORMHANDLER called...
23/08/14_09:26:03 - Form does not exist in current list of active forms
23/08/14_09:26:03 - Deserializing System.Collections.Generic.List`1[ExamPrepper.Classes.ExamFormData+Subject] to JSON data
23/08/14_09:26:03 - Getting current active form's ID in the active forms list
23/08/14_09:26:03 - REFRESHING forms...
23/08/14_09:26:04 - REFRESHING forms...
23/08/14_09:26:04 - FORMHANDLER called...
23/08/14_09:26:04 - Form does not exist in current list of active forms
23/08/14_09:26:04 - Getting current active form's ID in the active forms list
23/08/14_09:26:04 - REFRESHING forms...
23/08/14_09:26:04 - Deserializing ExamPrepper.Classes.ExamFormData+ExamTask to JSON data
23/08/14_09:26:04 - Deserializing ExamPrepper.Classes.ExamFormData+ExamTask to JSON data
23/08/14_09:26:04 - Deserializing ExamPrepper.Classes.ExamFormData+ExamTask to JSON data
23/08/14_09:26:04 - Deserializing ExamPrepper.Classes.ExamFormData+ExamTask to JSON data
23/08/14_09:26:04 - Deserializing ExamPrepper.Classes.ExamFormData+ExamTask to JSON data
23/08/14_09:26:04 - Deserializing ExamPrepper.Classes.ExamFormData+ExamTask to JSON data
23/08/14_09:26:04 - Deserializing ExamPrepper.Classes.ExamFormData+ExamTask to JSON data
23/08/14_09:26:04 - Deserializing ExamPrepper.Classes.ExamFormData+ExamTask to JSON data
23/08/14_09:26:04 - Deserializing ExamPrepper.Classes.ExamFormData+ExamTask to JSON data
23/08/14_09:26:04 - Deserializing ExamPrepper.Classes.ExamFormData+ExamTask to JSON data
23/08/14_09:26:04 - Deserializing System.Collections.Generic.List`1[ExamPrepper.Classes.ExamFormData+Subject] to JSON data
23/08/14_09:26:06 - FORMHANDLER called...
23/08/14_09:26:06 - Form does not exist in current list of active forms
23/08/14_09:26:08 - Getting current active form's ID in the active forms list
23/08/14_09:26:08 - REFRESHING forms...
23/08/14_09:26:09 - REFRESHING forms...
23/08/14_09:26:10 - REFRESHING forms...
23/08/14_09:26:13 - Deserializing ExamPrepper.Classes.ExamFormData+Exam to JSON data
23/08/14_09:26:13 - Deserializing ExamPrepper.Classes.ExamFormData+Exam to JSON data
23/08/14_09:26:13 - FORMHANDLER called...
23/08/14_09:26:13 - Form exists in current list of active form (Selecting form to show from list).
23/08/14_09:26:13 - Getting current active form's ID in the active forms list
23/08/14_09:26:13 - REFRESHING forms...
23/08/14_09:26:14 - REFRESHING forms...
23/08/14_09:26:15 - Deserializing ExamPrepper.Classes.ExamFormData+Exam to JSON data
23/08/14_09:26:15 - Deserializing ExamPrepper.Classes.ExamFormData+Exam to JSON data
23/08/14_09:26:15 - FORMHANDLER called...
23/08/14_09:26:15 - Form exists in current list of active form (Selecting form to show from list).
23/08/14_09:26:15 - Getting current active form's ID in the active forms list
23/08/14_09:26:15 - REFRESHING forms...
23/08/14_09:26:17 - FORMHANDLER called...
23/08/14_09:26:17 - Form does not exist in current list of active forms
23/08/14_09:26:33 - Getting current active form's ID in the active forms list
23/08/14_09:26:33 - REFRESHING forms...
23/08/14_09:26:33 - FORMHANDLER called...
23/08/14_09:26:33 - Form does not exist in current list of active forms
23/08/14_09:26:33 - Getting current active form's ID in the active forms list
23/08/14_09:26:33 - REFRESHING forms...
23/08/14_09:26:33 - FORMHANDLER called...
23/08/14_09:26:33 - Form does not exist in current list of active forms
23/08/14_09:26:33 - Getting current active form's ID in the active forms list
23/08/14_09:26:33 - REFRESHING forms...
23/08/14_09:26:33 - FORMHANDLER called...
23/08/14_09:26:33 - Form does not exist in current list of active forms
23/08/14_09:26:33 - Getting current active form's ID in the active forms list
23/08/14_09:26:33 - REFRESHING forms...
23/08/14_09:26:40 - REFRESHING forms...
23/08/14_09:26:40 - REFRESHING forms...
23/08/14_09:26:54 - REFRESHING forms...
23/08/14_09:26:56 - REFRESHING forms...
================
   New Session  
================
23/08/14_08:40:53 - Checking for all required folders to exist...
23/08/14_08:40:53 - FORMHANDLER called...
23/08/14_08:40:53 - Form does not exist in current list of active forms
23/08/14_08:40:53 - Getting current active form's ID in the active forms list
23/08/14_08:40:53 - REFRESHING forms...
23/08/14_08:40:53 - App loaded with no errors!
23/08/14_08:40:56 - Deserializing ExamPrepper.Classes.ExamFormData+Exam to JSON data
23/08/14_08:40:56 - Deserializing ExamPrepper.Classes.ExamFormData+Exam to JSON data
23/08/14_08:40:56 - FORMHANDLER called...
23/08/14_08:40:56 - Form does not exist in current list of active forms
23/08/14_08:40:56 - Deserializing System.Collections.Generic.List`1[ExamPrepper.Classes.ExamFormData+Subject] to JSON data
23/08/14_08:40:56 - Getting current active form's ID in the active forms list
23/08/14_08:40:56 - REFRESHING forms...
23/08/14_08:40:58 - FORMHANDLER called...
23/08/14_08:40:58 - Form does not exist in current list of active forms
================
   New Session  
================
23/08/14_08:45:46 - Checking for all required folders to exist...
23/08/14_08:45:46 - FORMHANDLER called...
23/08/14_08:45:46 - Form does not exist in current list of active forms
23/08/14_08:45:46 - Getting current active form's ID in the active forms list
23/08/14_08:45:46 - REFRESHING forms...
23/08/14_08:45:46 - App loaded with no errors!
23/08/14_08:45:50 - Deserializing ExamPrepper.Classes.ExamFormData+Exam to JSON data
23/08/14_08:45:50 - Deserializing ExamPrepper.Classes.ExamFormData+Exam to JSON data
23/08/14_08:45:50 - FORMHANDLER called...
23/08/14_08:45:50 - Form does not exist in current list of active forms
23/08/14_08:45:50 - Deserializing System.Collections.Generic.List`1[ExamPrepper.Classes.ExamFormData+Subject] to JSON data
23/08/14_08:45:50 - Getting current active form's ID in the active forms list
23/08/14_08:45:50 - REFRESHING forms...
23/08/14_08:45:51 - REFRESHING forms...
23/08/14_08:45:51 - FORMHANDLER called...
23/08/14_08:45:51 - Form does not exist in current list of active forms
23/08/14_08:45:51 - Getting current active form's ID in the active forms list
23/08/14_08:45:51 - REFRESHING forms...
23/08/14_08:45:51 - Deserializing ExamPrepper.Classes.ExamFormData+ExamTask to JSON data
23/08/14_08:45:51 - Deserializing ExamPrepper.Classes.ExamFormData+ExamTask to JSON data
23/08/14_08:45:51 - Deserializing ExamPrepper.Classes.ExamFormData+ExamTask to JSON data
23/08/14_08:45:51 - Deserializing ExamPrepper.Classes.ExamFormData+ExamTask to JSON data
23/08/14_08:45:51 - Deserializing ExamPrepper.Classes.ExamFormData+ExamTask to JSON data
23/08/14_08:45:51 - Deserializing ExamPrepper.Classes.ExamFormData+ExamTask to JSON data
23/08/14_08:45:51 - Deserializing ExamPrepper.Classes.ExamFormData+ExamTask to JSON data
23/08/14_08:45:51 - Deserializing ExamPrepper.Classes.ExamFormData+ExamTask to JSON data
23/08/14_08:45:51 - Deserializing ExamPrepper.Classes.ExamFormData+ExamTask to JSON data
23/08/14_08:45:51 - Deserializing ExamPrepper.Classes.ExamFormData+ExamTask to JSON data
23/08/14_08:45:51 - Deserializing System.Collections.Generic.List`1[ExamPrepper.Classes.ExamFormData+Subject] to JSON data
23/08/14_08:45:53 - REFRESHING forms...
================
   New Session  
================
23/08/14_08:45:59 - Checking for all required folders to exist...
23/08/14_08:45:59 - FORMHANDLER called...
23/08/14_08:45:59 - Form does not exist in current list of active forms
23/08/14_08:45:59 - Getting current active form's ID in the active forms list
23/08/14_08:45:59 - REFRESHING forms...
23/08/14_08:45:59 - App loaded with no errors!
23/08/14_08:46:03 - Deserializing ExamPrepper.Classes.ExamFormData+Exam to JSON data
23/08/14_08:46:03 - Deserializing ExamPrepper.Classes.ExamFormData+Exam to JSON data
23/08/14_08:46:03 - FORMHANDLER called...
23/08/14_08:46:03 - Form does not exist in current list of active forms
23/08/14_08:46:03 - Deserializing System.Collections.Generic.List`1[ExamPrepper.Classes.ExamFormData+Subject] to JSON data
23/08/14_08:46:03 - Getting current active form's ID in the active forms list
23/08/14_08:46:03 - REFRESHING forms...
23/08/14_08:46:05 - FORMHANDLER called...
23/08/14_08:46:05 - Form does not exist in current list of active forms
================
   New Session  
================
23/08/14_08:46:25 - Checking for all required folders to exist...
23/08/14_08:46:25 - FORMHANDLER called...
23/08/14_08:46:25 - Form does not exist in current list of active forms
23/08/14_08:46:25 - Getting current active form's ID in the active forms list
23/08/14_08:46:25 - REFRESHING forms...
23/08/14_08:46:25 - App loaded with no errors!
23/08/14_08:46:26 - FORMHANDLER called...
23/08/14_08:46:26 - Form does not exist in current list of active forms
23/08/14_08:46:26 - Getting current active form's ID in the active forms list
23/08/14_08:46:26 - REFRESHING forms...
23/08/14_08:46:26 - Deserializing ExamPrepper.Classes.ExamFormData+ExamTask to JSON data
23/08/14_08:46:26 - Deserializing ExamPrepper.Classes.ExamFormData+ExamTask to JSON data
23/08/14_08:46:26 - Deserializing ExamPrepper.Classes.ExamFormData+ExamTask to JSON data
23/08/14_08:46:26 - Deserializing ExamPrepper.Classes.ExamFormData+ExamTask to JSON data
23/08/14_08:46:26 - Deserializing ExamPrepper.Classes.ExamFormData+ExamTask to JSON data
23/08/14_08:46:26 - Deserializing ExamPrepper.Classes.ExamFormData+ExamTask to JSON data
23/08/14_08:46:26 - Deserializing ExamPrepper.Classes.ExamFormData+ExamTask to JSON data
23/08/14_08:46:26 - Deserializing ExamPrepper.Classes.ExamFormData+ExamTask to JSON data
23/08/14_08:46:26 - Deserializing ExamPrepper.Classes.ExamFormData+ExamTask to JSON data
23/08/14_08:46:26 - Deserializing ExamPrepper.Classes.ExamFormData+ExamTask to JSON data
23/08/14_08:46:26 - Deserializing System.Collections.Generic.List`1[ExamPrepper.Classes.ExamFormData+Subject] to JSON data
23/08/14_08:46:36 - REFRESHING forms...
23/08/14_08:46:37 - Deserializing ExamPrepper.Classes.ExamFormData+Exam to JSON data
23/08/14_08:46:37 - Deserializing ExamPrepper.Classes.ExamFormData+Exam to JSON data
23/08/14_08:46:37 - FORMHANDLER called...
23/08/14_08:46:37 - Form does not exist in current list of active forms
23/08/14_08:46:37 - Deserializing System.Collections.Generic.List`1[ExamPrepper.Classes.ExamFormData+Subject] to JSON data
23/08/14_08:46:37 - Getting current active form's ID in the active forms list
23/08/14_08:46:37 - REFRESHING forms...
23/08/14_08:46:38 - FORMHANDLER called...
23/08/14_08:46:38 - Form does not exist in current list of active forms
================
   New Session  
================
23/08/14_08:47:11 - Checking for all required folders to exist...
23/08/14_08:47:11 - FORMHANDLER called...
23/08/14_08:47:11 - Form does not exist in current list of active forms
23/08/14_08:47:11 - Getting current active form's ID in the active forms list
23/08/14_08:47:11 - REFRESHING forms...
23/08/14_08:47:11 - App loaded with no errors!
23/08/14_08:47:12 - Deserializing ExamPrepper.Classes.ExamFormData+Exam to JSON data
23/08/14_08:47:12 - Deserializing ExamPrepper.Classes.ExamFormData+Exam to JSON data
23/08/14_08:47:12 - FORMHANDLER called...
23/08/14_08:47:12 - Form does not exist in current list of active forms
23/08/14_08:47:12 - Deserializing System.Collections.Generic.List`1[ExamPrepper.Classes.ExamFormData+Subject] to JSON data
23/08/14_08:47:12 - Getting current active form's ID in the active forms list
23/08/14_08:47:12 - REFRESHING forms...
23/08/14_08:47:13 - FORMHANDLER called...
23/08/14_08:47:13 - Form does not exist in current list of active forms
================
   New Session  
================
23/08/14_08:48:56 - Checking for all required folders to exist...
23/08/14_08:48:56 - FORMHANDLER called...
23/08/14_08:48:56 - Form does not exist in current list of active forms
23/08/14_08:48:56 - Getting current active form's ID in the active forms list
23/08/14_08:48:56 - REFRESHING forms...
23/08/14_08:48:56 - App loaded with no errors!
23/08/14_08:48:59 - Deserializing ExamPrepper.Classes.ExamFormData+Exam to JSON data
23/08/14_08:48:59 - Deserializing ExamPrepper.Classes.ExamFormData+Exam to JSON data
23/08/14_08:48:59 - FORMHANDLER called...
23/08/14_08:48:59 - Form does not exist in current list of active forms
23/08/14_08:48:59 - Deserializing System.Collections.Generic.List`1[ExamPrepper.Classes.ExamFormData+Subject] to JSON data
23/08/14_08:48:59 - Getting current active form's ID in the active forms list
23/08/14_08:48:59 - REFRESHING forms...
23/08/14_08:49:04 - FORMHANDLER called...
23/08/14_08:49:04 - Form does not exist in current list of active forms
================
   New Session  
================
23/08/14_08:50:35 - Checking for all required folders to exist...
23/08/14_08:50:35 - FORMHANDLER called...
23/08/14_08:50:35 - Form does not exist in current list of active forms
23/08/14_08:50:35 - Getting current active form's ID in the active forms list
23/08/14_08:50:35 - REFRESHING forms...
23/08/14_08:50:35 - App loaded with no errors!
23/08/14_08:51:04 - Deserializing ExamPrepper.Classes.ExamFormData+Exam to JSON data
23/08/14_08:51:04 - Deserializing ExamPrepper.Classes.ExamFormData+Exam to JSON data
23/08/14_08:51:04 - FORMHANDLER called...
23/08/14_08:51:04 - Form does not exist in current list of active forms
23/08/14_08:51:04 - Deserializing System.Collections.Generic.List`1[ExamPrepper.Classes.ExamFormData+Subject] to JSON data
23/08/14_08:51:04 - Getting current active form's ID in the active forms list
23/08/14_08:51:04 - REFRESHING forms...
23/08/14_08:51:05 - FORMHANDLER called...
23/08/14_08:51:05 - Form does not exist in current list of active forms
================
   New Session  
================
23/08/14_08:58:02 - Checking for all required folders to exist...
23/08/14_08:58:02 - FORMHANDLER called...
23/08/14_08:58:02 - Form does not exist in current list of active forms
23/08/14_08:58:02 - Getting current active form's ID in the active forms list
23/08/14_08:58:02 - REFRESHING forms...
23/08/14_08:58:02 - App loaded with no errors!
23/08/14_08:58:03 - Deserializing ExamPrepper.Classes.ExamFormData+Exam to JSON data
23/08/14_08:58:03 - Deserializing ExamPrepper.Classes.ExamFormData+Exam to JSON data
23/08/14_08:58:03 - FORMHANDLER called...
23/08/14_08:58:03 - Form does not exist in current list of active forms
23/08/14_08:58:03 - Deserializing System.Collections.Generic.List`1[ExamPrepper.Classes.ExamFormData+Subject] to JSON data
23/08/14_08:58:03 - Getting current active form's ID in the active forms list
23/08/14_08:58:03 - REFRESHING forms...
23/08/14_08:58:05 - FORMHANDLER called...
23/08/14_08:58:05 - Form does not exist in current list of active forms
================
   New Session  
================
23/08/14_08:59:00 - Checking for all required folders to exist...
23/08/14_08:59:00 - FORMHANDLER called...
23/08/14_08:59:00 - Form does not exist in current list of active forms
23/08/14_08:59:00 - Getting current active form's ID in the active forms list
23/08/14_08:59:00 - REFRESHING forms...
23/08/14_08:59:00 - App loaded with no errors!
23/08/14_08:59:03 - Deserializing ExamPrepper.Classes.ExamFormData+Exam to JSON data
23/08/14_08:59:03 - Deserializing ExamPrepper.Classes.ExamFormData+Exam to JSON data
23/08/14_08:59:03 - FORMHANDLER called...
23/08/14_08:59:03 - Form does not exist in current list of active forms
23/08/14_08:59:03 - Deserializing System.Collections.Generic.List`1[ExamPrepper.Classes.ExamFormData+Subject] to JSON data
23/08/14_08:59:03 - Getting current active form's ID in the active forms list
23/08/14_08:59:03 - REFRESHING forms...
23/08/14_08:59:08 - FORMHANDLER called...
23/08/14_08:59:08 - Form does not exist in current list of active forms
================
   New Session  
================
23/08/14_09:31:15 - Checking for all required folders to exist...
23/08/14_09:31:15 - FORMHANDLER called...
23/08/14_09:31:15 - Form does not exist in current list of active forms
23/08/14_09:31:15 - Getting current active form's ID in the active forms list
23/08/14_09:31:15 - REFRESHING forms...
23/08/14_09:31:15 - App loaded with no errors!
23/08/14_09:31:19 - Deserializing ExamPrepper.Classes.ExamFormData+Exam to JSON data
23/08/14_09:31:19 - Deserializing ExamPrepper.Classes.ExamFormData+Exam to JSON data
23/08/14_09:31:19 - FORMHANDLER called...
23/08/14_09:31:19 - Form does not exist in current list of active forms
23/08/14_09:31:19 - Deserializing System.Collections.Generic.List`1[ExamPrepper.Classes.ExamFormData+Subject] to JSON data
23/08/14_09:31:19 - Getting current active form's ID in the active forms list
23/08/14_09:31:19 - REFRESHING forms...
23/08/14_09:31:38 - FORMHANDLER called...
23/08/14_09:31:38 - Form does not exist in current list of active forms
================
   New Session  
================
23/08/14_09:43:24 - Checking for all required folders to exist...
23/08/14_09:43:24 - FORMHANDLER called...
23/08/14_09:43:24 - Form does not exist in current list of active forms
23/08/14_09:43:24 - Getting current active form's ID in the active forms list
23/08/14_09:43:24 - REFRESHING forms...
23/08/14_09:43:24 - App loaded with no errors!
23/08/14_09:43:26 - Deserializing ExamPrepper.Classes.ExamFormData+Exam to JSON data
23/08/14_09:43:26 - Deserializing ExamPrepper.Classes.ExamFormData+Exam to JSON data
23/08/14_09:43:26 - FORMHANDLER called...
23/08/14_09:43:26 - Form does not exist in current list of active forms
23/08/14_09:43:26 - Deserializing System.Collections.Generic.List`1[ExamPrepper.Classes.ExamFormData+Subject] to JSON data
23/08/14_09:43:26 - Getting current active form's ID in the active forms list
23/08/14_09:43:26 - REFRESHING forms...
23/08/14_09:43:27 - FORMHANDLER called...
23/08/14_09:43:27 - Form does not exist in current list of active forms
================
   New Session  
================
23/08/14_09:45:12 - Checking for all required folders to exist...
23/08/14_09:45:12 - FORMHANDLER called...
23/08/14_09:45:12 - Form does not exist in current list of active forms
23/08/14_09:45:13 - Getting current active form's ID in the active forms list
23/08/14_09:45:13 - REFRESHING forms...
23/08/14_09:45:13 - App loaded with no errors!
23/08/14_09:45:17 - Deserializing ExamPrepper.Classes.ExamFormData+Exam to JSON data
23/08/14_09:45:17 - Deserializing ExamPrepper.Classes.ExamFormData+Exam to JSON data
23/08/14_09:45:17 - FORMHANDLER called...
23/08/14_09:45:17 - Form does not exist in current list of active forms
23/08/14_09:45:17 - Deserializing System.Collections.Generic.List`1[ExamPrepper.Classes.ExamFormData+Subject] to JSON data
23/08/14_09:45:17 - Getting current active form's ID in the active forms list
23/08/14_09:45:17 - REFRESHING forms...
23/08/14_09:45:23 - FORMHANDLER called...
23/08/14_09:45:23 - Form does not exist in current list of active forms
================
   New Session  
================
23/08/14_09:46:30 - Checking for all required folders to exist...
23/08/14_09:46:30 - FORMHANDLER called...
23/08/14_09:46:30 - Form does not exist in current list of active forms
23/08/14_09:46:30 - Getting current active form's ID in the active forms list
23/08/14_09:46:30 - REFRESHING forms...
23/08/14_09:46:30 - App loaded with no errors!
23/08/14_09:46:36 - Deserializing ExamPrepper.Classes.ExamFormData+Exam to JSON data
23/08/14_09:46:37 - Deserializing ExamPrepper.Classes.ExamFormData+Exam to JSON data
23/08/14_09:46:37 - FORMHANDLER called...
23/08/14_09:46:37 - Form does not exist in current list of active forms
23/08/14_09:46:37 - Deserializing System.Collections.Generic.List`1[ExamPrepper.Classes.ExamFormData+Subject] to JSON data
23/08/14_09:46:37 - Getting current active form's ID in the active forms list
23/08/14_09:46:37 - REFRESHING forms...
23/08/14_09:46:38 - FORMHANDLER called...
23/08/14_09:46:38 - Form does not exist in current list of active forms
================
   New Session  
================
23/08/14_09:48:07 - Checking for all required folders to exist...
23/08/14_09:48:07 - FORMHANDLER called...
23/08/14_09:48:07 - Form does not exist in current list of active forms
23/08/14_09:48:07 - Getting current active form's ID in the active forms list
23/08/14_09:48:07 - REFRESHING forms...
23/08/14_09:48:07 - App loaded with no errors!
23/08/14_09:48:20 - Deserializing ExamPrepper.Classes.ExamFormData+Exam to JSON data
23/08/14_09:48:20 - Deserializing ExamPrepper.Classes.ExamFormData+Exam to JSON data
23/08/14_09:48:20 - FORMHANDLER called...
23/08/14_09:48:20 - Form does not exist in current list of active forms
23/08/14_09:48:20 - Deserializing System.Collections.Generic.List`1[ExamPrepper.Classes.ExamFormData+Subject] to JSON data
23/08/14_09:48:20 - Getting current active form's ID in the active forms list
23/08/14_09:48:20 - REFRESHING forms...
23/08/14_09:48:21 - FORMHANDLER called...
23/08/14_09:48:21 - Form does not exist in current list of active forms
================
   New Session  
================
23/08/14_09:48:54 - Checking for all required folders to exist...
23/08/14_09:48:54 - FORMHANDLER called...
23/08/14_09:48:54 - Form does not exist in current list of active forms
23/08/14_09:48:54 - Getting current active form's ID in the active forms list
23/08/14_09:48:54 - REFRESHING forms...
23/08/14_09:48:54 - App loaded with no errors!
23/08/14_09:48:55 - Deserializing ExamPrepper.Classes.ExamFormData+Exam to JSON data
23/08/14_09:48:55 - Deserializing ExamPrepper.Classes.ExamFormData+Exam to JSON data
23/08/14_09:48:55 - FORMHANDLER called...
23/08/14_09:48:55 - Form does not exist in current list of active forms
23/08/14_09:48:55 - Deserializing System.Collections.Generic.List`1[ExamPrepper.Classes.ExamFormData+Subject] to JSON data
23/08/14_09:48:55 - Getting current active form's ID in the active forms list
23/08/14_09:48:55 - REFRESHING forms...
23/08/14_09:48:56 - FORMHANDLER called...
23/08/14_09:48:56 - Form does not exist in current list of active forms
================
   New Session  
================
23/08/14_09:49:31 - Checking for all required folders to exist...
23/08/14_09:49:31 - FORMHANDLER called...
23/08/14_09:49:31 - Form does not exist in current list of active forms
23/08/14_09:49:31 - Getting current active form's ID in the active forms list
23/08/14_09:49:31 - REFRESHING forms...
23/08/14_09:49:31 - App loaded with no errors!
23/08/14_09:49:38 - Deserializing ExamPrepper.Classes.ExamFormData+Exam to JSON data
23/08/14_09:49:38 - Deserializing ExamPrepper.Classes.ExamFormData+Exam to JSON data
23/08/14_09:49:38 - FORMHANDLER called...
23/08/14_09:49:38 - Form does not exist in current list of active forms
23/08/14_09:49:38 - Deserializing System.Collections.Generic.List`1[ExamPrepper.Classes.ExamFormData+Subject] to JSON data
23/08/14_09:49:38 - Getting current active form's ID in the active forms list
23/08/14_09:49:38 - REFRESHING forms...
23/08/14_09:49:41 - FORMHANDLER called...
23/08/14_09:49:41 - Form does not exist in current list of active forms
================
   New Session  
================
23/08/14_09:50:44 - Checking for all required folders to exist...
23/08/14_09:50:44 - FORMHANDLER called...
23/08/14_09:50:44 - Form does not exist in current list of active forms
23/08/14_09:50:44 - Getting current active form's ID in the active forms list
23/08/14_09:50:44 - REFRESHING forms...
23/08/14_09:50:44 - App loaded with no errors!
23/08/14_09:50:46 - Deserializing ExamPrepper.Classes.ExamFormData+Exam to JSON data
23/08/14_09:50:46 - Deserializing ExamPrepper.Classes.ExamFormData+Exam to JSON data
23/08/14_09:50:46 - FORMHANDLER called...
23/08/14_09:50:46 - Form does not exist in current list of active forms
23/08/14_09:50:46 - Deserializing System.Collections.Generic.List`1[ExamPrepper.Classes.ExamFormData+Subject] to JSON data
23/08/14_09:50:47 - Getting current active form's ID in the active forms list
23/08/14_09:50:47 - REFRESHING forms...
23/08/14_09:50:48 - FORMHANDLER called...
23/08/14_09:50:48 - Form does not exist in current list of active forms
================
   New Session  
================
23/08/14_09:51:22 - Checking for all required folders to exist...
23/08/14_09:51:22 - FORMHANDLER called...
23/08/14_09:51:22 - Form does not exist in current list of active forms
23/08/14_09:51:22 - Getting current active form's ID in the active forms list
23/08/14_09:51:22 - REFRESHING forms...
23/08/14_09:51:22 - App loaded with no errors!
23/08/14_09:51:24 - Deserializing ExamPrepper.Classes.ExamFormData+Exam to JSON data
23/08/14_09:51:24 - Deserializing ExamPrepper.Classes.ExamFormData+Exam to JSON data
23/08/14_09:51:24 - FORMHANDLER called...
23/08/14_09:51:24 - Form does not exist in current list of active forms
23/08/14_09:51:24 - Deserializing System.Collections.Generic.List`1[ExamPrepper.Classes.ExamFormData+Subject] to JSON data
23/08/14_09:51:24 - Getting current active form's ID in the active forms list
23/08/14_09:51:24 - REFRESHING forms...
23/08/14_09:51:26 - FORMHANDLER called...
23/08/14_09:51:26 - Form does not exist in current list of active forms
================
   New Session  
================
23/08/14_09:52:38 - Checking for all required folders to exist...
23/08/14_09:52:38 - FORMHANDLER called...
23/08/14_09:52:38 - Form does not exist in current list of active forms
23/08/14_09:52:38 - Getting current active form's ID in the active forms list
23/08/14_09:52:38 - REFRESHING forms...
23/08/14_09:52:38 - App loaded with no errors!
23/08/14_09:52:39 - Deserializing ExamPrepper.Classes.ExamFormData+Exam to JSON data
23/08/14_09:52:39 - Deserializing ExamPrepper.Classes.ExamFormData+Exam to JSON data
23/08/14_09:52:39 - FORMHANDLER called...
23/08/14_09:52:39 - Form does not exist in current list of active forms
23/08/14_09:52:39 - Deserializing System.Collections.Generic.List`1[ExamPrepper.Classes.ExamFormData+Subject] to JSON data
23/08/14_09:52:39 - Getting current active form's ID in the active forms list
23/08/14_09:52:39 - REFRESHING forms...
23/08/14_09:52:40 - FORMHANDLER called...
23/08/14_09:52:40 - Form does not exist in current list of active forms
================
   New Session  
================
23/08/14_09:55:10 - Checking for all required folders to exist...
23/08/14_09:55:10 - FORMHANDLER called...
23/08/14_09:55:10 - Form does not exist in current list of active forms
23/08/14_09:55:10 - Getting current active form's ID in the active forms list
23/08/14_09:55:10 - REFRESHING forms...
23/08/14_09:55:10 - App loaded with no errors!
23/08/14_09:55:14 - Deserializing ExamPrepper.Classes.ExamFormData+Exam to JSON data
23/08/14_09:55:14 - Deserializing ExamPrepper.Classes.ExamFormData+Exam to JSON data
23/08/14_09:55:14 - FORMHANDLER called...
23/08/14_09:55:14 - Form does not exist in current list of active forms
23/08/14_09:55:14 - Deserializing System.Collections.Generic.List`1[ExamPrepper.Classes.ExamFormData+Subject] to JSON data
23/08/14_09:55:14 - Getting current active form's ID in the active forms list
23/08/14_09:55:14 - REFRESHING forms...
23/08/14_09:55:16 - FORMHANDLER called...
23/08/14_09:55:16 - Form does not exist in current list of active forms
================
   New Session  
================
23/08/14_09:58:54 - Checking for all required folders to exist...
23/08/14_09:58:54 - FORMHANDLER called...
23/08/14_09:58:54 - Form does not exist in current list of active forms
23/08/14_09:58:54 - Getting current active form's ID in the active forms list
23/08/14_09:58:54 - REFRESHING forms...
23/08/14_09:58:54 - App loaded with no errors!
23/08/14_09:58:55 - Deserializing ExamPrepper.Classes.ExamFormData+Exam to JSON data
23/08/14_09:58:55 - Deserializing ExamPrepper.Classes.ExamFormData+Exam to JSON data
23/08/14_09:58:55 - FORMHANDLER called...
23/08/14_09:58:55 - Form does not exist in current list of active forms
23/08/14_09:58:55 - Deserializing System.Collections.Generic.List`1[ExamPrepper.Classes.ExamFormData+Subject] to JSON data
23/08/14_09:58:55 - Getting current active form's ID in the active forms list
23/08/14_09:58:55 - REFRESHING forms...
23/08/14_09:58:57 - FORMHANDLER called...
23/08/14_09:58:57 - Form does not exist in current list of active forms
================
   New Session  
================
23/08/14_09:59:31 - Checking for all required folders to exist...
23/08/14_09:59:32 - FORMHANDLER called...
23/08/14_09:59:32 - Form does not exist in current list of active forms
23/08/14_09:59:32 - Getting current active form's ID in the active forms list
23/08/14_09:59:32 - REFRESHING forms...
23/08/14_09:59:32 - App loaded with no errors!
23/08/14_09:59:40 - Deserializing ExamPrepper.Classes.ExamFormData+Exam to JSON data
23/08/14_09:59:40 - Deserializing ExamPrepper.Classes.ExamFormData+Exam to JSON data
23/08/14_09:59:40 - FORMHANDLER called...
23/08/14_09:59:40 - Form does not exist in current list of active forms
23/08/14_09:59:40 - Deserializing System.Collections.Generic.List`1[ExamPrepper.Classes.ExamFormData+Subject] to JSON data
23/08/14_09:59:40 - Getting current active form's ID in the active forms list
23/08/14_09:59:40 - REFRESHING forms...
23/08/14_09:59:41 - FORMHANDLER called...
23/08/14_09:59:41 - Form does not exist in current list of active forms
23/08/14_09:59:44 - Getting current active form's ID in the active forms list
23/08/14_09:59:44 - REFRESHING forms...
23/08/14_09:59:44 - FORMHANDLER called...
23/08/14_09:59:44 - Form does not exist in current list of active forms
23/08/14_09:59:44 - Getting current active form's ID in the active forms list
23/08/14_09:59:44 - REFRESHING forms...
23/08/14_09:59:44 - FORMHANDLER called...
23/08/14_09:59:44 - Form does not exist in current list of active forms
23/08/14_09:59:44 - Getting current active form's ID in the active forms list
23/08/14_09:59:44 - REFRESHING forms...
23/08/14_09:59:44 - FORMHANDLER called...
23/08/14_09:59:44 - Form does not exist in current list of active forms
23/08/14_09:59:44 - Getting current active form's ID in the active forms list
23/08/14_09:59:44 - REFRESHING forms...
23/08/14_09:59:46 - REFRESHING forms...
23/08/14_09:59:47 - REFRESHING forms...
================
   New Session  
================
23/08/14_11:26:36 - Checking for all required folders to exist...
23/08/14_11:26:36 - FORMHANDLER called...
23/08/14_11:26:36 - Form does not exist in current list of active forms
23/08/14_11:26:36 - Getting current active form's ID in the active forms list
23/08/14_11:26:36 - REFRESHING forms...
23/08/14_11:26:36 - App loaded with no errors!
23/08/14_11:26:38 - Deserializing ExamPrepper.Classes.ExamFormData+Exam to JSON data
23/08/14_11:26:38 - Deserializing ExamPrepper.Classes.ExamFormData+Exam to JSON data
23/08/14_11:26:38 - FORMHANDLER called...
23/08/14_11:26:38 - Form does not exist in current list of active forms
23/08/14_11:26:38 - Deserializing System.Collections.Generic.List`1[ExamPrepper.Classes.ExamFormData+Subject] to JSON data
23/08/14_11:26:38 - Getting current active form's ID in the active forms list
23/08/14_11:26:38 - REFRESHING forms...
23/08/14_11:26:40 - FORMHANDLER called...
23/08/14_11:26:40 - Form does not exist in current list of active forms
23/08/14_11:26:41 - Getting current active form's ID in the active forms list
23/08/14_11:26:41 - REFRESHING forms...
23/08/14_11:26:41 - FORMHANDLER called...
23/08/14_11:26:41 - Form does not exist in current list of active forms
23/08/14_11:26:41 - Getting current active form's ID in the active forms list
23/08/14_11:26:41 - REFRESHING forms...
23/08/14_11:26:41 - FORMHANDLER called...
23/08/14_11:26:41 - Form does not exist in current list of active forms
23/08/14_11:26:41 - Getting current active form's ID in the active forms list
23/08/14_11:26:41 - REFRESHING forms...
23/08/14_11:26:41 - FORMHANDLER called...
23/08/14_11:26:41 - Form does not exist in current list of active forms
23/08/14_11:26:41 - Getting current active form's ID in the active forms list
23/08/14_11:26:41 - REFRESHING forms...
23/08/14_11:26:43 - REFRESHING forms...
23/08/14_11:26:45 - REFRESHING forms...
23/08/14_11:26:48 - FORMHANDLER called...
23/08/14_11:26:48 - Force closing all current active forms.
23/08/14_11:26:48 - Force closing all current active forms.
23/08/14_11:26:48 - Force closing all current active forms.
23/08/14_11:26:48 - Force closing all current active forms.
23/08/14_11:26:48 - Force closing all current active forms.
23/08/14_11:26:48 - Form does not exist in current list of active forms
23/08/14_11:26:48 - Getting current active form's ID in the active forms list
23/08/14_11:26:48 - REFRESHING forms...
23/08/14_11:26:49 - FORMHANDLER called...
23/08/14_11:26:49 - Form does not exist in current list of active forms
23/08/14_11:26:49 - Getting current active form's ID in the active forms list
23/08/14_11:26:49 - REFRESHING forms...
23/08/14_11:26:49 - Deserializing ExamPrepper.Classes.ExamFormData+ExamTask to JSON data
23/08/14_11:26:49 - Deserializing ExamPrepper.Classes.ExamFormData+ExamTask to JSON data
23/08/14_11:26:49 - Deserializing ExamPrepper.Classes.ExamFormData+ExamTask to JSON data
23/08/14_11:26:49 - Deserializing ExamPrepper.Classes.ExamFormData+ExamTask to JSON data
23/08/14_11:26:49 - Deserializing ExamPrepper.Classes.ExamFormData+ExamTask to JSON data
23/08/14_11:26:49 - Deserializing ExamPrepper.Classes.ExamFormData+ExamTask to JSON data
23/08/14_11:26:49 - Deserializing ExamPrepper.Classes.ExamFormData+ExamTask to JSON data
23/08/14_11:26:49 - Deserializing ExamPrepper.Classes.ExamFormData+ExamTask to JSON data
23/08/14_11:26:49 - Deserializing ExamPrepper.Classes.ExamFormData+ExamTask to JSON data
23/08/14_11:26:49 - Deserializing ExamPrepper.Classes.ExamFormData+ExamTask to JSON data
23/08/14_11:26:49 - Deserializing System.Collections.Generic.List`1[ExamPrepper.Classes.ExamFormData+Subject] to JSON data
23/08/14_11:26:52 - REFRESHING forms...
23/08/14_11:26:53 - FORMHANDLER called...
23/08/14_11:26:53 - Form does not exist in current list of active forms
23/08/14_11:26:53 - Getting current active form's ID in the active forms list
23/08/14_11:26:53 - REFRESHING forms...
23/08/14_11:26:53 - Deserializing ExamPrepper.Classes.ExamFormData+ExamTask to JSON data
23/08/14_11:26:53 - Deserializing ExamPrepper.Classes.ExamFormData+ExamTask to JSON data
23/08/14_11:26:53 - Deserializing ExamPrepper.Classes.ExamFormData+ExamTask to JSON data
23/08/14_11:26:53 - Deserializing ExamPrepper.Classes.ExamFormData+ExamTask to JSON data
23/08/14_11:26:53 - Deserializing ExamPrepper.Classes.ExamFormData+ExamTask to JSON data
23/08/14_11:26:53 - Deserializing ExamPrepper.Classes.ExamFormData+ExamTask to JSON data
23/08/14_11:26:53 - Deserializing ExamPrepper.Classes.ExamFormData+ExamTask to JSON data
23/08/14_11:26:53 - Deserializing ExamPrepper.Classes.ExamFormData+ExamTask to JSON data
23/08/14_11:26:53 - Deserializing ExamPrepper.Classes.ExamFormData+ExamTask to JSON data
23/08/14_11:26:53 - Deserializing ExamPrepper.Classes.ExamFormData+ExamTask to JSON data
23/08/14_11:26:53 - Deserializing System.Collections.Generic.List`1[ExamPrepper.Classes.ExamFormData+Subject] to JSON data
23/08/14_11:26:56 - FORMHANDLER called...
23/08/14_11:26:56 - Form does not exist in current list of active forms
23/08/14_11:26:56 - Deserializing System.Collections.Generic.List`1[ExamPrepper.Classes.ExamFormData+Subject] to JSON data
23/08/14_11:27:00 - Getting current active form's ID in the active forms list
23/08/14_11:27:00 - REFRESHING forms...
23/08/14_11:27:09 - Serializing ExamPrepper.Classes.ExamFormData+Exam to JSON data
23/08/14_11:27:11 - FORMHANDLER called...
23/08/14_11:27:11 - Force closing all current active forms.
23/08/14_11:27:11 - Force closing all current active forms.
23/08/14_11:27:11 - Form does not exist in current list of active forms
23/08/14_11:27:11 - Getting current active form's ID in the active forms list
23/08/14_11:27:11 - REFRESHING forms...
23/08/14_11:27:12 - Deserializing ExamPrepper.Classes.ExamFormData+Exam to JSON data
23/08/14_11:27:12 - Deserializing ExamPrepper.Classes.ExamFormData+Exam to JSON data
23/08/14_11:27:12 - Deserializing ExamPrepper.Classes.ExamFormData+Exam to JSON data
23/08/14_11:27:12 - FORMHANDLER called...
23/08/14_11:27:12 - Form does not exist in current list of active forms
23/08/14_11:27:12 - Deserializing System.Collections.Generic.List`1[ExamPrepper.Classes.ExamFormData+Subject] to JSON data
23/08/14_11:27:12 - Getting current active form's ID in the active forms list
23/08/14_11:27:12 - REFRESHING forms...
23/08/14_11:27:14 - FORMHANDLER called...
23/08/14_11:27:14 - Form does not exist in current list of active forms
23/08/14_11:27:15 - Getting current active form's ID in the active forms list
23/08/14_11:27:15 - REFRESHING forms...
23/08/14_11:27:15 - FORMHANDLER called...
23/08/14_11:27:15 - Form does not exist in current list of active forms
23/08/14_11:27:15 - Getting current active form's ID in the active forms list
23/08/14_11:27:15 - REFRESHING forms...
23/08/14_11:27:15 - FORMHANDLER called...
23/08/14_11:27:15 - Form does not exist in current list of active forms
23/08/14_11:27:15 - Getting current active form's ID in the active forms list
23/08/14_11:27:15 - REFRESHING forms...
23/08/14_11:27:15 - FORMHANDLER called...
23/08/14_11:27:15 - Form does not exist in current list of active forms
23/08/14_11:27:15 - Getting current active form's ID in the active forms list
23/08/14_11:27:15 - REFRESHING forms...
23/08/14_11:27:15 - FORMHANDLER called...
23/08/14_11:27:15 - Form does not exist in current list of active forms
23/08/14_11:27:15 - Getting current active form's ID in the active forms list
23/08/14_11:27:15 - REFRESHING forms...
23/08/14_11:27:41 - REFRESHING forms...
23/08/14_11:27:42 - REFRESHING forms...
23/08/14_11:27:43 - REFRESHING forms...
================
   New Session  
================
23/08/14_11:28:57 - Checking for all required folders to exist...
23/08/14_11:28:57 - FORMHANDLER called...
23/08/14_11:28:57 - Form does not exist in current list of active forms
23/08/14_11:28:57 - Getting current active form's ID in the active forms list
23/08/14_11:28:57 - REFRESHING forms...
23/08/14_11:28:57 - App loaded with no errors!
23/08/14_11:28:58 - Deserializing ExamPrepper.Classes.ExamFormData+Exam to JSON data
23/08/14_11:28:58 - Deserializing ExamPrepper.Classes.ExamFormData+Exam to JSON data
23/08/14_11:28:58 - Deserializing ExamPrepper.Classes.ExamFormData+Exam to JSON data
23/08/14_11:28:58 - FORMHANDLER called...
23/08/14_11:28:58 - Form does not exist in current list of active forms
23/08/14_11:28:58 - Deserializing System.Collections.Generic.List`1[ExamPrepper.Classes.ExamFormData+Subject] to JSON data
23/08/14_11:28:58 - Getting current active form's ID in the active forms list
23/08/14_11:28:58 - REFRESHING forms...
23/08/14_11:29:00 - FORMHANDLER called...
23/08/14_11:29:00 - Form does not exist in current list of active forms
23/08/14_11:29:01 - Getting current active form's ID in the active forms list
23/08/14_11:29:01 - REFRESHING forms...
23/08/14_11:29:01 - FORMHANDLER called...
23/08/14_11:29:01 - Form does not exist in current list of active forms
23/08/14_11:29:01 - Getting current active form's ID in the active forms list
23/08/14_11:29:01 - REFRESHING forms...
23/08/14_11:29:01 - FORMHANDLER called...
23/08/14_11:29:01 - Form does not exist in current list of active forms
23/08/14_11:29:01 - Getting current active form's ID in the active forms list
23/08/14_11:29:01 - REFRESHING forms...
23/08/14_11:29:01 - FORMHANDLER called...
23/08/14_11:29:01 - Form does not exist in current list of active forms
23/08/14_11:29:01 - Getting current active form's ID in the active forms list
23/08/14_11:29:01 - REFRESHING forms...
23/08/14_11:29:01 - FORMHANDLER called...
23/08/14_11:29:01 - Form does not exist in current list of active forms
23/08/14_11:29:01 - Getting current active form's ID in the active forms list
23/08/14_11:29:01 - REFRESHING forms...
23/08/14_11:29:04 - REFRESHING forms...
23/08/14_11:29:05 - REFRESHING forms...
23/08/14_11:29:05 - REFRESHING forms...
================
   New Session  
================
23/08/14_11:41:02 - Checking for all required folders to exist...
23/08/14_11:41:02 - FORMHANDLER called...
23/08/14_11:41:02 - Form does not exist in current list of active forms
23/08/14_11:41:02 - Getting current active form's ID in the active forms list
23/08/14_11:41:02 - REFRESHING forms...
23/08/14_11:41:02 - App loaded with no errors!
23/08/14_11:41:07 - Deserializing ExamPrepper.Classes.ExamFormData+Exam to JSON data
23/08/14_11:41:07 - Deserializing ExamPrepper.Classes.ExamFormData+Exam to JSON data
23/08/14_11:41:07 - Deserializing ExamPrepper.Classes.ExamFormData+Exam to JSON data
23/08/14_11:41:07 - FORMHANDLER called...
23/08/14_11:41:07 - Form does not exist in current list of active forms
23/08/14_11:41:07 - Deserializing System.Collections.Generic.List`1[ExamPrepper.Classes.ExamFormData+Subject] to JSON data
23/08/14_11:41:07 - Getting current active form's ID in the active forms list
23/08/14_11:41:07 - REFRESHING forms...
23/08/14_11:41:09 - FORMHANDLER called...
23/08/14_11:41:09 - Form does not exist in current list of active forms
23/08/14_11:41:10 - Getting current active form's ID in the active forms list
23/08/14_11:41:10 - REFRESHING forms...
23/08/14_11:41:10 - FORMHANDLER called...
23/08/14_11:41:10 - Form does not exist in current list of active forms
================
   New Session  
================
23/08/14_11:43:53 - Checking for all required folders to exist...
23/08/14_11:43:53 - FORMHANDLER called...
23/08/14_11:43:53 - Form does not exist in current list of active forms
23/08/14_11:43:53 - Getting current active form's ID in the active forms list
23/08/14_11:43:53 - REFRESHING forms...
23/08/14_11:43:53 - App loaded with no errors!
23/08/14_11:43:54 - Deserializing ExamPrepper.Classes.ExamFormData+Exam to JSON data
23/08/14_11:43:54 - Deserializing ExamPrepper.Classes.ExamFormData+Exam to JSON data
23/08/14_11:43:54 - Deserializing ExamPrepper.Classes.ExamFormData+Exam to JSON data
23/08/14_11:43:54 - FORMHANDLER called...
23/08/14_11:43:54 - Form does not exist in current list of active forms
23/08/14_11:43:54 - Deserializing System.Collections.Generic.List`1[ExamPrepper.Classes.ExamFormData+Subject] to JSON data
23/08/14_11:43:54 - Getting current active form's ID in the active forms list
23/08/14_11:43:54 - REFRESHING forms...
23/08/14_11:44:02 - FORMHANDLER called...
23/08/14_11:44:02 - Form does not exist in current list of active forms
23/08/14_11:44:03 - Getting current active form's ID in the active forms list
23/08/14_11:44:03 - REFRESHING forms...
23/08/14_11:44:03 - FORMHANDLER called...
23/08/14_11:44:03 - Form does not exist in current list of active forms
23/08/14_11:44:04 - Getting current active form's ID in the active forms list
23/08/14_11:44:04 - REFRESHING forms...
23/08/14_11:44:04 - FORMHANDLER called...
23/08/14_11:44:04 - Form does not exist in current list of active forms
23/08/14_11:44:04 - Getting current active form's ID in the active forms list
23/08/14_11:44:04 - REFRESHING forms...
23/08/14_11:44:04 - FORMHANDLER called...
23/08/14_11:44:04 - Form does not exist in current list of active forms
23/08/14_11:44:04 - Getting current active form's ID in the active forms list
23/08/14_11:44:04 - REFRESHING forms...
23/08/14_11:44:04 - FORMHANDLER called...
23/08/14_11:44:04 - Form does not exist in current list of active forms
23/08/14_11:44:04 - Getting current active form's ID in the active forms list
23/08/14_11:44:04 - REFRESHING forms...
23/08/14_11:44:05 - REFRESHING forms...
23/08/14_11:44:06 - REFRESHING forms...
23/08/14_11:44:07 - REFRESHING forms...
================
   New Session  
================
23/08/14_11:47:43 - Checking for all required folders to exist...
23/08/14_11:47:43 - FORMHANDLER called...
23/08/14_11:47:43 - Form does not exist in current list of active forms
23/08/14_11:47:43 - Getting current active form's ID in the active forms list
23/08/14_11:47:43 - REFRESHING forms...
23/08/14_11:47:43 - App loaded with no errors!
23/08/14_11:47:44 - Deserializing ExamPrepper.Classes.ExamFormData+Exam to JSON data
23/08/14_11:47:44 - Deserializing ExamPrepper.Classes.ExamFormData+Exam to JSON data
23/08/14_11:47:44 - Deserializing ExamPrepper.Classes.ExamFormData+Exam to JSON data
23/08/14_11:47:44 - FORMHANDLER called...
23/08/14_11:47:44 - Form does not exist in current list of active forms
23/08/14_11:47:44 - Deserializing System.Collections.Generic.List`1[ExamPrepper.Classes.ExamFormData+Subject] to JSON data
23/08/14_11:47:44 - Getting current active form's ID in the active forms list
23/08/14_11:47:44 - REFRESHING forms...
23/08/14_11:47:45 - FORMHANDLER called...
23/08/14_11:47:45 - Form does not exist in current list of active forms
23/08/14_11:47:46 - Getting current active form's ID in the active forms list
23/08/14_11:47:46 - REFRESHING forms...
23/08/14_11:47:46 - FORMHANDLER called...
23/08/14_11:47:46 - Form does not exist in current list of active forms
23/08/14_11:47:46 - Getting current active form's ID in the active forms list
23/08/14_11:47:46 - REFRESHING forms...
23/08/14_11:47:46 - FORMHANDLER called...
23/08/14_11:47:46 - Form does not exist in current list of active forms
23/08/14_11:47:46 - Getting current active form's ID in the active forms list
23/08/14_11:47:46 - REFRESHING forms...
23/08/14_11:47:46 - FORMHANDLER called...
23/08/14_11:47:46 - Form does not exist in current list of active forms
23/08/14_11:47:46 - Getting current active form's ID in the active forms list
23/08/14_11:47:46 - REFRESHING forms...
23/08/14_11:47:46 - FORMHANDLER called...
23/08/14_11:47:46 - Form does not exist in current list of active forms
23/08/14_11:47:46 - Getting current active form's ID in the active forms list
23/08/14_11:47:46 - REFRESHING forms...
23/08/14_11:47:50 - REFRESHING forms...
23/08/14_11:47:51 - REFRESHING forms...
23/08/14_11:48:00 - REFRESHING forms...
================
   New Session  
================
23/08/14_11:52:01 - Checking for all required folders to exist...
23/08/14_11:52:01 - FORMHANDLER called...
23/08/14_11:52:01 - Form does not exist in current list of active forms
23/08/14_11:52:01 - Getting current active form's ID in the active forms list
23/08/14_11:52:01 - REFRESHING forms...
23/08/14_11:52:01 - App loaded with no errors!
================
   New Session  
================
23/08/14_11:52:38 - Checking for all required folders to exist...
23/08/14_11:52:38 - FORMHANDLER called...
23/08/14_11:52:38 - Form does not exist in current list of active forms
23/08/14_11:52:38 - Getting current active form's ID in the active forms list
23/08/14_11:52:38 - REFRESHING forms...
23/08/14_11:52:38 - App loaded with no errors!
23/08/14_11:53:03 - Deserializing ExamPrepper.Classes.ExamFormData+Exam to JSON data
23/08/14_11:53:03 - Deserializing ExamPrepper.Classes.ExamFormData+Exam to JSON data
23/08/14_11:53:03 - Deserializing ExamPrepper.Classes.ExamFormData+Exam to JSON data
23/08/14_11:53:03 - FORMHANDLER called...
23/08/14_11:53:03 - Form does not exist in current list of active forms
23/08/14_11:53:03 - Deserializing System.Collections.Generic.List`1[ExamPrepper.Classes.ExamFormData+Subject] to JSON data
23/08/14_11:53:03 - Getting current active form's ID in the active forms list
23/08/14_11:53:03 - REFRESHING forms...
23/08/14_11:53:05 - FORMHANDLER called...
23/08/14_11:53:05 - Form does not exist in current list of active forms
23/08/14_11:53:05 - Getting current active form's ID in the active forms list
23/08/14_11:53:05 - REFRESHING forms...
23/08/14_11:53:05 - FORMHANDLER called...
23/08/14_11:53:05 - Form does not exist in current list of active forms
23/08/14_11:53:05 - Getting current active form's ID in the active forms list
23/08/14_11:53:05 - REFRESHING forms...
23/08/14_11:53:05 - FORMHANDLER called...
23/08/14_11:53:05 - Form does not exist in current list of active forms
23/08/14_11:53:06 - Getting current active form's ID in the active forms list
23/08/14_11:53:06 - REFRESHING forms...
23/08/14_11:53:06 - FORMHANDLER called...
23/08/14_11:53:06 - Form does not exist in current list of active forms
23/08/14_11:53:06 - Getting current active form's ID in the active forms list
23/08/14_11:53:06 - REFRESHING forms...
23/08/14_11:53:06 - FORMHANDLER called...
23/08/14_11:53:06 - Form does not exist in current list of active forms
23/08/14_11:53:06 - Getting current active form's ID in the active forms list
23/08/14_11:53:06 - REFRESHING forms...
23/08/14_11:53:07 - REFRESHING forms...
23/08/14_11:53:07 - REFRESHING forms...
23/08/14_11:53:08 - REFRESHING forms...
23/08/14_11:53:34 - REFRESHING forms...
