LOG FILE FOR 02/08/2023
===================================================
  Logging started
===================================================
23/08/02_04:23:22 - Checking for all required folders to exist...
23/08/02_04:23:22 - FORMHANDLER called...
23/08/02_04:23:22 - Form does not exist in current list of active forms
23/08/02_04:23:22 - Getting current active form's ID in the active forms list
23/08/02_04:23:22 - REFRESHING forms...
23/08/02_04:23:22 - App loaded with no errors!
23/08/02_04:23:29 - FORMHANDLER called...
23/08/02_04:23:29 - Form does not exist in current list of active forms
23/08/02_04:23:29 - Getting current active form's ID in the active forms list
23/08/02_04:23:29 - REFRESHING forms...
23/08/02_04:23:29 - Deserializing Subject to JSON data
23/08/02_04:23:29 - Deserializing Subject to JSON data
23/08/02_04:23:36 - Checking for all required folders to exist...
23/08/02_04:23:36 - FORMHANDLER called...
23/08/02_04:23:36 - Form does not exist in current list of active forms
23/08/02_04:23:36 - Getting current active form's ID in the active forms list
23/08/02_04:23:36 - REFRESHING forms...
23/08/02_04:23:36 - App loaded with no errors!
23/08/02_04:23:37 - FORMHANDLER called...
23/08/02_04:23:37 - Form does not exist in current list of active forms
23/08/02_04:23:37 - Getting current active form's ID in the active forms list
23/08/02_04:23:37 - REFRESHING forms...
23/08/02_04:23:37 - Deserializing Subject to JSON data
23/08/02_04:23:37 - Deserializing Subject to JSON data
23/08/02_04:23:40 - FORMHANDLER called...
23/08/02_04:23:40 - Form does not exist in current list of active forms
23/08/02_04:23:40 - Getting current active form's ID in the active forms list
23/08/02_04:23:40 - REFRESHING forms...
23/08/02_04:23:43 - REFRESHING forms...
23/08/02_04:23:43 - Deserializing Subject to JSON data
23/08/02_04:23:45 - FORMHANDLER called...
23/08/02_04:23:45 - Form does not exist in current list of active forms
23/08/02_04:23:45 - Getting current active form's ID in the active forms list
23/08/02_04:23:45 - REFRESHING forms...
23/08/02_04:34:38 - Checking for all required folders to exist...
23/08/02_04:34:38 - FORMHANDLER called...
23/08/02_04:34:38 - Form does not exist in current list of active forms
23/08/02_04:34:38 - Getting current active form's ID in the active forms list
23/08/02_04:34:38 - REFRESHING forms...
23/08/02_04:34:38 - App loaded with no errors!
23/08/02_04:34:39 - FORMHANDLER called...
23/08/02_04:34:39 - Form does not exist in current list of active forms
23/08/02_04:34:39 - Getting current active form's ID in the active forms list
23/08/02_04:34:39 - REFRESHING forms...
23/08/02_04:34:39 - Deserializing Subject to JSON data
23/08/02_04:34:39 - Deserializing Subject to JSON data
23/08/02_04:34:42 - FORMHANDLER called...
23/08/02_04:34:42 - Form does not exist in current list of active forms
23/08/02_04:34:42 - Getting current active form's ID in the active forms list
23/08/02_04:34:42 - REFRESHING forms...
23/08/02_04:35:31 - Checking for all required folders to exist...
23/08/02_04:35:31 - FORMHANDLER called...
23/08/02_04:35:31 - Form does not exist in current list of active forms
23/08/02_04:35:31 - Getting current active form's ID in the active forms list
23/08/02_04:35:31 - REFRESHING forms...
23/08/02_04:35:31 - App loaded with no errors!
23/08/02_04:35:31 - FORMHANDLER called...
23/08/02_04:35:31 - Form does not exist in current list of active forms
23/08/02_04:35:31 - Getting current active form's ID in the active forms list
23/08/02_04:35:31 - REFRESHING forms...
23/08/02_04:35:31 - Deserializing Subject to JSON data
23/08/02_04:35:31 - Deserializing Subject to JSON data
23/08/02_04:35:33 - FORMHANDLER called...
23/08/02_04:35:33 - Form does not exist in current list of active forms
23/08/02_04:35:33 - Getting current active form's ID in the active forms list
23/08/02_04:35:33 - REFRESHING forms...
23/08/02_04:35:37 - REFRESHING forms...
23/08/02_04:35:37 - Deserializing Subject to JSON data
23/08/02_04:35:37 - FORMHANDLER called...
23/08/02_04:35:37 - Form does not exist in current list of active forms
23/08/02_04:35:37 - Getting current active form's ID in the active forms list
23/08/02_04:35:37 - REFRESHING forms...
23/08/02_04:36:01 - Checking for all required folders to exist...
23/08/02_04:36:01 - FORMHANDLER called...
23/08/02_04:36:01 - Form does not exist in current list of active forms
23/08/02_04:36:01 - Getting current active form's ID in the active forms list
23/08/02_04:36:01 - REFRESHING forms...
23/08/02_04:36:01 - App loaded with no errors!
23/08/02_04:36:01 - FORMHANDLER called...
23/08/02_04:36:01 - Form does not exist in current list of active forms
23/08/02_04:36:02 - Getting current active form's ID in the active forms list
23/08/02_04:36:02 - REFRESHING forms...
23/08/02_04:36:02 - Deserializing Subject to JSON data
23/08/02_04:36:02 - Deserializing Subject to JSON data
23/08/02_04:36:04 - FORMHANDLER called...
23/08/02_04:36:04 - Form does not exist in current list of active forms
23/08/02_04:36:04 - Getting current active form's ID in the active forms list
23/08/02_04:36:04 - REFRESHING forms...
23/08/02_04:36:06 - REFRESHING forms...
23/08/02_04:36:06 - Deserializing Subject to JSON data
23/08/02_04:36:07 - FORMHANDLER called...
23/08/02_04:36:07 - Form does not exist in current list of active forms
23/08/02_04:36:07 - Getting current active form's ID in the active forms list
23/08/02_04:36:07 - REFRESHING forms...
23/08/02_04:36:11 - REFRESHING forms...
23/08/02_04:36:11 - Deserializing Subject to JSON data
23/08/02_04:37:36 - Checking for all required folders to exist...
23/08/02_04:37:36 - FORMHANDLER called...
23/08/02_04:37:36 - Form does not exist in current list of active forms
23/08/02_04:37:37 - Getting current active form's ID in the active forms list
23/08/02_04:37:37 - REFRESHING forms...
23/08/02_04:37:37 - App loaded with no errors!
23/08/02_04:37:37 - FORMHANDLER called...
23/08/02_04:37:37 - Form does not exist in current list of active forms
23/08/02_04:37:37 - Getting current active form's ID in the active forms list
23/08/02_04:37:37 - REFRESHING forms...
23/08/02_04:37:37 - Deserializing Subject to JSON data
23/08/02_04:37:37 - Deserializing Subject to JSON data
23/08/02_04:37:39 - FORMHANDLER called...
23/08/02_04:37:39 - Form does not exist in current list of active forms
23/08/02_04:37:39 - Getting current active form's ID in the active forms list
23/08/02_04:37:39 - REFRESHING forms...
23/08/02_04:37:49 - REFRESHING forms...
23/08/02_04:37:49 - Deserializing Subject to JSON data
23/08/02_04:37:50 - FORMHANDLER called...
23/08/02_04:37:50 - Form does not exist in current list of active forms
23/08/02_04:37:50 - Getting current active form's ID in the active forms list
23/08/02_04:37:50 - REFRESHING forms...
23/08/02_04:37:54 - REFRESHING forms...
23/08/02_04:37:54 - Deserializing Subject to JSON data
23/08/02_04:37:55 - FORMHANDLER called...
23/08/02_04:37:55 - Form does not exist in current list of active forms
23/08/02_04:37:55 - Getting current active form's ID in the active forms list
23/08/02_04:37:55 - REFRESHING forms...
23/08/02_04:38:59 - Checking for all required folders to exist...
23/08/02_04:38:59 - FORMHANDLER called...
23/08/02_04:38:59 - Form does not exist in current list of active forms
23/08/02_04:38:59 - Getting current active form's ID in the active forms list
23/08/02_04:38:59 - REFRESHING forms...
23/08/02_04:38:59 - App loaded with no errors!
23/08/02_04:39:00 - FORMHANDLER called...
23/08/02_04:39:00 - Form does not exist in current list of active forms
23/08/02_04:39:00 - Getting current active form's ID in the active forms list
23/08/02_04:39:00 - REFRESHING forms...
23/08/02_04:39:00 - Deserializing Subject to JSON data
23/08/02_04:39:00 - Deserializing Subject to JSON data
23/08/02_04:39:01 - FORMHANDLER called...
23/08/02_04:39:01 - Form does not exist in current list of active forms
23/08/02_04:39:01 - Getting current active form's ID in the active forms list
23/08/02_04:39:01 - REFRESHING forms...
23/08/02_04:39:07 - Checking for all required folders to exist...
23/08/02_04:39:07 - FORMHANDLER called...
23/08/02_04:39:07 - Form does not exist in current list of active forms
23/08/02_04:39:07 - Getting current active form's ID in the active forms list
23/08/02_04:39:07 - REFRESHING forms...
23/08/02_04:39:07 - App loaded with no errors!
23/08/02_04:39:07 - FORMHANDLER called...
23/08/02_04:39:07 - Form does not exist in current list of active forms
23/08/02_04:39:08 - Getting current active form's ID in the active forms list
23/08/02_04:39:08 - REFRESHING forms...
23/08/02_04:39:08 - Deserializing Subject to JSON data
23/08/02_04:39:08 - Deserializing Subject to JSON data
23/08/02_04:39:11 - FORMHANDLER called...
23/08/02_04:39:11 - Form does not exist in current list of active forms
23/08/02_04:39:11 - Getting current active form's ID in the active forms list
23/08/02_04:39:11 - REFRESHING forms...
23/08/02_04:40:16 - Checking for all required folders to exist...
23/08/02_04:40:16 - FORMHANDLER called...
23/08/02_04:40:16 - Form does not exist in current list of active forms
23/08/02_04:40:16 - Getting current active form's ID in the active forms list
23/08/02_04:40:16 - REFRESHING forms...
23/08/02_04:40:16 - App loaded with no errors!
23/08/02_04:40:17 - FORMHANDLER called...
23/08/02_04:40:17 - Form does not exist in current list of active forms
23/08/02_04:40:17 - Getting current active form's ID in the active forms list
23/08/02_04:40:17 - REFRESHING forms...
23/08/02_04:40:17 - Deserializing Subject to JSON data
23/08/02_04:40:17 - Deserializing Subject to JSON data
23/08/02_04:40:19 - FORMHANDLER called...
23/08/02_04:40:19 - Form does not exist in current list of active forms
23/08/02_04:40:19 - Getting current active form's ID in the active forms list
23/08/02_04:40:19 - REFRESHING forms...
23/08/02_04:41:29 - Checking for all required folders to exist...
23/08/02_04:41:29 - FORMHANDLER called...
23/08/02_04:41:29 - Form does not exist in current list of active forms
23/08/02_04:41:29 - Getting current active form's ID in the active forms list
23/08/02_04:41:29 - REFRESHING forms...
23/08/02_04:41:29 - App loaded with no errors!
23/08/02_04:41:30 - FORMHANDLER called...
23/08/02_04:41:30 - Form does not exist in current list of active forms
23/08/02_04:41:30 - Getting current active form's ID in the active forms list
23/08/02_04:41:30 - REFRESHING forms...
23/08/02_04:41:30 - Deserializing Subject to JSON data
23/08/02_04:41:30 - Deserializing Subject to JSON data
23/08/02_04:41:32 - FORMHANDLER called...
23/08/02_04:41:32 - Form does not exist in current list of active forms
23/08/02_04:41:32 - Getting current active form's ID in the active forms list
23/08/02_04:41:32 - REFRESHING forms...
23/08/02_05:12:59 - Checking for all required folders to exist...
23/08/02_05:12:59 - FORMHANDLER called...
23/08/02_05:12:59 - Form does not exist in current list of active forms
23/08/02_05:12:59 - Getting current active form's ID in the active forms list
23/08/02_05:12:59 - REFRESHING forms...
23/08/02_05:12:59 - App loaded with no errors!
23/08/02_05:13:01 - FORMHANDLER called...
23/08/02_05:13:01 - Form does not exist in current list of active forms
23/08/02_05:13:01 - Getting current active form's ID in the active forms list
23/08/02_05:13:01 - REFRESHING forms...
23/08/02_05:13:01 - Deserializing Subject to JSON data
23/08/02_05:13:01 - Deserializing Subject to JSON data
23/08/02_05:13:02 - FORMHANDLER called...
23/08/02_05:13:02 - Form does not exist in current list of active forms
23/08/02_05:13:03 - Getting current active form's ID in the active forms list
23/08/02_05:13:03 - REFRESHING forms...
23/08/02_05:15:26 - Checking for all required folders to exist...
23/08/02_05:15:26 - FORMHANDLER called...
23/08/02_05:15:26 - Form does not exist in current list of active forms
23/08/02_05:15:26 - Getting current active form's ID in the active forms list
23/08/02_05:15:26 - REFRESHING forms...
23/08/02_05:15:26 - App loaded with no errors!
23/08/02_05:15:26 - FORMHANDLER called...
23/08/02_05:15:26 - Form does not exist in current list of active forms
23/08/02_05:15:26 - Getting current active form's ID in the active forms list
23/08/02_05:15:26 - REFRESHING forms...
23/08/02_05:15:26 - Deserializing Subject to JSON data
23/08/02_05:15:26 - Deserializing Subject to JSON data
23/08/02_05:15:33 - FORMHANDLER called...
23/08/02_05:15:33 - Form does not exist in current list of active forms
23/08/02_05:15:33 - Getting current active form's ID in the active forms list
23/08/02_05:15:33 - REFRESHING forms...
23/08/02_06:20:12 - Checking for all required folders to exist...
23/08/02_06:20:12 - FORMHANDLER called...
23/08/02_06:20:12 - Form does not exist in current list of active forms
23/08/02_06:20:12 - Getting current active form's ID in the active forms list
23/08/02_06:20:12 - REFRESHING forms...
23/08/02_06:20:12 - App loaded with no errors!
23/08/02_06:20:13 - FORMHANDLER called...
23/08/02_06:20:13 - Form does not exist in current list of active forms
23/08/02_06:20:13 - Getting current active form's ID in the active forms list
23/08/02_06:20:13 - REFRESHING forms...
23/08/02_06:20:13 - Deserializing Subject to JSON data
23/08/02_06:20:13 - Deserializing Subject to JSON data
23/08/02_06:20:16 - FORMHANDLER called...
23/08/02_06:20:16 - Form does not exist in current list of active forms
23/08/02_06:20:16 - Getting current active form's ID in the active forms list
23/08/02_06:20:16 - REFRESHING forms...
23/08/02_06:20:33 - Checking for all required folders to exist...
23/08/02_06:20:33 - FORMHANDLER called...
23/08/02_06:20:33 - Form does not exist in current list of active forms
23/08/02_06:20:33 - Getting current active form's ID in the active forms list
23/08/02_06:20:33 - REFRESHING forms...
23/08/02_06:20:33 - App loaded with no errors!
23/08/02_06:20:34 - FORMHANDLER called...
23/08/02_06:20:34 - Form does not exist in current list of active forms
23/08/02_06:20:34 - Getting current active form's ID in the active forms list
23/08/02_06:20:34 - REFRESHING forms...
23/08/02_06:20:34 - Deserializing Subject to JSON data
23/08/02_06:20:34 - Deserializing Subject to JSON data
23/08/02_06:20:36 - FORMHANDLER called...
23/08/02_06:20:36 - Form does not exist in current list of active forms
23/08/02_06:20:36 - Getting current active form's ID in the active forms list
23/08/02_06:20:36 - REFRESHING forms...
23/08/02_06:28:12 - Checking for all required folders to exist...
23/08/02_06:28:12 - FORMHANDLER called...
23/08/02_06:28:12 - Form does not exist in current list of active forms
23/08/02_06:28:12 - Getting current active form's ID in the active forms list
23/08/02_06:28:12 - REFRESHING forms...
23/08/02_06:28:12 - App loaded with no errors!
23/08/02_06:28:13 - FORMHANDLER called...
23/08/02_06:28:13 - Form does not exist in current list of active forms
23/08/02_06:28:13 - Getting current active form's ID in the active forms list
23/08/02_06:28:13 - REFRESHING forms...
23/08/02_06:28:13 - Deserializing Subject to JSON data
23/08/02_06:28:13 - Deserializing Subject to JSON data
23/08/02_06:28:15 - FORMHANDLER called...
23/08/02_06:28:15 - Form does not exist in current list of active forms
23/08/02_06:28:15 - Getting current active form's ID in the active forms list
23/08/02_06:28:15 - REFRESHING forms...
23/08/02_06:28:33 - Checking for all required folders to exist...
23/08/02_06:28:33 - FORMHANDLER called...
23/08/02_06:28:33 - Form does not exist in current list of active forms
23/08/02_06:28:33 - Getting current active form's ID in the active forms list
23/08/02_06:28:33 - REFRESHING forms...
23/08/02_06:28:33 - App loaded with no errors!
23/08/02_06:28:34 - FORMHANDLER called...
23/08/02_06:28:34 - Form does not exist in current list of active forms
23/08/02_06:28:34 - Getting current active form's ID in the active forms list
23/08/02_06:28:34 - REFRESHING forms...
23/08/02_06:28:34 - Deserializing Subject to JSON data
23/08/02_06:28:34 - Deserializing Subject to JSON data
23/08/02_06:28:36 - FORMHANDLER called...
23/08/02_06:28:36 - Form does not exist in current list of active forms
23/08/02_06:28:36 - Getting current active form's ID in the active forms list
23/08/02_06:28:36 - REFRESHING forms...
23/08/02_06:29:25 - Checking for all required folders to exist...
23/08/02_06:29:25 - FORMHANDLER called...
23/08/02_06:29:25 - Form does not exist in current list of active forms
23/08/02_06:29:25 - Getting current active form's ID in the active forms list
23/08/02_06:29:25 - REFRESHING forms...
23/08/02_06:29:25 - App loaded with no errors!
23/08/02_06:29:26 - FORMHANDLER called...
23/08/02_06:29:26 - Form does not exist in current list of active forms
23/08/02_06:29:26 - Getting current active form's ID in the active forms list
23/08/02_06:29:26 - REFRESHING forms...
23/08/02_06:29:26 - Deserializing Subject to JSON data
23/08/02_06:29:26 - Deserializing Subject to JSON data
23/08/02_06:29:29 - FORMHANDLER called...
23/08/02_06:29:29 - Form does not exist in current list of active forms
23/08/02_06:29:29 - Getting current active form's ID in the active forms list
23/08/02_06:29:29 - REFRESHING forms...
23/08/02_06:30:26 - Checking for all required folders to exist...
23/08/02_06:30:26 - FORMHANDLER called...
23/08/02_06:30:26 - Form does not exist in current list of active forms
23/08/02_06:30:26 - Getting current active form's ID in the active forms list
23/08/02_06:30:26 - REFRESHING forms...
23/08/02_06:30:26 - App loaded with no errors!
23/08/02_06:30:27 - FORMHANDLER called...
23/08/02_06:30:27 - Form does not exist in current list of active forms
23/08/02_06:30:27 - Getting current active form's ID in the active forms list
23/08/02_06:30:27 - REFRESHING forms...
23/08/02_06:30:27 - Deserializing Subject to JSON data
23/08/02_06:30:27 - Deserializing Subject to JSON data
23/08/02_06:30:29 - FORMHANDLER called...
23/08/02_06:30:29 - Form does not exist in current list of active forms
23/08/02_06:30:29 - Getting current active form's ID in the active forms list
23/08/02_06:30:29 - REFRESHING forms...
23/08/02_06:30:49 - Checking for all required folders to exist...
23/08/02_06:30:49 - FORMHANDLER called...
23/08/02_06:30:49 - Form does not exist in current list of active forms
23/08/02_06:30:49 - Getting current active form's ID in the active forms list
23/08/02_06:30:49 - REFRESHING forms...
23/08/02_06:30:49 - App loaded with no errors!
23/08/02_06:30:50 - FORMHANDLER called...
23/08/02_06:30:50 - Form does not exist in current list of active forms
23/08/02_06:30:50 - Getting current active form's ID in the active forms list
23/08/02_06:30:50 - REFRESHING forms...
23/08/02_06:30:50 - Deserializing Subject to JSON data
23/08/02_06:30:50 - Deserializing Subject to JSON data
23/08/02_06:30:52 - FORMHANDLER called...
23/08/02_06:30:52 - Form does not exist in current list of active forms
23/08/02_06:30:52 - Getting current active form's ID in the active forms list
23/08/02_06:30:52 - REFRESHING forms...
23/08/02_06:32:11 - Checking for all required folders to exist...
23/08/02_06:32:11 - FORMHANDLER called...
23/08/02_06:32:11 - Form does not exist in current list of active forms
23/08/02_06:32:11 - Getting current active form's ID in the active forms list
23/08/02_06:32:11 - REFRESHING forms...
23/08/02_06:32:11 - App loaded with no errors!
23/08/02_06:32:55 - Checking for all required folders to exist...
23/08/02_06:32:55 - FORMHANDLER called...
23/08/02_06:32:55 - Form does not exist in current list of active forms
23/08/02_06:32:55 - Getting current active form's ID in the active forms list
23/08/02_06:32:55 - REFRESHING forms...
23/08/02_06:32:55 - App loaded with no errors!
23/08/02_06:33:02 - FORMHANDLER called...
23/08/02_06:33:02 - Form does not exist in current list of active forms
23/08/02_06:33:02 - Getting current active form's ID in the active forms list
23/08/02_06:33:02 - REFRESHING forms...
23/08/02_06:33:02 - Deserializing Subject to JSON data
23/08/02_06:33:02 - Deserializing Subject to JSON data
23/08/02_06:33:04 - FORMHANDLER called...
23/08/02_06:33:04 - Form does not exist in current list of active forms
23/08/02_06:33:04 - Getting current active form's ID in the active forms list
23/08/02_06:33:04 - REFRESHING forms...
23/08/02_06:54:55 - Checking for all required folders to exist...
23/08/02_06:54:55 - FORMHANDLER called...
23/08/02_06:54:55 - Form does not exist in current list of active forms
23/08/02_06:54:55 - Getting current active form's ID in the active forms list
23/08/02_06:54:55 - REFRESHING forms...
23/08/02_06:54:55 - App loaded with no errors!
23/08/02_06:54:56 - FORMHANDLER called...
23/08/02_06:54:56 - Form does not exist in current list of active forms
23/08/02_06:54:56 - Getting current active form's ID in the active forms list
23/08/02_06:54:56 - REFRESHING forms...
23/08/02_06:54:56 - Deserializing Subject to JSON data
23/08/02_06:54:56 - Deserializing Subject to JSON data
23/08/02_06:54:58 - FORMHANDLER called...
23/08/02_06:54:58 - Form does not exist in current list of active forms
23/08/02_06:54:58 - Getting current active form's ID in the active forms list
23/08/02_06:54:58 - REFRESHING forms...
23/08/02_06:55:20 - Checking for all required folders to exist...
23/08/02_06:55:20 - FORMHANDLER called...
23/08/02_06:55:20 - Form does not exist in current list of active forms
23/08/02_06:55:20 - Getting current active form's ID in the active forms list
23/08/02_06:55:20 - REFRESHING forms...
23/08/02_06:55:20 - App loaded with no errors!
23/08/02_06:55:21 - FORMHANDLER called...
23/08/02_06:55:21 - Form does not exist in current list of active forms
23/08/02_06:55:21 - Getting current active form's ID in the active forms list
23/08/02_06:55:21 - REFRESHING forms...
23/08/02_06:55:21 - Deserializing Subject to JSON data
23/08/02_06:55:21 - Deserializing Subject to JSON data
23/08/02_06:55:23 - FORMHANDLER called...
23/08/02_06:55:23 - Form does not exist in current list of active forms
23/08/02_06:55:23 - Getting current active form's ID in the active forms list
23/08/02_06:55:23 - REFRESHING forms...
23/08/02_06:57:10 - Checking for all required folders to exist...
23/08/02_06:57:10 - FORMHANDLER called...
23/08/02_06:57:10 - Form does not exist in current list of active forms
23/08/02_06:57:10 - Getting current active form's ID in the active forms list
23/08/02_06:57:10 - REFRESHING forms...
23/08/02_06:57:10 - App loaded with no errors!
23/08/02_06:57:15 - FORMHANDLER called...
23/08/02_06:57:15 - Form does not exist in current list of active forms
23/08/02_06:57:15 - Getting current active form's ID in the active forms list
23/08/02_06:57:15 - REFRESHING forms...
23/08/02_06:57:15 - Deserializing Subject to JSON data
23/08/02_06:57:15 - Deserializing Subject to JSON data
23/08/02_06:57:17 - FORMHANDLER called...
23/08/02_06:57:17 - Form does not exist in current list of active forms
23/08/02_06:57:17 - Getting current active form's ID in the active forms list
23/08/02_06:57:17 - REFRESHING forms...
23/08/02_06:57:57 - Checking for all required folders to exist...
23/08/02_06:57:57 - FORMHANDLER called...
23/08/02_06:57:57 - Form does not exist in current list of active forms
23/08/02_06:57:57 - Getting current active form's ID in the active forms list
23/08/02_06:57:57 - REFRESHING forms...
23/08/02_06:57:57 - App loaded with no errors!
23/08/02_06:57:58 - FORMHANDLER called...
23/08/02_06:57:58 - Form does not exist in current list of active forms
23/08/02_06:57:58 - Getting current active form's ID in the active forms list
23/08/02_06:57:58 - REFRESHING forms...
23/08/02_06:57:58 - Deserializing Subject to JSON data
23/08/02_06:57:58 - Deserializing Subject to JSON data
23/08/02_06:58:00 - FORMHANDLER called...
23/08/02_06:58:00 - Form does not exist in current list of active forms
23/08/02_06:58:00 - Getting current active form's ID in the active forms list
23/08/02_06:58:00 - REFRESHING forms...
23/08/02_06:58:42 - Checking for all required folders to exist...
23/08/02_06:58:42 - FORMHANDLER called...
23/08/02_06:58:42 - Form does not exist in current list of active forms
23/08/02_06:58:42 - Getting current active form's ID in the active forms list
23/08/02_06:58:42 - REFRESHING forms...
23/08/02_06:58:42 - App loaded with no errors!
23/08/02_06:58:43 - FORMHANDLER called...
23/08/02_06:58:43 - Form does not exist in current list of active forms
23/08/02_06:58:43 - Getting current active form's ID in the active forms list
23/08/02_06:58:43 - REFRESHING forms...
23/08/02_06:58:43 - Deserializing Subject to JSON data
23/08/02_06:58:43 - Deserializing Subject to JSON data
23/08/02_06:58:45 - FORMHANDLER called...
23/08/02_06:58:45 - Form does not exist in current list of active forms
23/08/02_06:58:45 - Getting current active form's ID in the active forms list
23/08/02_06:58:45 - REFRESHING forms...
23/08/02_07:08:25 - Checking for all required folders to exist...
23/08/02_07:08:25 - FORMHANDLER called...
23/08/02_07:08:25 - Form does not exist in current list of active forms
23/08/02_07:08:25 - Getting current active form's ID in the active forms list
23/08/02_07:08:26 - REFRESHING forms...
23/08/02_07:08:26 - App loaded with no errors!
23/08/02_07:08:27 - FORMHANDLER called...
23/08/02_07:08:27 - Form does not exist in current list of active forms
23/08/02_07:08:27 - Getting current active form's ID in the active forms list
23/08/02_07:08:27 - REFRESHING forms...
23/08/02_07:08:27 - Deserializing Subject to JSON data
23/08/02_07:08:27 - Deserializing Subject to JSON data
23/08/02_07:09:36 - Checking for all required folders to exist...
23/08/02_07:09:36 - FORMHANDLER called...
23/08/02_07:09:36 - Form does not exist in current list of active forms
23/08/02_07:09:36 - Getting current active form's ID in the active forms list
23/08/02_07:09:36 - REFRESHING forms...
23/08/02_07:09:36 - App loaded with no errors!
23/08/02_07:10:12 - Checking for all required folders to exist...
23/08/02_07:10:12 - FORMHANDLER called...
23/08/02_07:10:12 - Form does not exist in current list of active forms
23/08/02_07:10:12 - Getting current active form's ID in the active forms list
23/08/02_07:10:12 - REFRESHING forms...
23/08/02_07:10:12 - App loaded with no errors!
23/08/02_07:10:13 - FORMHANDLER called...
23/08/02_07:10:13 - Form does not exist in current list of active forms
23/08/02_07:10:13 - Getting current active form's ID in the active forms list
23/08/02_07:10:13 - REFRESHING forms...
23/08/02_07:10:13 - Deserializing Subject to JSON data
23/08/02_07:10:13 - Deserializing Subject to JSON data
23/08/02_07:10:15 - FORMHANDLER called...
23/08/02_07:10:15 - Form does not exist in current list of active forms
23/08/02_07:10:15 - Getting current active form's ID in the active forms list
23/08/02_07:10:15 - REFRESHING forms...
23/08/02_07:10:57 - Checking for all required folders to exist...
23/08/02_07:10:57 - FORMHANDLER called...
23/08/02_07:10:57 - Form does not exist in current list of active forms
23/08/02_07:10:57 - Getting current active form's ID in the active forms list
23/08/02_07:10:57 - REFRESHING forms...
23/08/02_07:10:57 - App loaded with no errors!
23/08/02_07:10:57 - FORMHANDLER called...
23/08/02_07:10:57 - Form does not exist in current list of active forms
23/08/02_07:10:58 - Getting current active form's ID in the active forms list
23/08/02_07:10:58 - REFRESHING forms...
23/08/02_07:10:58 - Deserializing Subject to JSON data
23/08/02_07:10:58 - Deserializing Subject to JSON data
23/08/02_07:10:59 - FORMHANDLER called...
23/08/02_07:10:59 - Form does not exist in current list of active forms
23/08/02_07:10:59 - Getting current active form's ID in the active forms list
23/08/02_07:10:59 - REFRESHING forms...
23/08/02_07:11:18 - Checking for all required folders to exist...
23/08/02_07:11:18 - FORMHANDLER called...
23/08/02_07:11:18 - Form does not exist in current list of active forms
23/08/02_07:11:18 - Getting current active form's ID in the active forms list
23/08/02_07:11:18 - REFRESHING forms...
23/08/02_07:11:18 - App loaded with no errors!
23/08/02_07:11:21 - FORMHANDLER called...
23/08/02_07:11:21 - Form does not exist in current list of active forms
23/08/02_07:11:21 - Getting current active form's ID in the active forms list
23/08/02_07:11:21 - REFRESHING forms...
23/08/02_07:11:21 - Deserializing Subject to JSON data
23/08/02_07:11:21 - Deserializing Subject to JSON data
23/08/02_07:11:23 - FORMHANDLER called...
23/08/02_07:11:23 - Form does not exist in current list of active forms
23/08/02_07:11:23 - Getting current active form's ID in the active forms list
23/08/02_07:11:23 - REFRESHING forms...
23/08/02_07:12:39 - Checking for all required folders to exist...
23/08/02_07:12:39 - FORMHANDLER called...
23/08/02_07:12:39 - Form does not exist in current list of active forms
23/08/02_07:12:39 - Getting current active form's ID in the active forms list
23/08/02_07:12:39 - REFRESHING forms...
23/08/02_07:12:39 - App loaded with no errors!
23/08/02_07:12:40 - FORMHANDLER called...
23/08/02_07:12:40 - Form does not exist in current list of active forms
23/08/02_07:12:40 - Getting current active form's ID in the active forms list
23/08/02_07:12:40 - REFRESHING forms...
23/08/02_07:12:40 - Deserializing Subject to JSON data
23/08/02_07:12:40 - Deserializing Subject to JSON data
23/08/02_07:12:41 - FORMHANDLER called...
23/08/02_07:12:41 - Form does not exist in current list of active forms
23/08/02_07:12:41 - Getting current active form's ID in the active forms list
23/08/02_07:12:41 - REFRESHING forms...
23/08/02_07:12:52 - Checking for all required folders to exist...
23/08/02_07:12:52 - FORMHANDLER called...
23/08/02_07:12:52 - Form does not exist in current list of active forms
23/08/02_07:12:52 - Getting current active form's ID in the active forms list
23/08/02_07:12:52 - REFRESHING forms...
23/08/02_07:12:52 - App loaded with no errors!
23/08/02_07:12:53 - FORMHANDLER called...
23/08/02_07:12:53 - Form does not exist in current list of active forms
23/08/02_07:12:53 - Getting current active form's ID in the active forms list
23/08/02_07:12:53 - REFRESHING forms...
23/08/02_07:12:53 - Deserializing Subject to JSON data
23/08/02_07:12:53 - Deserializing Subject to JSON data
23/08/02_07:12:55 - FORMHANDLER called...
23/08/02_07:12:55 - Form does not exist in current list of active forms
23/08/02_07:12:55 - Getting current active form's ID in the active forms list
23/08/02_07:12:55 - REFRESHING forms...
23/08/02_07:26:31 - Checking for all required folders to exist...
23/08/02_07:26:31 - FORMHANDLER called...
23/08/02_07:26:31 - Form does not exist in current list of active forms
23/08/02_07:26:32 - Getting current active form's ID in the active forms list
23/08/02_07:26:32 - REFRESHING forms...
23/08/02_07:26:32 - App loaded with no errors!
23/08/02_07:27:31 - Checking for all required folders to exist...
23/08/02_07:27:31 - FORMHANDLER called...
23/08/02_07:27:31 - Form does not exist in current list of active forms
23/08/02_07:27:32 - Getting current active form's ID in the active forms list
23/08/02_07:27:32 - REFRESHING forms...
23/08/02_07:27:32 - App loaded with no errors!
23/08/02_08:09:32 - Checking for all required folders to exist...
23/08/02_08:09:32 - FORMHANDLER called...
23/08/02_08:09:32 - Form does not exist in current list of active forms
23/08/02_08:09:32 - Getting current active form's ID in the active forms list
23/08/02_08:09:32 - REFRESHING forms...
23/08/02_08:09:32 - App loaded with no errors!
23/08/02_08:11:52 - Checking for all required folders to exist...
23/08/02_08:11:53 - FORMHANDLER called...
23/08/02_08:11:53 - Form does not exist in current list of active forms
23/08/02_08:11:53 - Getting current active form's ID in the active forms list
23/08/02_08:11:53 - REFRESHING forms...
23/08/02_08:11:53 - App loaded with no errors!
23/08/02_08:12:06 - FORMHANDLER called...
23/08/02_08:12:06 - Form does not exist in current list of active forms
23/08/02_08:12:06 - Getting current active form's ID in the active forms list
23/08/02_08:12:06 - REFRESHING forms...
23/08/02_08:12:06 - Deserializing Subject to JSON data
23/08/02_08:12:06 - Deserializing Subject to JSON data
23/08/02_08:35:53 - Checking for all required folders to exist...
23/08/02_08:35:53 - FORMHANDLER called...
23/08/02_08:35:53 - Form does not exist in current list of active forms
23/08/02_08:35:53 - Getting current active form's ID in the active forms list
23/08/02_08:35:53 - REFRESHING forms...
23/08/02_08:35:53 - App loaded with no errors!
23/08/02_08:35:57 - FORMHANDLER called...
23/08/02_08:35:57 - Form does not exist in current list of active forms
23/08/02_08:35:57 - Getting current active form's ID in the active forms list
23/08/02_08:35:57 - REFRESHING forms...
23/08/02_08:35:57 - Deserializing Subject to JSON data
23/08/02_08:35:57 - Deserializing Subject to JSON data
23/08/02_08:35:59 - FORMHANDLER called...
23/08/02_08:35:59 - Form does not exist in current list of active forms
23/08/02_08:35:59 - Getting current active form's ID in the active forms list
23/08/02_08:35:59 - REFRESHING forms...
23/08/02_08:37:39 - Checking for all required folders to exist...
23/08/02_08:37:39 - FORMHANDLER called...
23/08/02_08:37:39 - Form does not exist in current list of active forms
23/08/02_08:37:39 - Getting current active form's ID in the active forms list
23/08/02_08:37:39 - REFRESHING forms...
23/08/02_08:37:39 - App loaded with no errors!
23/08/02_08:39:08 - Checking for all required folders to exist...
23/08/02_08:39:08 - FORMHANDLER called...
23/08/02_08:39:08 - Form does not exist in current list of active forms
23/08/02_08:39:08 - Getting current active form's ID in the active forms list
23/08/02_08:39:08 - REFRESHING forms...
23/08/02_08:39:08 - App loaded with no errors!
23/08/02_08:39:10 - FORMHANDLER called...
23/08/02_08:39:10 - Form does not exist in current list of active forms
23/08/02_08:39:10 - Getting current active form's ID in the active forms list
23/08/02_08:39:10 - REFRESHING forms...
23/08/02_08:39:10 - Deserializing Subject to JSON data
23/08/02_08:39:10 - Deserializing Subject to JSON data
23/08/02_08:39:15 - FORMHANDLER called...
23/08/02_08:39:15 - Form does not exist in current list of active forms
23/08/02_08:39:15 - Getting current active form's ID in the active forms list
23/08/02_08:39:15 - REFRESHING forms...
23/08/02_08:39:17 - REFRESHING forms...
23/08/02_08:39:17 - Deserializing Subject to JSON data
23/08/02_08:39:19 - FORMHANDLER called...
23/08/02_08:39:19 - Form does not exist in current list of active forms
23/08/02_08:39:19 - Getting current active form's ID in the active forms list
23/08/02_08:39:19 - REFRESHING forms...
23/08/02_08:39:29 - REFRESHING forms...
23/08/02_08:39:29 - Deserializing Subject to JSON data
23/08/02_08:39:29 - FORMHANDLER called...
23/08/02_08:39:29 - Form does not exist in current list of active forms
23/08/02_08:39:29 - Getting current active form's ID in the active forms list
23/08/02_08:39:29 - REFRESHING forms...
23/08/02_08:39:33 - REFRESHING forms...
23/08/02_08:39:34 - Deserializing Subject to JSON data
23/08/02_08:39:40 - Checking for all required folders to exist...
23/08/02_08:39:40 - FORMHANDLER called...
23/08/02_08:39:40 - Form does not exist in current list of active forms
23/08/02_08:39:40 - Getting current active form's ID in the active forms list
23/08/02_08:39:40 - REFRESHING forms...
23/08/02_08:39:40 - App loaded with no errors!
23/08/02_08:39:43 - FORMHANDLER called...
23/08/02_08:39:43 - Form does not exist in current list of active forms
23/08/02_08:39:43 - Getting current active form's ID in the active forms list
23/08/02_08:39:43 - REFRESHING forms...
23/08/02_08:39:43 - Deserializing Subject to JSON data
23/08/02_08:39:43 - Deserializing Subject to JSON data
23/08/02_08:39:54 - FORMHANDLER called...
23/08/02_08:39:54 - Form does not exist in current list of active forms
23/08/02_08:39:54 - Getting current active form's ID in the active forms list
23/08/02_08:39:54 - REFRESHING forms...
23/08/02_08:39:56 - REFRESHING forms...
23/08/02_08:39:56 - Deserializing Subject to JSON data
23/08/02_08:39:56 - FORMHANDLER called...
23/08/02_08:39:56 - Form does not exist in current list of active forms
23/08/02_08:39:56 - Getting current active form's ID in the active forms list
23/08/02_08:39:56 - REFRESHING forms...
23/08/02_08:39:57 - REFRESHING forms...
23/08/02_08:39:57 - Deserializing Subject to JSON data
23/08/02_08:39:58 - FORMHANDLER called...
23/08/02_08:39:58 - Form does not exist in current list of active forms
23/08/02_08:39:58 - Getting current active form's ID in the active forms list
23/08/02_08:39:58 - REFRESHING forms...
23/08/02_08:39:59 - REFRESHING forms...
23/08/02_08:39:59 - Deserializing Subject to JSON data
23/08/02_08:40:00 - FORMHANDLER called...
23/08/02_08:40:00 - Form does not exist in current list of active forms
23/08/02_08:40:00 - Getting current active form's ID in the active forms list
23/08/02_08:40:00 - REFRESHING forms...
23/08/02_08:40:02 - REFRESHING forms...
23/08/02_08:40:02 - Deserializing Subject to JSON data
23/08/02_08:40:03 - FORMHANDLER called...
23/08/02_08:40:03 - Form does not exist in current list of active forms
23/08/02_08:40:03 - Getting current active form's ID in the active forms list
23/08/02_08:40:03 - REFRESHING forms...
23/08/02_08:46:26 - Checking for all required folders to exist...
23/08/02_08:46:26 - FORMHANDLER called...
23/08/02_08:46:26 - Form does not exist in current list of active forms
23/08/02_08:46:26 - Getting current active form's ID in the active forms list
23/08/02_08:46:26 - REFRESHING forms...
23/08/02_08:46:26 - App loaded with no errors!
23/08/02_08:46:29 - FORMHANDLER called...
23/08/02_08:46:29 - Form does not exist in current list of active forms
23/08/02_08:46:29 - Getting current active form's ID in the active forms list
23/08/02_08:46:29 - REFRESHING forms...
23/08/02_08:46:29 - Deserializing Subject to JSON data
23/08/02_08:46:29 - Deserializing Subject to JSON data
23/08/02_08:46:31 - FORMHANDLER called...
23/08/02_08:46:31 - Form does not exist in current list of active forms
23/08/02_08:46:31 - Getting current active form's ID in the active forms list
23/08/02_08:46:31 - REFRESHING forms...
23/08/02_08:47:01 - Checking for all required folders to exist...
23/08/02_08:47:01 - FORMHANDLER called...
23/08/02_08:47:01 - Form does not exist in current list of active forms
23/08/02_08:47:01 - Getting current active form's ID in the active forms list
23/08/02_08:47:01 - REFRESHING forms...
23/08/02_08:47:01 - App loaded with no errors!
23/08/02_08:47:02 - FORMHANDLER called...
23/08/02_08:47:02 - Form does not exist in current list of active forms
23/08/02_08:47:02 - Getting current active form's ID in the active forms list
23/08/02_08:47:02 - REFRESHING forms...
23/08/02_08:47:02 - Deserializing Subject to JSON data
23/08/02_08:47:02 - Deserializing Subject to JSON data
23/08/02_08:47:04 - FORMHANDLER called...
23/08/02_08:47:04 - Form does not exist in current list of active forms
23/08/02_08:47:04 - Getting current active form's ID in the active forms list
23/08/02_08:47:04 - REFRESHING forms...
23/08/02_09:05:52 - Checking for all required folders to exist...
23/08/02_09:05:52 - FORMHANDLER called...
23/08/02_09:05:52 - Form does not exist in current list of active forms
23/08/02_09:05:52 - Getting current active form's ID in the active forms list
23/08/02_09:05:52 - REFRESHING forms...
23/08/02_09:05:52 - App loaded with no errors!
23/08/02_09:05:54 - FORMHANDLER called...
23/08/02_09:05:54 - Form does not exist in current list of active forms
23/08/02_09:05:54 - Getting current active form's ID in the active forms list
23/08/02_09:05:54 - REFRESHING forms...
23/08/02_09:05:54 - Deserializing Subject to JSON data
23/08/02_09:05:54 - Deserializing Subject to JSON data
23/08/02_09:05:55 - FORMHANDLER called...
23/08/02_09:05:55 - Form does not exist in current list of active forms
23/08/02_09:05:55 - Getting current active form's ID in the active forms list
23/08/02_09:05:55 - REFRESHING forms...
23/08/02_09:07:50 - Checking for all required folders to exist...
23/08/02_09:07:50 - FORMHANDLER called...
23/08/02_09:07:50 - Form does not exist in current list of active forms
23/08/02_09:07:50 - Getting current active form's ID in the active forms list
23/08/02_09:07:50 - REFRESHING forms...
23/08/02_09:07:50 - App loaded with no errors!
23/08/02_09:07:51 - FORMHANDLER called...
23/08/02_09:07:51 - Form does not exist in current list of active forms
23/08/02_09:07:51 - Getting current active form's ID in the active forms list
23/08/02_09:07:51 - REFRESHING forms...
23/08/02_09:07:51 - Deserializing Subject to JSON data
23/08/02_09:07:51 - Deserializing Subject to JSON data
23/08/02_09:07:53 - FORMHANDLER called...
23/08/02_09:07:53 - Form does not exist in current list of active forms
23/08/02_09:07:53 - Getting current active form's ID in the active forms list
23/08/02_09:07:53 - REFRESHING forms...
23/08/02_09:08:09 - Serializing ExamTask to JSON data
