LOG FILE FOR 11/08/2023
===================================================
  Logging started
===================================================
================
   New Session  
================
23/08/11_12:29:37 - Checking for all required folders to exist...
23/08/11_12:29:37 - FORMHANDLER called...
23/08/11_12:29:37 - Form does not exist in current list of active forms
23/08/11_12:29:37 - Getting current active form's ID in the active forms list
23/08/11_12:29:37 - REFRESHING forms...
23/08/11_12:29:37 - App loaded with no errors!
23/08/11_12:29:39 - Deserializing ExamPrepper.Classes.ExamFormData+Exam to JSON data
23/08/11_12:29:40 - FORMHANDLER called...
23/08/11_12:29:40 - Form does not exist in current list of active forms
23/08/11_12:29:40 - Deserializing System.Collections.Generic.List`1[ExamPrepper.Classes.ExamFormData+Subject] to JSON data
23/08/11_12:29:40 - Getting current active form's ID in the active forms list
23/08/11_12:29:40 - REFRESHING forms...
23/08/11_12:29:41 - FORMHANDLER called...
23/08/11_12:29:41 - Form does not exist in current list of active forms
23/08/11_12:29:46 - Getting current active form's ID in the active forms list
23/08/11_12:29:46 - REFRESHING forms...
================
   New Session  
================
23/08/11_12:30:22 - Checking for all required folders to exist...
23/08/11_12:30:22 - FORMHANDLER called...
23/08/11_12:30:22 - Form does not exist in current list of active forms
23/08/11_12:30:22 - Getting current active form's ID in the active forms list
23/08/11_12:30:22 - REFRESHING forms...
23/08/11_12:30:22 - App loaded with no errors!
23/08/11_12:30:22 - FORMHANDLER called...
23/08/11_12:30:22 - Form does not exist in current list of active forms
23/08/11_12:30:23 - Getting current active form's ID in the active forms list
23/08/11_12:30:23 - REFRESHING forms...
23/08/11_12:30:23 - Deserializing System.Collections.Generic.List`1[ExamPrepper.Classes.ExamFormData+Subject] to JSON data
23/08/11_12:30:23 - Deserializing System.Collections.Generic.List`1[ExamPrepper.Classes.ExamFormData+Subject] to JSON data
23/08/11_12:30:23 - REFRESHING forms...
23/08/11_12:30:24 - Deserializing ExamPrepper.Classes.ExamFormData+Exam to JSON data
23/08/11_12:30:24 - FORMHANDLER called...
23/08/11_12:30:24 - Form does not exist in current list of active forms
23/08/11_12:30:24 - Deserializing System.Collections.Generic.List`1[ExamPrepper.Classes.ExamFormData+Subject] to JSON data
23/08/11_12:30:24 - Getting current active form's ID in the active forms list
23/08/11_12:30:24 - REFRESHING forms...
23/08/11_12:30:25 - FORMHANDLER called...
23/08/11_12:30:25 - Form does not exist in current list of active forms
23/08/11_12:30:40 - Getting current active form's ID in the active forms list
23/08/11_12:30:40 - REFRESHING forms...
23/08/11_12:30:46 - FORMHANDLER called...
23/08/11_12:30:46 - Form does not exist in current list of active forms
23/08/11_12:30:48 - Getting current active form's ID in the active forms list
23/08/11_12:30:48 - REFRESHING forms...
================
   New Session  
================
23/08/11_01:09:10 - Checking for all required folders to exist...
23/08/11_01:09:10 - FORMHANDLER called...
23/08/11_01:09:10 - Form does not exist in current list of active forms
23/08/11_01:09:11 - Getting current active form's ID in the active forms list
23/08/11_01:09:11 - REFRESHING forms...
23/08/11_01:09:11 - App loaded with no errors!
23/08/11_01:09:27 - Deserializing ExamPrepper.Classes.ExamFormData+Exam to JSON data
23/08/11_01:09:27 - FORMHANDLER called...
23/08/11_01:09:27 - Form does not exist in current list of active forms
23/08/11_01:09:27 - Deserializing System.Collections.Generic.List`1[ExamPrepper.Classes.ExamFormData+Subject] to JSON data
23/08/11_01:09:27 - Getting current active form's ID in the active forms list
23/08/11_01:09:27 - REFRESHING forms...
23/08/11_01:09:29 - FORMHANDLER called...
23/08/11_01:09:29 - Form does not exist in current list of active forms
23/08/11_01:09:32 - Getting current active form's ID in the active forms list
23/08/11_01:09:32 - REFRESHING forms...
================
   New Session  
================
23/08/11_01:10:06 - Checking for all required folders to exist...
23/08/11_01:10:06 - FORMHANDLER called...
23/08/11_01:10:06 - Form does not exist in current list of active forms
23/08/11_01:10:07 - Getting current active form's ID in the active forms list
23/08/11_01:10:07 - REFRESHING forms...
23/08/11_01:10:07 - App loaded with no errors!
23/08/11_01:10:07 - Deserializing ExamPrepper.Classes.ExamFormData+Exam to JSON data
23/08/11_01:10:07 - FORMHANDLER called...
23/08/11_01:10:07 - Form does not exist in current list of active forms
23/08/11_01:10:08 - Deserializing System.Collections.Generic.List`1[ExamPrepper.Classes.ExamFormData+Subject] to JSON data
23/08/11_01:10:08 - Getting current active form's ID in the active forms list
23/08/11_01:10:08 - REFRESHING forms...
23/08/11_01:10:10 - FORMHANDLER called...
23/08/11_01:10:10 - Form does not exist in current list of active forms
23/08/11_01:10:15 - Getting current active form's ID in the active forms list
23/08/11_01:10:15 - REFRESHING forms...
================
   New Session  
================
23/08/11_01:10:55 - Checking for all required folders to exist...
23/08/11_01:10:56 - FORMHANDLER called...
23/08/11_01:10:56 - Form does not exist in current list of active forms
23/08/11_01:10:56 - Getting current active form's ID in the active forms list
23/08/11_01:10:56 - REFRESHING forms...
23/08/11_01:10:56 - App loaded with no errors!
23/08/11_01:10:56 - Deserializing ExamPrepper.Classes.ExamFormData+Exam to JSON data
23/08/11_01:10:56 - FORMHANDLER called...
23/08/11_01:10:56 - Form does not exist in current list of active forms
23/08/11_01:10:56 - Deserializing System.Collections.Generic.List`1[ExamPrepper.Classes.ExamFormData+Subject] to JSON data
23/08/11_01:10:56 - Getting current active form's ID in the active forms list
23/08/11_01:10:56 - REFRESHING forms...
23/08/11_01:10:58 - FORMHANDLER called...
23/08/11_01:10:58 - Form does not exist in current list of active forms
23/08/11_01:11:05 - Getting current active form's ID in the active forms list
23/08/11_01:11:05 - REFRESHING forms...
================
   New Session  
================
23/08/11_01:11:16 - Checking for all required folders to exist...
23/08/11_01:11:16 - FORMHANDLER called...
23/08/11_01:11:16 - Form does not exist in current list of active forms
23/08/11_01:11:16 - Getting current active form's ID in the active forms list
23/08/11_01:11:16 - REFRESHING forms...
23/08/11_01:11:16 - App loaded with no errors!
23/08/11_01:11:17 - Deserializing ExamPrepper.Classes.ExamFormData+Exam to JSON data
23/08/11_01:11:17 - FORMHANDLER called...
23/08/11_01:11:17 - Form does not exist in current list of active forms
23/08/11_01:11:17 - Deserializing System.Collections.Generic.List`1[ExamPrepper.Classes.ExamFormData+Subject] to JSON data
23/08/11_01:11:17 - Getting current active form's ID in the active forms list
23/08/11_01:11:17 - REFRESHING forms...
23/08/11_01:11:18 - FORMHANDLER called...
23/08/11_01:11:18 - Form does not exist in current list of active forms
================
   New Session  
================
23/08/11_01:19:04 - Checking for all required folders to exist...
23/08/11_01:19:04 - FORMHANDLER called...
23/08/11_01:19:04 - Form does not exist in current list of active forms
23/08/11_01:19:04 - Getting current active form's ID in the active forms list
23/08/11_01:19:04 - REFRESHING forms...
23/08/11_01:19:04 - App loaded with no errors!
23/08/11_01:19:04 - Deserializing ExamPrepper.Classes.ExamFormData+Exam to JSON data
23/08/11_01:19:05 - FORMHANDLER called...
23/08/11_01:19:05 - Form does not exist in current list of active forms
23/08/11_01:19:05 - Deserializing System.Collections.Generic.List`1[ExamPrepper.Classes.ExamFormData+Subject] to JSON data
23/08/11_01:19:05 - Getting current active form's ID in the active forms list
23/08/11_01:19:05 - REFRESHING forms...
23/08/11_01:19:07 - FORMHANDLER called...
23/08/11_01:19:07 - Form does not exist in current list of active forms
23/08/11_01:19:10 - Getting current active form's ID in the active forms list
23/08/11_01:19:10 - REFRESHING forms...
23/08/11_01:19:10 - REFRESHING forms...
23/08/11_01:19:11 - FORMHANDLER called...
23/08/11_01:19:11 - Form does not exist in current list of active forms
23/08/11_01:19:11 - Getting current active form's ID in the active forms list
23/08/11_01:19:11 - REFRESHING forms...
23/08/11_01:19:11 - Deserializing ExamPrepper.Classes.ExamFormData+ExamTask to JSON data
23/08/11_01:19:11 - Deserializing ExamPrepper.Classes.ExamFormData+ExamTask to JSON data
23/08/11_01:19:11 - Deserializing ExamPrepper.Classes.ExamFormData+ExamTask to JSON data
23/08/11_01:19:11 - Deserializing ExamPrepper.Classes.ExamFormData+ExamTask to JSON data
23/08/11_01:19:11 - Deserializing System.Collections.Generic.List`1[ExamPrepper.Classes.ExamFormData+Subject] to JSON data
================
   New Session  
================
23/08/11_01:24:51 - Checking for all required folders to exist...
23/08/11_01:24:51 - FORMHANDLER called...
23/08/11_01:24:51 - Form does not exist in current list of active forms
23/08/11_01:24:51 - Getting current active form's ID in the active forms list
23/08/11_01:24:51 - REFRESHING forms...
23/08/11_01:24:51 - App loaded with no errors!
23/08/11_01:25:42 - Deserializing ExamPrepper.Classes.ExamFormData+Exam to JSON data
23/08/11_01:25:42 - FORMHANDLER called...
23/08/11_01:25:42 - Form does not exist in current list of active forms
23/08/11_01:25:42 - Deserializing System.Collections.Generic.List`1[ExamPrepper.Classes.ExamFormData+Subject] to JSON data
23/08/11_01:25:42 - Getting current active form's ID in the active forms list
23/08/11_01:25:42 - REFRESHING forms...
23/08/11_01:25:44 - FORMHANDLER called...
23/08/11_01:25:44 - Form does not exist in current list of active forms
23/08/11_01:25:51 - Getting current active form's ID in the active forms list
23/08/11_01:25:51 - REFRESHING forms...
================
   New Session  
================
23/08/11_01:26:07 - Checking for all required folders to exist...
23/08/11_01:26:07 - FORMHANDLER called...
23/08/11_01:26:07 - Form does not exist in current list of active forms
23/08/11_01:26:07 - Getting current active form's ID in the active forms list
23/08/11_01:26:07 - REFRESHING forms...
23/08/11_01:26:07 - App loaded with no errors!
23/08/11_01:26:08 - Deserializing ExamPrepper.Classes.ExamFormData+Exam to JSON data
23/08/11_01:26:08 - FORMHANDLER called...
23/08/11_01:26:08 - Form does not exist in current list of active forms
23/08/11_01:26:08 - Deserializing System.Collections.Generic.List`1[ExamPrepper.Classes.ExamFormData+Subject] to JSON data
23/08/11_01:26:08 - Getting current active form's ID in the active forms list
23/08/11_01:26:08 - REFRESHING forms...
23/08/11_01:26:10 - FORMHANDLER called...
23/08/11_01:26:10 - Form does not exist in current list of active forms
23/08/11_01:26:12 - Getting current active form's ID in the active forms list
23/08/11_01:26:12 - REFRESHING forms...
================
   New Session  
================
23/08/11_01:26:24 - Checking for all required folders to exist...
23/08/11_01:26:24 - FORMHANDLER called...
23/08/11_01:26:24 - Form does not exist in current list of active forms
23/08/11_01:26:24 - Getting current active form's ID in the active forms list
23/08/11_01:26:24 - REFRESHING forms...
23/08/11_01:26:24 - App loaded with no errors!
23/08/11_01:26:25 - Deserializing ExamPrepper.Classes.ExamFormData+Exam to JSON data
23/08/11_01:26:25 - FORMHANDLER called...
23/08/11_01:26:25 - Form does not exist in current list of active forms
23/08/11_01:26:25 - Deserializing System.Collections.Generic.List`1[ExamPrepper.Classes.ExamFormData+Subject] to JSON data
23/08/11_01:26:25 - Getting current active form's ID in the active forms list
23/08/11_01:26:25 - REFRESHING forms...
23/08/11_01:26:27 - FORMHANDLER called...
23/08/11_01:26:27 - Form does not exist in current list of active forms
23/08/11_01:26:29 - Getting current active form's ID in the active forms list
23/08/11_01:26:29 - REFRESHING forms...
================
   New Session  
================
23/08/11_01:26:51 - Checking for all required folders to exist...
23/08/11_01:26:51 - FORMHANDLER called...
23/08/11_01:26:51 - Form does not exist in current list of active forms
23/08/11_01:26:51 - Getting current active form's ID in the active forms list
23/08/11_01:26:51 - REFRESHING forms...
23/08/11_01:26:51 - App loaded with no errors!
23/08/11_01:26:52 - Deserializing ExamPrepper.Classes.ExamFormData+Exam to JSON data
23/08/11_01:26:52 - FORMHANDLER called...
23/08/11_01:26:52 - Form does not exist in current list of active forms
23/08/11_01:26:52 - Deserializing System.Collections.Generic.List`1[ExamPrepper.Classes.ExamFormData+Subject] to JSON data
23/08/11_01:26:52 - Getting current active form's ID in the active forms list
23/08/11_01:26:52 - REFRESHING forms...
23/08/11_01:26:53 - FORMHANDLER called...
23/08/11_01:26:53 - Form does not exist in current list of active forms
23/08/11_01:27:08 - Getting current active form's ID in the active forms list
23/08/11_01:27:08 - REFRESHING forms...
================
   New Session  
================
23/08/11_01:31:22 - Checking for all required folders to exist...
23/08/11_01:31:22 - FORMHANDLER called...
23/08/11_01:31:22 - Form does not exist in current list of active forms
23/08/11_01:31:22 - Getting current active form's ID in the active forms list
23/08/11_01:31:22 - REFRESHING forms...
23/08/11_01:31:22 - App loaded with no errors!
23/08/11_01:31:23 - Deserializing ExamPrepper.Classes.ExamFormData+Exam to JSON data
23/08/11_01:31:23 - FORMHANDLER called...
23/08/11_01:31:23 - Form does not exist in current list of active forms
23/08/11_01:31:23 - Deserializing System.Collections.Generic.List`1[ExamPrepper.Classes.ExamFormData+Subject] to JSON data
23/08/11_01:31:23 - Getting current active form's ID in the active forms list
23/08/11_01:31:23 - REFRESHING forms...
23/08/11_01:31:26 - FORMHANDLER called...
23/08/11_01:31:26 - Form does not exist in current list of active forms
23/08/11_01:31:39 - Getting current active form's ID in the active forms list
23/08/11_01:31:39 - REFRESHING forms...
================
   New Session  
================
23/08/11_01:32:02 - Checking for all required folders to exist...
23/08/11_01:32:02 - FORMHANDLER called...
23/08/11_01:32:02 - Form does not exist in current list of active forms
23/08/11_01:32:03 - Getting current active form's ID in the active forms list
23/08/11_01:32:03 - REFRESHING forms...
23/08/11_01:32:03 - App loaded with no errors!
23/08/11_01:36:36 - Deserializing ExamPrepper.Classes.ExamFormData+Exam to JSON data
23/08/11_01:36:36 - FORMHANDLER called...
23/08/11_01:36:36 - Form does not exist in current list of active forms
23/08/11_01:36:36 - Deserializing System.Collections.Generic.List`1[ExamPrepper.Classes.ExamFormData+Subject] to JSON data
23/08/11_01:36:37 - Getting current active form's ID in the active forms list
23/08/11_01:36:37 - REFRESHING forms...
23/08/11_01:36:38 - FORMHANDLER called...
23/08/11_01:36:38 - Form does not exist in current list of active forms
23/08/11_01:36:43 - Getting current active form's ID in the active forms list
23/08/11_01:36:43 - REFRESHING forms...
================
   New Session  
================
23/08/11_01:38:23 - Checking for all required folders to exist...
23/08/11_01:38:23 - FORMHANDLER called...
23/08/11_01:38:23 - Form does not exist in current list of active forms
23/08/11_01:38:23 - Getting current active form's ID in the active forms list
23/08/11_01:38:23 - REFRESHING forms...
23/08/11_01:38:23 - App loaded with no errors!
23/08/11_01:38:27 - Deserializing ExamPrepper.Classes.ExamFormData+Exam to JSON data
23/08/11_01:38:27 - FORMHANDLER called...
23/08/11_01:38:27 - Form does not exist in current list of active forms
23/08/11_01:38:27 - Deserializing System.Collections.Generic.List`1[ExamPrepper.Classes.ExamFormData+Subject] to JSON data
23/08/11_01:38:27 - Getting current active form's ID in the active forms list
23/08/11_01:38:27 - REFRESHING forms...
23/08/11_01:38:28 - REFRESHING forms...
23/08/11_01:38:37 - Deserializing ExamPrepper.Classes.ExamFormData+Exam to JSON data
23/08/11_01:38:37 - FORMHANDLER called...
23/08/11_01:38:37 - Form exists in current list of active form (Selecting form to show from list).
23/08/11_01:38:37 - Getting current active form's ID in the active forms list
23/08/11_01:38:37 - REFRESHING forms...
23/08/11_01:38:39 - REFRESHING forms...
23/08/11_01:38:41 - Deserializing ExamPrepper.Classes.ExamFormData+Exam to JSON data
23/08/11_01:38:41 - FORMHANDLER called...
23/08/11_01:38:41 - Form exists in current list of active form (Selecting form to show from list).
23/08/11_01:38:41 - Getting current active form's ID in the active forms list
23/08/11_01:38:41 - REFRESHING forms...
23/08/11_01:38:42 - FORMHANDLER called...
23/08/11_01:38:42 - Form does not exist in current list of active forms
23/08/11_01:38:42 - Deserializing System.Collections.Generic.List`1[ExamPrepper.Classes.ExamFormData+Subject] to JSON data
23/08/11_01:38:44 - Getting current active form's ID in the active forms list
23/08/11_01:38:44 - REFRESHING forms...
23/08/11_01:38:47 - REFRESHING forms...
23/08/11_01:38:47 - FORMHANDLER called...
23/08/11_01:38:47 - Form does not exist in current list of active forms
23/08/11_01:38:47 - Getting current active form's ID in the active forms list
23/08/11_01:38:47 - REFRESHING forms...
23/08/11_01:38:47 - Deserializing ExamPrepper.Classes.ExamFormData+ExamTask to JSON data
23/08/11_01:38:47 - Deserializing ExamPrepper.Classes.ExamFormData+ExamTask to JSON data
23/08/11_01:38:47 - Deserializing ExamPrepper.Classes.ExamFormData+ExamTask to JSON data
23/08/11_01:38:47 - Deserializing ExamPrepper.Classes.ExamFormData+ExamTask to JSON data
23/08/11_01:38:47 - Deserializing System.Collections.Generic.List`1[ExamPrepper.Classes.ExamFormData+Subject] to JSON data
23/08/11_01:38:52 - REFRESHING forms...
23/08/11_01:38:53 - REFRESHING forms...
23/08/11_01:38:54 - Deserializing ExamPrepper.Classes.ExamFormData+Exam to JSON data
23/08/11_01:38:54 - FORMHANDLER called...
23/08/11_01:38:54 - Form exists in current list of active form (Selecting form to show from list).
23/08/11_01:38:54 - Getting current active form's ID in the active forms list
23/08/11_01:38:54 - REFRESHING forms...
23/08/11_01:39:04 - FORMHANDLER called...
23/08/11_01:39:04 - Form does not exist in current list of active forms
23/08/11_01:39:39 - Getting current active form's ID in the active forms list
23/08/11_01:39:39 - REFRESHING forms...
================
   New Session  
================
23/08/11_01:39:55 - Checking for all required folders to exist...
23/08/11_01:39:55 - FORMHANDLER called...
23/08/11_01:39:55 - Form does not exist in current list of active forms
23/08/11_01:39:55 - Getting current active form's ID in the active forms list
23/08/11_01:39:55 - REFRESHING forms...
23/08/11_01:39:55 - App loaded with no errors!
================
   New Session  
================
23/08/11_01:40:56 - Checking for all required folders to exist...
23/08/11_01:40:56 - FORMHANDLER called...
23/08/11_01:40:56 - Form does not exist in current list of active forms
23/08/11_01:40:56 - Getting current active form's ID in the active forms list
23/08/11_01:40:56 - REFRESHING forms...
23/08/11_01:40:56 - App loaded with no errors!
23/08/11_01:41:14 - Deserializing ExamPrepper.Classes.ExamFormData+Exam to JSON data
23/08/11_01:41:15 - FORMHANDLER called...
23/08/11_01:41:15 - Form does not exist in current list of active forms
23/08/11_01:41:15 - Deserializing System.Collections.Generic.List`1[ExamPrepper.Classes.ExamFormData+Subject] to JSON data
23/08/11_01:41:15 - Getting current active form's ID in the active forms list
23/08/11_01:41:15 - REFRESHING forms...
23/08/11_01:41:25 - FORMHANDLER called...
23/08/11_01:41:25 - Form does not exist in current list of active forms
23/08/11_01:41:25 - Deserializing System.Collections.Generic.List`1[ExamPrepper.Classes.ExamFormData+Subject] to JSON data
23/08/11_01:41:32 - Getting current active form's ID in the active forms list
23/08/11_01:41:32 - REFRESHING forms...
23/08/11_01:41:35 - FORMHANDLER called...
23/08/11_01:41:35 - Form does not exist in current list of active forms
23/08/11_01:41:58 - Getting current active form's ID in the active forms list
23/08/11_01:41:58 - REFRESHING forms...
23/08/11_01:42:24 - FORMHANDLER called...
23/08/11_01:42:24 - Form does not exist in current list of active forms
23/08/11_01:42:24 - Getting current active form's ID in the active forms list
23/08/11_01:42:24 - REFRESHING forms...
23/08/11_01:42:24 - Deserializing ExamPrepper.Classes.ExamFormData+ExamTask to JSON data
23/08/11_01:42:24 - Deserializing ExamPrepper.Classes.ExamFormData+ExamTask to JSON data
23/08/11_01:42:24 - Deserializing ExamPrepper.Classes.ExamFormData+ExamTask to JSON data
23/08/11_01:42:24 - Deserializing ExamPrepper.Classes.ExamFormData+ExamTask to JSON data
23/08/11_01:42:24 - Deserializing System.Collections.Generic.List`1[ExamPrepper.Classes.ExamFormData+Subject] to JSON data
23/08/11_01:42:25 - REFRESHING forms...
================
   New Session  
================
23/08/11_03:28:11 - Checking for all required folders to exist...
23/08/11_03:28:11 - FORMHANDLER called...
23/08/11_03:28:11 - Form does not exist in current list of active forms
23/08/11_03:28:11 - Getting current active form's ID in the active forms list
23/08/11_03:28:11 - REFRESHING forms...
23/08/11_03:28:11 - App loaded with no errors!
23/08/11_03:28:12 - FORMHANDLER called...
23/08/11_03:28:12 - Form does not exist in current list of active forms
================
   New Session  
================
23/08/11_03:34:07 - Checking for all required folders to exist...
23/08/11_03:34:07 - FORMHANDLER called...
23/08/11_03:34:07 - Form does not exist in current list of active forms
23/08/11_03:34:07 - Getting current active form's ID in the active forms list
23/08/11_03:34:07 - REFRESHING forms...
23/08/11_03:34:07 - App loaded with no errors!
23/08/11_03:34:08 - FORMHANDLER called...
23/08/11_03:34:08 - Form does not exist in current list of active forms
23/08/11_03:34:08 - Getting current active form's ID in the active forms list
23/08/11_03:34:08 - REFRESHING forms...
23/08/11_03:34:09 - REFRESHING forms...
================
   New Session  
================
23/08/11_03:34:50 - Checking for all required folders to exist...
23/08/11_03:34:50 - FORMHANDLER called...
23/08/11_03:34:50 - Form does not exist in current list of active forms
23/08/11_03:34:50 - Getting current active form's ID in the active forms list
23/08/11_03:34:50 - REFRESHING forms...
23/08/11_03:34:50 - App loaded with no errors!
23/08/11_03:34:51 - FORMHANDLER called...
23/08/11_03:34:51 - Form does not exist in current list of active forms
23/08/11_03:34:51 - Getting current active form's ID in the active forms list
23/08/11_03:34:51 - REFRESHING forms...
23/08/11_03:34:51 - Deserializing ExamPrepper.Classes.ExamFormData+ExamTask to JSON data
23/08/11_03:34:51 - Deserializing ExamPrepper.Classes.ExamFormData+ExamTask to JSON data
23/08/11_03:34:51 - Deserializing ExamPrepper.Classes.ExamFormData+ExamTask to JSON data
23/08/11_03:34:51 - Deserializing ExamPrepper.Classes.ExamFormData+ExamTask to JSON data
23/08/11_03:34:51 - Deserializing System.Collections.Generic.List`1[ExamPrepper.Classes.ExamFormData+Subject] to JSON data
23/08/11_03:35:02 - Deserializing ExamPrepper.Classes.ExamFormData+ExamTask to JSON data
23/08/11_03:35:02 - Deserializing ExamPrepper.Classes.ExamFormData+ExamTask to JSON data
23/08/11_03:35:02 - Deserializing ExamPrepper.Classes.ExamFormData+ExamTask to JSON data
23/08/11_03:35:02 - Deserializing ExamPrepper.Classes.ExamFormData+ExamTask to JSON data
23/08/11_03:35:02 - Serializing ExamPrepper.Classes.ExamFormData+Exam to JSON data
================
   New Session  
================
23/08/11_03:35:07 - Checking for all required folders to exist...
23/08/11_03:35:07 - FORMHANDLER called...
23/08/11_03:35:07 - Form does not exist in current list of active forms
23/08/11_03:35:07 - Getting current active form's ID in the active forms list
23/08/11_03:35:07 - REFRESHING forms...
23/08/11_03:35:07 - App loaded with no errors!
23/08/11_03:35:08 - Deserializing ExamPrepper.Classes.ExamFormData+Exam to JSON data
23/08/11_03:35:08 - FORMHANDLER called...
23/08/11_03:35:08 - Form does not exist in current list of active forms
23/08/11_03:35:08 - Deserializing System.Collections.Generic.List`1[ExamPrepper.Classes.ExamFormData+Subject] to JSON data
23/08/11_03:35:08 - Getting current active form's ID in the active forms list
23/08/11_03:35:08 - REFRESHING forms...
23/08/11_03:35:10 - FORMHANDLER called...
23/08/11_03:35:10 - Form does not exist in current list of active forms
23/08/11_03:35:12 - Getting current active form's ID in the active forms list
23/08/11_03:35:12 - REFRESHING forms...
================
   New Session  
================
23/08/11_03:35:52 - Checking for all required folders to exist...
23/08/11_03:35:52 - FORMHANDLER called...
23/08/11_03:35:52 - Form does not exist in current list of active forms
23/08/11_03:35:52 - Getting current active form's ID in the active forms list
23/08/11_03:35:52 - REFRESHING forms...
23/08/11_03:35:52 - App loaded with no errors!
23/08/11_03:35:53 - FORMHANDLER called...
23/08/11_03:35:53 - Form does not exist in current list of active forms
23/08/11_03:35:53 - Getting current active form's ID in the active forms list
23/08/11_03:35:53 - REFRESHING forms...
23/08/11_03:35:53 - Deserializing System.Collections.Generic.List`1[ExamPrepper.Classes.ExamFormData+Subject] to JSON data
23/08/11_03:35:53 - Deserializing System.Collections.Generic.List`1[ExamPrepper.Classes.ExamFormData+Subject] to JSON data
23/08/11_03:35:54 - REFRESHING forms...
23/08/11_03:35:54 - Deserializing ExamPrepper.Classes.ExamFormData+Exam to JSON data
23/08/11_03:35:54 - FORMHANDLER called...
23/08/11_03:35:54 - Form does not exist in current list of active forms
23/08/11_03:35:54 - Deserializing System.Collections.Generic.List`1[ExamPrepper.Classes.ExamFormData+Subject] to JSON data
23/08/11_03:35:54 - Getting current active form's ID in the active forms list
23/08/11_03:35:54 - REFRESHING forms...
23/08/11_03:35:56 - FORMHANDLER called...
23/08/11_03:35:56 - Form does not exist in current list of active forms
23/08/11_03:36:02 - Getting current active form's ID in the active forms list
23/08/11_03:36:02 - REFRESHING forms...
================
   New Session  
================
23/08/11_03:36:24 - Checking for all required folders to exist...
23/08/11_03:36:24 - FORMHANDLER called...
23/08/11_03:36:24 - Form does not exist in current list of active forms
23/08/11_03:36:24 - Getting current active form's ID in the active forms list
23/08/11_03:36:24 - REFRESHING forms...
23/08/11_03:36:24 - App loaded with no errors!
================
   New Session  
================
23/08/11_03:38:12 - Checking for all required folders to exist...
23/08/11_03:38:12 - FORMHANDLER called...
23/08/11_03:38:12 - Form does not exist in current list of active forms
23/08/11_03:38:12 - Getting current active form's ID in the active forms list
23/08/11_03:38:12 - REFRESHING forms...
23/08/11_03:38:12 - App loaded with no errors!
23/08/11_03:38:13 - Deserializing ExamPrepper.Classes.ExamFormData+Exam to JSON data
23/08/11_03:38:13 - FORMHANDLER called...
23/08/11_03:38:13 - Form does not exist in current list of active forms
23/08/11_03:38:13 - Deserializing System.Collections.Generic.List`1[ExamPrepper.Classes.ExamFormData+Subject] to JSON data
23/08/11_03:38:13 - Getting current active form's ID in the active forms list
23/08/11_03:38:13 - REFRESHING forms...
23/08/11_03:38:15 - FORMHANDLER called...
23/08/11_03:38:15 - Form does not exist in current list of active forms
23/08/11_03:38:27 - Getting current active form's ID in the active forms list
23/08/11_03:38:27 - REFRESHING forms...
================
   New Session  
================
23/08/11_03:43:18 - Checking for all required folders to exist...
23/08/11_03:43:18 - FORMHANDLER called...
23/08/11_03:43:18 - Form does not exist in current list of active forms
23/08/11_03:43:18 - Getting current active form's ID in the active forms list
23/08/11_03:43:18 - REFRESHING forms...
23/08/11_03:43:18 - App loaded with no errors!
23/08/11_03:43:19 - Deserializing ExamPrepper.Classes.ExamFormData+Exam to JSON data
23/08/11_03:43:19 - FORMHANDLER called...
23/08/11_03:43:19 - Form does not exist in current list of active forms
23/08/11_03:43:19 - Deserializing System.Collections.Generic.List`1[ExamPrepper.Classes.ExamFormData+Subject] to JSON data
23/08/11_03:43:19 - Getting current active form's ID in the active forms list
23/08/11_03:43:19 - REFRESHING forms...
23/08/11_03:43:21 - FORMHANDLER called...
23/08/11_03:43:21 - Form does not exist in current list of active forms
23/08/11_03:43:22 - Getting current active form's ID in the active forms list
23/08/11_03:43:22 - REFRESHING forms...
================
   New Session  
================
23/08/11_03:43:41 - Checking for all required folders to exist...
23/08/11_03:43:41 - FORMHANDLER called...
23/08/11_03:43:41 - Form does not exist in current list of active forms
23/08/11_03:43:41 - Getting current active form's ID in the active forms list
23/08/11_03:43:41 - REFRESHING forms...
23/08/11_03:43:41 - App loaded with no errors!
23/08/11_03:43:43 - Deserializing ExamPrepper.Classes.ExamFormData+Exam to JSON data
23/08/11_03:43:43 - FORMHANDLER called...
23/08/11_03:43:43 - Form does not exist in current list of active forms
23/08/11_03:43:43 - Deserializing System.Collections.Generic.List`1[ExamPrepper.Classes.ExamFormData+Subject] to JSON data
23/08/11_03:43:43 - Getting current active form's ID in the active forms list
23/08/11_03:43:43 - REFRESHING forms...
23/08/11_03:43:45 - FORMHANDLER called...
23/08/11_03:43:45 - Form does not exist in current list of active forms
23/08/11_03:44:10 - Getting current active form's ID in the active forms list
23/08/11_03:44:10 - REFRESHING forms...
23/08/11_03:44:13 - REFRESHING forms...
23/08/11_03:44:16 - FORMHANDLER called...
23/08/11_03:44:16 - Form does not exist in current list of active forms
23/08/11_03:44:16 - Getting current active form's ID in the active forms list
23/08/11_03:44:16 - REFRESHING forms...
23/08/11_03:44:16 - Deserializing System.Collections.Generic.List`1[ExamPrepper.Classes.ExamFormData+Subject] to JSON data
23/08/11_03:44:16 - Deserializing System.Collections.Generic.List`1[ExamPrepper.Classes.ExamFormData+Subject] to JSON data
23/08/11_03:44:17 - REFRESHING forms...
23/08/11_03:44:19 - FORMHANDLER called...
23/08/11_03:44:19 - Form does not exist in current list of active forms
23/08/11_03:44:19 - Getting current active form's ID in the active forms list
23/08/11_03:44:19 - REFRESHING forms...
23/08/11_03:44:19 - Deserializing ExamPrepper.Classes.ExamFormData+ExamTask to JSON data
23/08/11_03:44:19 - Deserializing ExamPrepper.Classes.ExamFormData+ExamTask to JSON data
23/08/11_03:44:19 - Deserializing ExamPrepper.Classes.ExamFormData+ExamTask to JSON data
23/08/11_03:44:19 - Deserializing ExamPrepper.Classes.ExamFormData+ExamTask to JSON data
23/08/11_03:44:19 - Deserializing System.Collections.Generic.List`1[ExamPrepper.Classes.ExamFormData+Subject] to JSON data
================
   New Session  
================
23/08/11_08:31:25 - Checking for all required folders to exist...
23/08/11_08:31:26 - FORMHANDLER called...
23/08/11_08:31:26 - Form does not exist in current list of active forms
23/08/11_08:31:26 - Getting current active form's ID in the active forms list
23/08/11_08:31:26 - REFRESHING forms...
23/08/11_08:31:26 - App loaded with no errors!
================
   New Session  
================
23/08/11_08:31:31 - Checking for all required folders to exist...
23/08/11_08:31:31 - FORMHANDLER called...
23/08/11_08:31:31 - Form does not exist in current list of active forms
23/08/11_08:31:31 - Getting current active form's ID in the active forms list
23/08/11_08:31:31 - REFRESHING forms...
23/08/11_08:31:31 - App loaded with no errors!
23/08/11_08:31:37 - FORMHANDLER called...
23/08/11_08:31:37 - Form does not exist in current list of active forms
23/08/11_08:31:37 - Getting current active form's ID in the active forms list
23/08/11_08:31:37 - REFRESHING forms...
23/08/11_08:31:37 - Deserializing ExamPrepper.Classes.ExamFormData+ExamTask to JSON data
23/08/11_08:31:37 - Deserializing ExamPrepper.Classes.ExamFormData+ExamTask to JSON data
23/08/11_08:31:37 - Deserializing ExamPrepper.Classes.ExamFormData+ExamTask to JSON data
23/08/11_08:31:37 - Deserializing ExamPrepper.Classes.ExamFormData+ExamTask to JSON data
23/08/11_08:31:37 - Deserializing System.Collections.Generic.List`1[ExamPrepper.Classes.ExamFormData+Subject] to JSON data
23/08/11_08:31:38 - REFRESHING forms...
23/08/11_08:31:39 - FORMHANDLER called...
23/08/11_08:31:39 - Form does not exist in current list of active forms
23/08/11_08:31:39 - Getting current active form's ID in the active forms list
23/08/11_08:31:39 - REFRESHING forms...
23/08/11_08:31:48 - REFRESHING forms...
23/08/11_08:31:49 - FORMHANDLER called...
23/08/11_08:31:49 - Form does not exist in current list of active forms
23/08/11_08:31:49 - Getting current active form's ID in the active forms list
23/08/11_08:31:49 - REFRESHING forms...
23/08/11_08:31:49 - Deserializing ExamPrepper.Classes.ExamFormData+ExamTask to JSON data
23/08/11_08:31:49 - Deserializing ExamPrepper.Classes.ExamFormData+ExamTask to JSON data
23/08/11_08:31:49 - Deserializing ExamPrepper.Classes.ExamFormData+ExamTask to JSON data
23/08/11_08:31:49 - Deserializing ExamPrepper.Classes.ExamFormData+ExamTask to JSON data
23/08/11_08:31:49 - Deserializing System.Collections.Generic.List`1[ExamPrepper.Classes.ExamFormData+Subject] to JSON data
23/08/11_08:31:59 - REFRESHING forms...
23/08/11_08:32:00 - FORMHANDLER called...
23/08/11_08:32:00 - Form does not exist in current list of active forms
23/08/11_08:32:00 - Getting current active form's ID in the active forms list
23/08/11_08:32:00 - REFRESHING forms...
23/08/11_08:32:05 - REFRESHING forms...
23/08/11_08:32:07 - Deserializing ExamPrepper.Classes.ExamFormData+Exam to JSON data
23/08/11_08:32:07 - FORMHANDLER called...
23/08/11_08:32:07 - Form does not exist in current list of active forms
23/08/11_08:32:07 - Deserializing System.Collections.Generic.List`1[ExamPrepper.Classes.ExamFormData+Subject] to JSON data
23/08/11_08:32:07 - Getting current active form's ID in the active forms list
23/08/11_08:32:07 - REFRESHING forms...
23/08/11_08:32:10 - REFRESHING forms...
23/08/11_08:32:11 - Deserializing ExamPrepper.Classes.ExamFormData+Exam to JSON data
23/08/11_08:32:11 - FORMHANDLER called...
23/08/11_08:32:11 - Form exists in current list of active form (Selecting form to show from list).
23/08/11_08:32:11 - Getting current active form's ID in the active forms list
23/08/11_08:32:11 - REFRESHING forms...
23/08/11_08:32:21 - FORMHANDLER called...
23/08/11_08:32:21 - Form does not exist in current list of active forms
23/08/11_08:32:21 - Getting current active form's ID in the active forms list
23/08/11_08:32:21 - REFRESHING forms...
23/08/11_08:32:21 - Deserializing ExamPrepper.Classes.ExamFormData+ExamTask to JSON data
23/08/11_08:32:21 - Deserializing ExamPrepper.Classes.ExamFormData+ExamTask to JSON data
23/08/11_08:32:21 - Deserializing ExamPrepper.Classes.ExamFormData+ExamTask to JSON data
23/08/11_08:32:21 - Deserializing ExamPrepper.Classes.ExamFormData+ExamTask to JSON data
23/08/11_08:32:21 - Deserializing System.Collections.Generic.List`1[ExamPrepper.Classes.ExamFormData+Subject] to JSON data
23/08/11_08:32:23 - Deserializing ExamPrepper.Classes.ExamFormData+ExamTask to JSON data
23/08/11_08:32:23 - Deserializing ExamPrepper.Classes.ExamFormData+ExamTask to JSON data
23/08/11_08:32:23 - Deserializing ExamPrepper.Classes.ExamFormData+ExamTask to JSON data
23/08/11_08:32:23 - Adding ExamPrepper.Classes.ExamFormData+Exam to JSON data located in './Data/Quizzes\Combination\11082023033502126.json'
23/08/11_08:32:23 - Serializing ExamPrepper.Classes.ExamFormData+Exam to JSON data
23/08/11_08:32:24 - REFRESHING forms...
23/08/11_08:32:25 - REFRESHING forms...
23/08/11_08:32:28 - Deserializing ExamPrepper.Classes.ExamFormData+Exam to JSON data
23/08/11_08:32:28 - FORMHANDLER called...
23/08/11_08:32:28 - Form exists in current list of active form (Selecting form to show from list).
23/08/11_08:32:28 - Getting current active form's ID in the active forms list
23/08/11_08:32:28 - REFRESHING forms...
23/08/11_08:32:29 - FORMHANDLER called...
23/08/11_08:32:29 - Form does not exist in current list of active forms
23/08/11_08:32:29 - Getting current active form's ID in the active forms list
23/08/11_08:32:29 - REFRESHING forms...
23/08/11_08:32:29 - Deserializing ExamPrepper.Classes.ExamFormData+ExamTask to JSON data
23/08/11_08:32:29 - Deserializing ExamPrepper.Classes.ExamFormData+ExamTask to JSON data
23/08/11_08:32:29 - Deserializing ExamPrepper.Classes.ExamFormData+ExamTask to JSON data
23/08/11_08:32:29 - Deserializing ExamPrepper.Classes.ExamFormData+ExamTask to JSON data
23/08/11_08:32:29 - Deserializing System.Collections.Generic.List`1[ExamPrepper.Classes.ExamFormData+Subject] to JSON data
23/08/11_08:32:31 - Deserializing ExamPrepper.Classes.ExamFormData+ExamTask to JSON data
23/08/11_08:32:31 - Deserializing ExamPrepper.Classes.ExamFormData+ExamTask to JSON data
23/08/11_08:32:31 - Deserializing ExamPrepper.Classes.ExamFormData+ExamTask to JSON data
23/08/11_08:32:31 - Adding ExamPrepper.Classes.ExamFormData+Exam to JSON data located in './Data/Quizzes\Combination\11082023033502126.json'
23/08/11_08:32:31 - Serializing ExamPrepper.Classes.ExamFormData+Exam to JSON data
23/08/11_08:32:32 - Deserializing ExamPrepper.Classes.ExamFormData+ExamTask to JSON data
23/08/11_08:32:32 - Deserializing ExamPrepper.Classes.ExamFormData+ExamTask to JSON data
23/08/11_08:32:32 - Deserializing ExamPrepper.Classes.ExamFormData+ExamTask to JSON data
23/08/11_08:32:32 - Adding ExamPrepper.Classes.ExamFormData+Exam to JSON data located in './Data/Quizzes\Combination\11082023033502126.json'
23/08/11_08:32:32 - Serializing ExamPrepper.Classes.ExamFormData+Exam to JSON data
23/08/11_08:32:32 - Deserializing ExamPrepper.Classes.ExamFormData+ExamTask to JSON data
23/08/11_08:32:32 - Deserializing ExamPrepper.Classes.ExamFormData+ExamTask to JSON data
23/08/11_08:32:32 - Deserializing ExamPrepper.Classes.ExamFormData+ExamTask to JSON data
23/08/11_08:32:32 - Adding ExamPrepper.Classes.ExamFormData+Exam to JSON data located in './Data/Quizzes\Combination\11082023033502126.json'
23/08/11_08:32:32 - Serializing ExamPrepper.Classes.ExamFormData+Exam to JSON data
23/08/11_08:32:32 - Deserializing ExamPrepper.Classes.ExamFormData+ExamTask to JSON data
23/08/11_08:32:32 - Deserializing ExamPrepper.Classes.ExamFormData+ExamTask to JSON data
23/08/11_08:32:32 - Deserializing ExamPrepper.Classes.ExamFormData+ExamTask to JSON data
23/08/11_08:32:32 - Adding ExamPrepper.Classes.ExamFormData+Exam to JSON data located in './Data/Quizzes\Combination\11082023033502126.json'
23/08/11_08:32:32 - Serializing ExamPrepper.Classes.ExamFormData+Exam to JSON data
23/08/11_08:32:33 - REFRESHING forms...
================
   New Session  
================
23/08/11_08:33:10 - Checking for all required folders to exist...
23/08/11_08:33:10 - FORMHANDLER called...
23/08/11_08:33:10 - Form does not exist in current list of active forms
23/08/11_08:33:10 - Getting current active form's ID in the active forms list
23/08/11_08:33:10 - REFRESHING forms...
23/08/11_08:33:10 - App loaded with no errors!
23/08/11_08:33:12 - Deserializing ExamPrepper.Classes.ExamFormData+Exam to JSON data
23/08/11_08:33:12 - FORMHANDLER called...
23/08/11_08:33:12 - Form does not exist in current list of active forms
23/08/11_08:33:12 - Deserializing System.Collections.Generic.List`1[ExamPrepper.Classes.ExamFormData+Subject] to JSON data
23/08/11_08:33:12 - Getting current active form's ID in the active forms list
23/08/11_08:33:12 - REFRESHING forms...
23/08/11_08:33:15 - REFRESHING forms...
23/08/11_08:33:16 - Deserializing ExamPrepper.Classes.ExamFormData+Exam to JSON data
23/08/11_08:33:16 - FORMHANDLER called...
23/08/11_08:33:16 - Form exists in current list of active form (Selecting form to show from list).
23/08/11_08:33:16 - Getting current active form's ID in the active forms list
23/08/11_08:33:16 - REFRESHING forms...
================
   New Session  
================
23/08/11_08:33:24 - Checking for all required folders to exist...
23/08/11_08:33:24 - FORMHANDLER called...
23/08/11_08:33:24 - Form does not exist in current list of active forms
23/08/11_08:33:24 - Getting current active form's ID in the active forms list
23/08/11_08:33:24 - REFRESHING forms...
23/08/11_08:33:24 - App loaded with no errors!
23/08/11_08:33:25 - Deserializing ExamPrepper.Classes.ExamFormData+Exam to JSON data
23/08/11_08:33:25 - FORMHANDLER called...
23/08/11_08:33:25 - Form does not exist in current list of active forms
23/08/11_08:33:25 - Deserializing System.Collections.Generic.List`1[ExamPrepper.Classes.ExamFormData+Subject] to JSON data
23/08/11_08:33:25 - Getting current active form's ID in the active forms list
23/08/11_08:33:25 - REFRESHING forms...
23/08/11_08:33:28 - FORMHANDLER called...
23/08/11_08:33:28 - Form does not exist in current list of active forms
23/08/11_08:33:28 - Getting current active form's ID in the active forms list
23/08/11_08:33:28 - REFRESHING forms...
23/08/11_08:33:28 - Deserializing ExamPrepper.Classes.ExamFormData+ExamTask to JSON data
23/08/11_08:33:28 - Deserializing ExamPrepper.Classes.ExamFormData+ExamTask to JSON data
23/08/11_08:33:28 - Deserializing ExamPrepper.Classes.ExamFormData+ExamTask to JSON data
23/08/11_08:33:28 - Deserializing ExamPrepper.Classes.ExamFormData+ExamTask to JSON data
23/08/11_08:33:28 - Deserializing System.Collections.Generic.List`1[ExamPrepper.Classes.ExamFormData+Subject] to JSON data
23/08/11_08:33:31 - Deserializing ExamPrepper.Classes.ExamFormData+ExamTask to JSON data
23/08/11_08:33:31 - Deserializing ExamPrepper.Classes.ExamFormData+ExamTask to JSON data
23/08/11_08:33:31 - Deserializing ExamPrepper.Classes.ExamFormData+ExamTask to JSON data
23/08/11_08:33:31 - Deserializing ExamPrepper.Classes.ExamFormData+ExamTask to JSON data
23/08/11_08:33:31 - Adding ExamPrepper.Classes.ExamFormData+Exam to JSON data located in './Data/Quizzes\Combination\11082023033502126.json'
23/08/11_08:33:31 - Serializing ExamPrepper.Classes.ExamFormData+Exam to JSON data
23/08/11_08:33:32 - REFRESHING forms...
23/08/11_08:33:33 - FORMHANDLER called...
23/08/11_08:33:33 - Force closing all current active forms.
23/08/11_08:33:33 - Force closing all current active forms.
23/08/11_08:33:33 - Form does not exist in current list of active forms
23/08/11_08:33:33 - Getting current active form's ID in the active forms list
23/08/11_08:33:33 - REFRESHING forms...
23/08/11_08:33:34 - Deserializing ExamPrepper.Classes.ExamFormData+Exam to JSON data
23/08/11_08:33:34 - FORMHANDLER called...
23/08/11_08:33:34 - Form does not exist in current list of active forms
23/08/11_08:33:34 - Deserializing System.Collections.Generic.List`1[ExamPrepper.Classes.ExamFormData+Subject] to JSON data
23/08/11_08:33:34 - Getting current active form's ID in the active forms list
23/08/11_08:33:34 - REFRESHING forms...
23/08/11_08:33:48 - REFRESHING forms...
23/08/11_08:33:48 - Deserializing ExamPrepper.Classes.ExamFormData+Exam to JSON data
23/08/11_08:33:48 - FORMHANDLER called...
23/08/11_08:33:48 - Form exists in current list of active form (Selecting form to show from list).
23/08/11_08:33:48 - Getting current active form's ID in the active forms list
23/08/11_08:33:48 - REFRESHING forms...
23/08/11_08:33:49 - REFRESHING forms...
23/08/11_08:33:50 - FORMHANDLER called...
23/08/11_08:33:50 - Form does not exist in current list of active forms
23/08/11_08:33:50 - Getting current active form's ID in the active forms list
23/08/11_08:33:50 - REFRESHING forms...
23/08/11_08:33:50 - Deserializing ExamPrepper.Classes.ExamFormData+ExamTask to JSON data
23/08/11_08:33:50 - Deserializing ExamPrepper.Classes.ExamFormData+ExamTask to JSON data
23/08/11_08:33:50 - Deserializing ExamPrepper.Classes.ExamFormData+ExamTask to JSON data
23/08/11_08:33:50 - Deserializing ExamPrepper.Classes.ExamFormData+ExamTask to JSON data
23/08/11_08:33:50 - Deserializing System.Collections.Generic.List`1[ExamPrepper.Classes.ExamFormData+Subject] to JSON data
23/08/11_08:33:53 - REFRESHING forms...
23/08/11_08:33:54 - REFRESHING forms...
23/08/11_08:34:08 - Deserializing ExamPrepper.Classes.ExamFormData+Exam to JSON data
23/08/11_08:34:08 - FORMHANDLER called...
23/08/11_08:34:08 - Form exists in current list of active form (Selecting form to show from list).
23/08/11_08:34:08 - Getting current active form's ID in the active forms list
23/08/11_08:34:08 - REFRESHING forms...
23/08/11_08:34:09 - REFRESHING forms...
23/08/11_08:34:10 - FORMHANDLER called...
23/08/11_08:34:10 - Form does not exist in current list of active forms
23/08/11_08:34:10 - Getting current active form's ID in the active forms list
23/08/11_08:34:10 - REFRESHING forms...
23/08/11_08:34:10 - Deserializing System.Collections.Generic.List`1[ExamPrepper.Classes.ExamFormData+Subject] to JSON data
23/08/11_08:34:10 - Deserializing System.Collections.Generic.List`1[ExamPrepper.Classes.ExamFormData+Subject] to JSON data
23/08/11_08:34:14 - FORMHANDLER called...
23/08/11_08:34:14 - Form does not exist in current list of active forms
23/08/11_08:34:14 - Getting current active form's ID in the active forms list
23/08/11_08:34:14 - REFRESHING forms...
23/08/11_08:34:18 - REFRESHING forms...
23/08/11_08:34:18 - Deserializing System.Collections.Generic.List`1[ExamPrepper.Classes.ExamFormData+Subject] to JSON data
23/08/11_08:34:19 - FORMHANDLER called...
23/08/11_08:34:19 - Form does not exist in current list of active forms
23/08/11_08:34:19 - Getting current active form's ID in the active forms list
23/08/11_08:34:19 - REFRESHING forms...
23/08/11_08:34:23 - Deserializing System.Collections.Generic.List`1[ExamPrepper.Classes.ExamFormData+Subject] to JSON data
23/08/11_08:34:23 - FORMHANDLER called...
23/08/11_08:34:23 - Form does not exist in current list of active forms
23/08/11_08:34:27 - Getting current active form's ID in the active forms list
23/08/11_08:34:27 - REFRESHING forms...
================
   New Session  
================
23/08/11_08:34:31 - Checking for all required folders to exist...
23/08/11_08:34:31 - FORMHANDLER called...
23/08/11_08:34:31 - Form does not exist in current list of active forms
23/08/11_08:34:31 - Getting current active form's ID in the active forms list
23/08/11_08:34:31 - REFRESHING forms...
23/08/11_08:34:31 - App loaded with no errors!
23/08/11_08:34:35 - Deserializing ExamPrepper.Classes.ExamFormData+Exam to JSON data
23/08/11_08:34:35 - FORMHANDLER called...
23/08/11_08:34:35 - Form does not exist in current list of active forms
23/08/11_08:34:35 - Deserializing System.Collections.Generic.List`1[ExamPrepper.Classes.ExamFormData+Subject] to JSON data
23/08/11_08:34:35 - Getting current active form's ID in the active forms list
23/08/11_08:34:35 - REFRESHING forms...
23/08/11_08:34:45 - FORMHANDLER called...
23/08/11_08:34:45 - Form does not exist in current list of active forms
23/08/11_08:35:18 - Getting current active form's ID in the active forms list
23/08/11_08:35:18 - REFRESHING forms...
================
   New Session  
================
23/08/11_08:35:27 - Checking for all required folders to exist...
23/08/11_08:35:27 - FORMHANDLER called...
23/08/11_08:35:27 - Form does not exist in current list of active forms
23/08/11_08:35:27 - Getting current active form's ID in the active forms list
23/08/11_08:35:27 - REFRESHING forms...
23/08/11_08:35:27 - App loaded with no errors!
23/08/11_08:35:28 - Deserializing ExamPrepper.Classes.ExamFormData+Exam to JSON data
23/08/11_08:35:28 - FORMHANDLER called...
23/08/11_08:35:28 - Form does not exist in current list of active forms
23/08/11_08:35:28 - Deserializing System.Collections.Generic.List`1[ExamPrepper.Classes.ExamFormData+Subject] to JSON data
23/08/11_08:35:28 - Getting current active form's ID in the active forms list
23/08/11_08:35:28 - REFRESHING forms...
23/08/11_08:35:30 - REFRESHING forms...
================
   New Session  
================
23/08/11_10:59:55 - Checking for all required folders to exist...
23/08/11_10:59:55 - FORMHANDLER called...
23/08/11_10:59:55 - Form does not exist in current list of active forms
23/08/11_10:59:55 - Getting current active form's ID in the active forms list
23/08/11_10:59:55 - REFRESHING forms...
23/08/11_10:59:55 - App loaded with no errors!
23/08/11_11:00:05 - Deserializing ExamPrepper.Classes.ExamFormData+Exam to JSON data
23/08/11_11:00:05 - FORMHANDLER called...
23/08/11_11:00:05 - Form does not exist in current list of active forms
23/08/11_11:00:05 - Deserializing System.Collections.Generic.List`1[ExamPrepper.Classes.ExamFormData+Subject] to JSON data
23/08/11_11:00:05 - Getting current active form's ID in the active forms list
23/08/11_11:00:05 - REFRESHING forms...
23/08/11_11:00:06 - REFRESHING forms...
23/08/11_11:00:07 - FORMHANDLER called...
23/08/11_11:00:07 - Form does not exist in current list of active forms
23/08/11_11:00:07 - Getting current active form's ID in the active forms list
23/08/11_11:00:07 - REFRESHING forms...
