LOG FILE FOR 04/08/2023
===================================================
  Logging started
===================================================
23/08/04_03:14:41 - Checking for all required folders to exist...
23/08/04_03:14:41 - FORMHANDLER called...
23/08/04_03:14:41 - Form does not exist in current list of active forms
23/08/04_03:14:41 - Getting current active form's ID in the active forms list
23/08/04_03:14:41 - REFRESHING forms...
23/08/04_03:14:41 - App loaded with no errors!
23/08/04_03:14:43 - FORMHANDLER called...
23/08/04_03:14:43 - Form does not exist in current list of active forms
23/08/04_03:14:43 - Getting current active form's ID in the active forms list
23/08/04_03:14:43 - REFRESHING forms...
23/08/04_03:14:43 - Deserializing Subject to JSON data
23/08/04_03:14:43 - Deserializing Subject to JSON data
23/08/04_03:14:45 - FORMHANDLER called...
23/08/04_03:14:45 - Form does not exist in current list of active forms
23/08/04_03:14:45 - Getting current active form's ID in the active forms list
23/08/04_03:14:45 - REFRESHING forms...
23/08/04_05:58:48 - Checking for all required folders to exist...
23/08/04_05:58:48 - FORMHANDLER called...
23/08/04_05:58:48 - Form does not exist in current list of active forms
23/08/04_05:58:49 - Getting current active form's ID in the active forms list
23/08/04_05:58:49 - REFRESHING forms...
23/08/04_05:58:49 - App loaded with no errors!
23/08/04_05:58:52 - FORMHANDLER called...
23/08/04_05:58:52 - Form does not exist in current list of active forms
23/08/04_05:58:52 - Getting current active form's ID in the active forms list
23/08/04_05:58:52 - REFRESHING forms...
23/08/04_05:58:52 - Deserializing Subject to JSON data
23/08/04_05:58:52 - Deserializing Subject to JSON data
23/08/04_05:58:54 - FORMHANDLER called...
23/08/04_05:58:54 - Form does not exist in current list of active forms
23/08/04_05:58:55 - Getting current active form's ID in the active forms list
23/08/04_05:58:55 - REFRESHING forms...
