LOG FILE FOR 22/08/2023
===================================================
  Logging started
===================================================
================
   New Session  
================
23/08/22_02:08:21 - Checking for all required folders to exist...
23/08/22_02:08:21 - FORMHANDLER called...
23/08/22_02:08:21 - Form does not exist in current list of active forms
23/08/22_02:08:21 - Getting current active form's ID in the active forms list
23/08/22_02:08:21 - REFRESHING forms...
23/08/22_02:08:21 - App loaded with no errors!
23/08/22_02:08:30 - Deserializing ExamPrepper.Classes.ExamFormData+Exam to JSON data
23/08/22_02:08:30 - Deserializing ExamPrepper.Classes.ExamFormData+Exam to JSON data
23/08/22_02:08:30 - Deserializing ExamPrepper.Classes.ExamFormData+Exam to JSON data
23/08/22_02:08:30 - Deserializing ExamPrepper.Classes.ExamFormData+Exam to JSON data
23/08/22_02:08:30 - Deserializing ExamPrepper.Classes.ExamFormData+Exam to JSON data
23/08/22_02:08:30 - FORMHANDLER called...
23/08/22_02:08:30 - Form does not exist in current list of active forms
23/08/22_02:08:30 - Deserializing System.Collections.Generic.List`1[ExamPrepper.Classes.ExamFormData+Subject] to JSON data
23/08/22_02:08:30 - Getting current active form's ID in the active forms list
23/08/22_02:08:30 - REFRESHING forms...
23/08/22_02:08:32 - Deserializing ExamPrepper.Classes.ExamFormData+Results to JSON data
23/08/22_02:08:32 - Deserializing ExamPrepper.Classes.ExamFormData+Results to JSON data
23/08/22_02:08:32 - Deserializing ExamPrepper.Classes.ExamFormData+Results to JSON data
23/08/22_02:08:32 - Deserializing ExamPrepper.Classes.ExamFormData+Results to JSON data
23/08/22_02:08:32 - Deserializing ExamPrepper.Classes.ExamFormData+Results to JSON data
23/08/22_02:08:32 - Deserializing ExamPrepper.Classes.ExamFormData+Results to JSON data
23/08/22_02:08:32 - FORMHANDLER called...
23/08/22_02:08:32 - Form does not exist in current list of active forms
23/08/22_02:08:32 - Getting current active form's ID in the active forms list
23/08/22_02:08:32 - REFRESHING forms...
23/08/22_02:08:39 - FORMHANDLER called...
23/08/22_02:08:39 - Form does not exist in current list of active forms
23/08/22_02:08:39 - Getting current active form's ID in the active forms list
23/08/22_02:08:39 - REFRESHING forms...
23/08/22_02:08:39 - FORMHANDLER called...
23/08/22_02:08:39 - Form does not exist in current list of active forms
23/08/22_02:08:39 - Getting current active form's ID in the active forms list
23/08/22_02:08:39 - REFRESHING forms...
23/08/22_02:08:39 - FORMHANDLER called...
23/08/22_02:08:39 - Form does not exist in current list of active forms
23/08/22_02:08:39 - Getting current active form's ID in the active forms list
23/08/22_02:08:39 - REFRESHING forms...
23/08/22_02:08:39 - FORMHANDLER called...
23/08/22_02:08:39 - Form does not exist in current list of active forms
23/08/22_02:08:39 - Getting current active form's ID in the active forms list
23/08/22_02:08:39 - REFRESHING forms...
23/08/22_02:08:39 - FORMHANDLER called...
23/08/22_02:08:39 - Form does not exist in current list of active forms
23/08/22_02:08:39 - Getting current active form's ID in the active forms list
23/08/22_02:08:39 - REFRESHING forms...
23/08/22_02:08:39 - FORMHANDLER called...
23/08/22_02:08:39 - Form does not exist in current list of active forms
23/08/22_02:08:39 - Getting current active form's ID in the active forms list
23/08/22_02:08:39 - REFRESHING forms...
23/08/22_02:08:39 - FORMHANDLER called...
23/08/22_02:08:39 - Form exists in current list of active form (Selecting form to show from list).
23/08/22_02:08:39 - Getting current active form's ID in the active forms list
23/08/22_02:08:39 - REFRESHING forms...
23/08/22_02:08:39 - REFRESHING forms...
23/08/22_02:08:41 - REFRESHING forms...
23/08/22_02:08:42 - REFRESHING forms...
23/08/22_02:08:43 - REFRESHING forms...
23/08/22_02:08:45 - REFRESHING forms...
23/08/22_02:08:46 - REFRESHING forms...
23/08/22_02:08:49 - FORMHANDLER called...
23/08/22_02:08:49 - Force closing form, returning to start.
23/08/22_02:08:49 - FORMHANDLER called...
23/08/22_02:08:49 - Form exists in current list of active form (Selecting form to show from list).
23/08/22_02:08:49 - Getting current active form's ID in the active forms list
23/08/22_02:08:49 - REFRESHING forms...
23/08/22_02:08:49 - FORMHANDLER called...
23/08/22_02:08:49 - Force closing form, returning to start.
23/08/22_02:08:49 - FORMHANDLER called...
23/08/22_02:08:49 - Form exists in current list of active form (Selecting form to show from list).
23/08/22_02:08:49 - Getting current active form's ID in the active forms list
23/08/22_02:08:49 - REFRESHING forms...
23/08/22_02:08:49 - FORMHANDLER called...
23/08/22_02:08:49 - Force closing form, returning to start.
23/08/22_02:08:49 - FORMHANDLER called...
23/08/22_02:08:49 - Form exists in current list of active form (Selecting form to show from list).
23/08/22_02:08:49 - Getting current active form's ID in the active forms list
23/08/22_02:08:49 - REFRESHING forms...
23/08/22_02:08:49 - FORMHANDLER called...
23/08/22_02:08:49 - Force closing form, returning to start.
23/08/22_02:08:49 - FORMHANDLER called...
23/08/22_02:08:49 - Form exists in current list of active form (Selecting form to show from list).
23/08/22_02:08:49 - Getting current active form's ID in the active forms list
23/08/22_02:08:49 - REFRESHING forms...
23/08/22_02:08:49 - FORMHANDLER called...
23/08/22_02:08:49 - Force closing form, returning to start.
23/08/22_02:08:49 - FORMHANDLER called...
23/08/22_02:08:49 - Form exists in current list of active form (Selecting form to show from list).
23/08/22_02:08:49 - Getting current active form's ID in the active forms list
23/08/22_02:08:49 - REFRESHING forms...
23/08/22_02:08:49 - FORMHANDLER called...
23/08/22_02:08:49 - Force closing form, returning to start.
23/08/22_02:08:49 - FORMHANDLER called...
23/08/22_02:08:49 - Form exists in current list of active form (Selecting form to show from list).
23/08/22_02:08:49 - Getting current active form's ID in the active forms list
23/08/22_02:08:49 - REFRESHING forms...
23/08/22_02:09:05 - Deserializing ExamPrepper.Classes.ExamFormData+Exam to JSON data
23/08/22_02:09:05 - Deserializing ExamPrepper.Classes.ExamFormData+Exam to JSON data
23/08/22_02:09:05 - Deserializing ExamPrepper.Classes.ExamFormData+Exam to JSON data
23/08/22_02:09:05 - Deserializing ExamPrepper.Classes.ExamFormData+Exam to JSON data
23/08/22_02:09:05 - Deserializing ExamPrepper.Classes.ExamFormData+Exam to JSON data
23/08/22_02:09:05 - FORMHANDLER called...
23/08/22_02:09:05 - Form does not exist in current list of active forms
23/08/22_02:09:05 - Deserializing System.Collections.Generic.List`1[ExamPrepper.Classes.ExamFormData+Subject] to JSON data
23/08/22_02:09:05 - Getting current active form's ID in the active forms list
23/08/22_02:09:05 - REFRESHING forms...
23/08/22_02:09:07 - REFRESHING forms...
23/08/22_02:09:08 - FORMHANDLER called...
23/08/22_02:09:08 - Form does not exist in current list of active forms
23/08/22_02:09:08 - Getting current active form's ID in the active forms list
23/08/22_02:09:08 - REFRESHING forms...
23/08/22_02:09:08 - Deserializing System.Collections.Generic.List`1[ExamPrepper.Classes.ExamFormData+Subject] to JSON data
23/08/22_02:09:08 - Deserializing System.Collections.Generic.List`1[ExamPrepper.Classes.ExamFormData+Subject] to JSON data
23/08/22_02:09:09 - REFRESHING forms...
23/08/22_02:09:10 - Deserializing ExamPrepper.Classes.ExamFormData+Exam to JSON data
23/08/22_02:09:10 - Deserializing ExamPrepper.Classes.ExamFormData+Exam to JSON data
23/08/22_02:09:10 - Deserializing ExamPrepper.Classes.ExamFormData+Exam to JSON data
23/08/22_02:09:10 - Deserializing ExamPrepper.Classes.ExamFormData+Exam to JSON data
23/08/22_02:09:10 - Deserializing ExamPrepper.Classes.ExamFormData+Exam to JSON data
23/08/22_02:09:10 - FORMHANDLER called...
23/08/22_02:09:10 - Form does not exist in current list of active forms
23/08/22_02:09:10 - Deserializing System.Collections.Generic.List`1[ExamPrepper.Classes.ExamFormData+Subject] to JSON data
23/08/22_02:09:10 - Getting current active form's ID in the active forms list
23/08/22_02:09:10 - REFRESHING forms...
23/08/22_02:09:11 - REFRESHING forms...
23/08/22_02:09:12 - FORMHANDLER called...
23/08/22_02:09:12 - Form does not exist in current list of active forms
23/08/22_02:09:12 - Getting current active form's ID in the active forms list
23/08/22_02:09:12 - REFRESHING forms...
23/08/22_02:09:12 - Deserializing ExamPrepper.Classes.ExamFormData+ExamTask to JSON data
23/08/22_02:09:12 - Deserializing ExamPrepper.Classes.ExamFormData+ExamTask to JSON data
23/08/22_02:09:12 - Deserializing ExamPrepper.Classes.ExamFormData+ExamTask to JSON data
23/08/22_02:09:12 - Deserializing ExamPrepper.Classes.ExamFormData+ExamTask to JSON data
23/08/22_02:09:12 - Deserializing ExamPrepper.Classes.ExamFormData+ExamTask to JSON data
23/08/22_02:09:12 - Deserializing ExamPrepper.Classes.ExamFormData+ExamTask to JSON data
23/08/22_02:09:12 - Deserializing ExamPrepper.Classes.ExamFormData+ExamTask to JSON data
23/08/22_02:09:12 - Deserializing ExamPrepper.Classes.ExamFormData+ExamTask to JSON data
23/08/22_02:09:12 - Deserializing ExamPrepper.Classes.ExamFormData+ExamTask to JSON data
23/08/22_02:09:12 - Deserializing ExamPrepper.Classes.ExamFormData+ExamTask to JSON data
23/08/22_02:09:12 - Deserializing ExamPrepper.Classes.ExamFormData+ExamTask to JSON data
23/08/22_02:09:12 - Deserializing System.Collections.Generic.List`1[ExamPrepper.Classes.ExamFormData+Subject] to JSON data
23/08/22_02:09:15 - FORMHANDLER called...
23/08/22_02:09:15 - Form does not exist in current list of active forms
23/08/22_02:09:15 - Getting current active form's ID in the active forms list
23/08/22_02:09:15 - REFRESHING forms...
23/08/22_02:13:09 - REFRESHING forms...
23/08/22_02:13:10 - REFRESHING forms...
23/08/22_02:13:11 - REFRESHING forms...
23/08/22_02:13:12 - REFRESHING forms...
23/08/22_02:13:12 - REFRESHING forms...
23/08/22_02:13:13 - REFRESHING forms...
23/08/22_02:13:13 - REFRESHING forms...
23/08/22_02:13:15 - REFRESHING forms...
23/08/22_02:13:18 - REFRESHING forms...
23/08/22_02:13:18 - REFRESHING forms...
23/08/22_02:13:19 - Deserializing ExamPrepper.Classes.ExamFormData+Exam to JSON data
23/08/22_02:13:19 - FORMHANDLER called...
23/08/22_02:13:19 - Form does not exist in current list of active forms
23/08/22_02:13:19 - Deserializing System.Collections.Generic.List`1[ExamPrepper.Classes.ExamFormData+Subject] to JSON data
23/08/22_02:13:19 - Getting current active form's ID in the active forms list
23/08/22_02:13:19 - REFRESHING forms...
23/08/22_02:13:20 - REFRESHING forms...
23/08/22_02:13:20 - REFRESHING forms...
23/08/22_02:13:21 - REFRESHING forms...
23/08/22_02:13:21 - REFRESHING forms...
23/08/22_02:13:22 - REFRESHING forms...
