LOG FILE FOR 15/08/2023
===================================================
  Logging started
===================================================
================
   New Session  
================
23/08/15_12:16:12 - Checking for all required folders to exist...
23/08/15_12:16:12 - FORMHANDLER called...
23/08/15_12:16:12 - Form does not exist in current list of active forms
23/08/15_12:16:12 - Getting current active form's ID in the active forms list
23/08/15_12:16:12 - REFRESHING forms...
23/08/15_12:16:13 - App loaded with no errors!
23/08/15_12:16:13 - Deserializing ExamPrepper.Classes.ExamFormData+Exam to JSON data
23/08/15_12:16:14 - Deserializing ExamPrepper.Classes.ExamFormData+Exam to JSON data
23/08/15_12:16:14 - Deserializing ExamPrepper.Classes.ExamFormData+Exam to JSON data
23/08/15_12:16:14 - FORMHANDLER called...
23/08/15_12:16:14 - Form does not exist in current list of active forms
23/08/15_12:16:14 - Deserializing System.Collections.Generic.List`1[ExamPrepper.Classes.ExamFormData+Subject] to JSON data
23/08/15_12:16:14 - Getting current active form's ID in the active forms list
23/08/15_12:16:14 - REFRESHING forms...
23/08/15_12:16:15 - FORMHANDLER called...
23/08/15_12:16:15 - Form does not exist in current list of active forms
23/08/15_12:16:15 - Getting current active form's ID in the active forms list
23/08/15_12:16:15 - REFRESHING forms...
23/08/15_12:16:15 - FORMHANDLER called...
23/08/15_12:16:15 - Form does not exist in current list of active forms
23/08/15_12:16:15 - Getting current active form's ID in the active forms list
23/08/15_12:16:15 - REFRESHING forms...
23/08/15_12:16:15 - FORMHANDLER called...
23/08/15_12:16:15 - Form does not exist in current list of active forms
23/08/15_12:16:15 - Getting current active form's ID in the active forms list
23/08/15_12:16:15 - REFRESHING forms...
23/08/15_12:16:15 - FORMHANDLER called...
23/08/15_12:16:15 - Form does not exist in current list of active forms
23/08/15_12:16:16 - Getting current active form's ID in the active forms list
23/08/15_12:16:16 - REFRESHING forms...
23/08/15_12:16:16 - FORMHANDLER called...
23/08/15_12:16:16 - Form does not exist in current list of active forms
23/08/15_12:16:16 - Getting current active form's ID in the active forms list
23/08/15_12:16:16 - REFRESHING forms...
23/08/15_12:16:17 - REFRESHING forms...
23/08/15_12:16:18 - REFRESHING forms...
23/08/15_12:16:18 - REFRESHING forms...
