LOG FILE FOR 01/08/2023
===================================================
  Logging started
===================================================
23/08/01_05:28:44 - Checking for all required folders to exist...
23/08/01_05:28:44 - FORMHANDLER called...
23/08/01_05:28:44 - Form does not exist in current list of active forms
23/08/01_05:28:44 - Getting current active form's ID in the active forms list
23/08/01_05:28:44 - REFRESHING forms...
23/08/01_05:28:44 - App loaded with no errors!
23/08/01_05:28:45 - FORMHANDLER called...
23/08/01_05:28:45 - Form does not exist in current list of active forms
23/08/01_05:28:45 - Getting current active form's ID in the active forms list
23/08/01_05:28:45 - REFRESHING forms...
23/08/01_05:28:45 - Deserializing Subject to JSON data
23/08/01_05:28:45 - Deserializing Subject to JSON data
23/08/01_05:28:46 - FORMHANDLER called...
23/08/01_05:28:46 - Form does not exist in current list of active forms
23/08/01_05:28:47 - Deserializing Subject to JSON data
23/08/01_05:28:54 - Getting current active form's ID in the active forms list
23/08/01_05:28:54 - REFRESHING forms...
23/08/01_05:28:54 - Deserializing Subject to JSON data
23/08/01_05:47:31 - Checking for all required folders to exist...
23/08/01_05:47:31 - FORMHANDLER called...
23/08/01_05:47:31 - Form does not exist in current list of active forms
23/08/01_05:47:31 - Getting current active form's ID in the active forms list
23/08/01_05:47:31 - REFRESHING forms...
23/08/01_05:47:31 - App loaded with no errors!
23/08/01_05:47:37 - FORMHANDLER called...
23/08/01_05:47:37 - Form does not exist in current list of active forms
23/08/01_05:47:37 - Getting current active form's ID in the active forms list
23/08/01_05:47:37 - REFRESHING forms...
23/08/01_05:47:37 - Deserializing Subject to JSON data
23/08/01_05:47:37 - Deserializing Subject to JSON data
23/08/01_05:47:39 - FORMHANDLER called...
23/08/01_05:47:39 - Form does not exist in current list of active forms
23/08/01_05:47:39 - Deserializing Subject to JSON data
23/08/01_05:47:40 - Getting current active form's ID in the active forms list
23/08/01_05:47:40 - REFRESHING forms...
23/08/01_05:47:40 - Deserializing Subject to JSON data
23/08/01_05:47:42 - FORMHANDLER called...
23/08/01_05:47:42 - Form does not exist in current list of active forms
23/08/01_05:47:42 - Getting current active form's ID in the active forms list
23/08/01_05:47:42 - REFRESHING forms...
23/08/01_05:47:45 - REFRESHING forms...
23/08/01_05:47:45 - Deserializing Subject to JSON data
23/08/01_05:51:28 - Checking for all required folders to exist...
23/08/01_05:51:28 - FORMHANDLER called...
23/08/01_05:51:28 - Form does not exist in current list of active forms
23/08/01_05:51:28 - Getting current active form's ID in the active forms list
23/08/01_05:51:28 - REFRESHING forms...
23/08/01_05:51:28 - App loaded with no errors!
23/08/01_05:51:31 - FORMHANDLER called...
23/08/01_05:51:31 - Form does not exist in current list of active forms
23/08/01_05:51:31 - Getting current active form's ID in the active forms list
23/08/01_05:51:31 - REFRESHING forms...
23/08/01_05:51:31 - Deserializing Subject to JSON data
23/08/01_05:51:31 - Deserializing Subject to JSON data
23/08/01_05:51:36 - FORMHANDLER called...
23/08/01_05:51:36 - Form does not exist in current list of active forms
23/08/01_05:51:36 - Getting current active form's ID in the active forms list
23/08/01_05:51:36 - REFRESHING forms...
23/08/01_05:52:31 - Checking for all required folders to exist...
23/08/01_05:52:31 - FORMHANDLER called...
23/08/01_05:52:31 - Form does not exist in current list of active forms
23/08/01_05:52:31 - Getting current active form's ID in the active forms list
23/08/01_05:52:31 - REFRESHING forms...
23/08/01_05:52:31 - App loaded with no errors!
23/08/01_05:52:32 - FORMHANDLER called...
23/08/01_05:52:32 - Form does not exist in current list of active forms
23/08/01_05:52:32 - Getting current active form's ID in the active forms list
23/08/01_05:52:32 - REFRESHING forms...
23/08/01_05:52:32 - Deserializing Subject to JSON data
23/08/01_05:52:32 - Deserializing Subject to JSON data
23/08/01_05:52:39 - FORMHANDLER called...
23/08/01_05:52:39 - Form does not exist in current list of active forms
23/08/01_05:52:39 - Deserializing Subject to JSON data
23/08/01_05:52:40 - Getting current active form's ID in the active forms list
23/08/01_05:52:40 - REFRESHING forms...
23/08/01_05:52:40 - Deserializing Subject to JSON data
23/08/01_05:52:53 - Checking for all required folders to exist...
23/08/01_05:52:53 - FORMHANDLER called...
23/08/01_05:52:53 - Form does not exist in current list of active forms
23/08/01_05:52:53 - Getting current active form's ID in the active forms list
23/08/01_05:52:53 - REFRESHING forms...
23/08/01_05:52:53 - App loaded with no errors!
23/08/01_05:52:54 - FORMHANDLER called...
23/08/01_05:52:54 - Form does not exist in current list of active forms
23/08/01_05:52:54 - Getting current active form's ID in the active forms list
23/08/01_05:52:54 - REFRESHING forms...
23/08/01_05:52:54 - Deserializing Subject to JSON data
23/08/01_05:52:54 - Deserializing Subject to JSON data
23/08/01_05:52:54 - FORMHANDLER called...
23/08/01_05:52:54 - Form does not exist in current list of active forms
23/08/01_05:52:54 - Deserializing Subject to JSON data
23/08/01_05:52:58 - Getting current active form's ID in the active forms list
23/08/01_05:52:58 - REFRESHING forms...
23/08/01_05:52:58 - Deserializing Subject to JSON data
23/08/01_05:53:04 - FORMHANDLER called...
23/08/01_05:53:04 - Form does not exist in current list of active forms
23/08/01_05:53:04 - Getting current active form's ID in the active forms list
23/08/01_05:53:04 - REFRESHING forms...
23/08/01_05:54:05 - Checking for all required folders to exist...
23/08/01_05:54:05 - FORMHANDLER called...
23/08/01_05:54:05 - Form does not exist in current list of active forms
23/08/01_05:54:05 - Getting current active form's ID in the active forms list
23/08/01_05:54:05 - REFRESHING forms...
23/08/01_05:54:05 - App loaded with no errors!
23/08/01_05:54:06 - FORMHANDLER called...
23/08/01_05:54:06 - Form does not exist in current list of active forms
23/08/01_05:54:06 - Getting current active form's ID in the active forms list
23/08/01_05:54:06 - REFRESHING forms...
23/08/01_05:54:06 - Deserializing Subject to JSON data
23/08/01_05:54:06 - Deserializing Subject to JSON data
23/08/01_05:54:08 - FORMHANDLER called...
23/08/01_05:54:08 - Form does not exist in current list of active forms
23/08/01_05:54:08 - Getting current active form's ID in the active forms list
23/08/01_05:54:08 - REFRESHING forms...
23/08/01_05:54:29 - Checking for all required folders to exist...
23/08/01_05:54:29 - FORMHANDLER called...
23/08/01_05:54:29 - Form does not exist in current list of active forms
23/08/01_05:54:29 - Getting current active form's ID in the active forms list
23/08/01_05:54:29 - REFRESHING forms...
23/08/01_05:54:29 - App loaded with no errors!
23/08/01_05:54:30 - FORMHANDLER called...
23/08/01_05:54:30 - Form does not exist in current list of active forms
23/08/01_05:54:30 - Getting current active form's ID in the active forms list
23/08/01_05:54:30 - REFRESHING forms...
23/08/01_05:54:30 - Deserializing Subject to JSON data
23/08/01_05:54:30 - Deserializing Subject to JSON data
23/08/01_05:54:35 - FORMHANDLER called...
23/08/01_05:54:35 - Form does not exist in current list of active forms
23/08/01_05:54:35 - Getting current active form's ID in the active forms list
23/08/01_05:54:35 - REFRESHING forms...
23/08/01_05:57:54 - Checking for all required folders to exist...
23/08/01_05:57:54 - FORMHANDLER called...
23/08/01_05:57:54 - Form does not exist in current list of active forms
23/08/01_05:57:54 - Getting current active form's ID in the active forms list
23/08/01_05:57:54 - REFRESHING forms...
23/08/01_05:57:54 - App loaded with no errors!
23/08/01_05:57:55 - FORMHANDLER called...
23/08/01_05:57:55 - Form does not exist in current list of active forms
23/08/01_05:57:55 - Getting current active form's ID in the active forms list
23/08/01_05:57:55 - REFRESHING forms...
23/08/01_05:57:55 - Deserializing Subject to JSON data
23/08/01_05:57:55 - Deserializing Subject to JSON data
23/08/01_05:57:59 - FORMHANDLER called...
23/08/01_05:57:59 - Form does not exist in current list of active forms
23/08/01_05:57:59 - Getting current active form's ID in the active forms list
23/08/01_05:57:59 - REFRESHING forms...
23/08/01_06:01:47 - Checking for all required folders to exist...
23/08/01_06:01:47 - FORMHANDLER called...
23/08/01_06:01:47 - Form does not exist in current list of active forms
23/08/01_06:01:47 - Getting current active form's ID in the active forms list
23/08/01_06:01:47 - REFRESHING forms...
23/08/01_06:01:47 - App loaded with no errors!
23/08/01_06:01:50 - FORMHANDLER called...
23/08/01_06:01:50 - Form does not exist in current list of active forms
23/08/01_06:01:50 - Getting current active form's ID in the active forms list
23/08/01_06:01:50 - REFRESHING forms...
23/08/01_06:01:52 - REFRESHING forms...
23/08/01_06:01:53 - FORMHANDLER called...
23/08/01_06:01:53 - Form does not exist in current list of active forms
23/08/01_06:01:53 - Getting current active form's ID in the active forms list
23/08/01_06:01:53 - REFRESHING forms...
23/08/01_06:01:53 - Deserializing Subject to JSON data
23/08/01_06:01:53 - Deserializing Subject to JSON data
23/08/01_06:01:54 - FORMHANDLER called...
23/08/01_06:01:54 - Form does not exist in current list of active forms
23/08/01_06:01:54 - Deserializing Subject to JSON data
23/08/01_06:01:56 - Getting current active form's ID in the active forms list
23/08/01_06:01:56 - REFRESHING forms...
23/08/01_06:01:56 - Deserializing Subject to JSON data
23/08/01_06:02:01 - FORMHANDLER called...
23/08/01_06:02:01 - Form does not exist in current list of active forms
23/08/01_06:02:01 - Getting current active form's ID in the active forms list
23/08/01_06:02:01 - REFRESHING forms...
23/08/01_06:25:57 - Checking for all required folders to exist...
23/08/01_06:25:57 - FORMHANDLER called...
23/08/01_06:25:57 - Form does not exist in current list of active forms
23/08/01_06:25:57 - Getting current active form's ID in the active forms list
23/08/01_06:25:57 - REFRESHING forms...
23/08/01_06:25:57 - App loaded with no errors!
23/08/01_06:25:58 - FORMHANDLER called...
23/08/01_06:25:58 - Form does not exist in current list of active forms
23/08/01_06:25:58 - Getting current active form's ID in the active forms list
23/08/01_06:25:58 - REFRESHING forms...
23/08/01_06:25:58 - Deserializing Subject to JSON data
23/08/01_06:25:58 - Deserializing Subject to JSON data
23/08/01_06:26:16 - Checking for all required folders to exist...
23/08/01_06:26:16 - FORMHANDLER called...
23/08/01_06:26:16 - Form does not exist in current list of active forms
23/08/01_06:26:16 - Getting current active form's ID in the active forms list
23/08/01_06:26:16 - REFRESHING forms...
23/08/01_06:26:16 - App loaded with no errors!
23/08/01_06:26:17 - FORMHANDLER called...
23/08/01_06:26:17 - Form does not exist in current list of active forms
23/08/01_06:26:17 - Getting current active form's ID in the active forms list
23/08/01_06:26:17 - REFRESHING forms...
23/08/01_06:26:17 - Deserializing Subject to JSON data
23/08/01_06:26:17 - Deserializing Subject to JSON data
23/08/01_06:26:20 - REFRESHING forms...
23/08/01_07:29:44 - Checking for all required folders to exist...
23/08/01_07:29:44 - FORMHANDLER called...
23/08/01_07:29:44 - Form does not exist in current list of active forms
23/08/01_07:29:44 - Getting current active form's ID in the active forms list
23/08/01_07:29:44 - REFRESHING forms...
23/08/01_07:29:44 - App loaded with no errors!
23/08/01_07:30:19 - Checking for all required folders to exist...
23/08/01_07:30:19 - FORMHANDLER called...
23/08/01_07:30:19 - Form does not exist in current list of active forms
23/08/01_07:30:19 - Getting current active form's ID in the active forms list
23/08/01_07:30:19 - REFRESHING forms...
23/08/01_07:30:19 - App loaded with no errors!
23/08/01_07:31:01 - Checking for all required folders to exist...
23/08/01_07:31:01 - FORMHANDLER called...
23/08/01_07:31:01 - Form does not exist in current list of active forms
23/08/01_07:31:01 - Getting current active form's ID in the active forms list
23/08/01_07:31:01 - REFRESHING forms...
23/08/01_07:31:01 - App loaded with no errors!
23/08/01_07:31:32 - Checking for all required folders to exist...
23/08/01_07:31:32 - FORMHANDLER called...
23/08/01_07:31:32 - Form does not exist in current list of active forms
23/08/01_07:31:32 - Getting current active form's ID in the active forms list
23/08/01_07:31:32 - REFRESHING forms...
23/08/01_07:31:32 - App loaded with no errors!
23/08/01_07:31:56 - Checking for all required folders to exist...
23/08/01_07:31:56 - FORMHANDLER called...
23/08/01_07:31:56 - Form does not exist in current list of active forms
23/08/01_07:31:56 - Getting current active form's ID in the active forms list
23/08/01_07:31:56 - REFRESHING forms...
23/08/01_07:31:56 - App loaded with no errors!
23/08/01_07:32:44 - Checking for all required folders to exist...
23/08/01_07:32:44 - FORMHANDLER called...
23/08/01_07:32:44 - Form does not exist in current list of active forms
23/08/01_07:32:44 - Getting current active form's ID in the active forms list
23/08/01_07:32:44 - REFRESHING forms...
23/08/01_07:32:44 - App loaded with no errors!
23/08/01_07:33:08 - Checking for all required folders to exist...
23/08/01_07:33:08 - FORMHANDLER called...
23/08/01_07:33:08 - Form does not exist in current list of active forms
23/08/01_07:33:08 - Getting current active form's ID in the active forms list
23/08/01_07:33:08 - REFRESHING forms...
23/08/01_07:33:08 - App loaded with no errors!
23/08/01_07:33:49 - Checking for all required folders to exist...
23/08/01_07:33:49 - FORMHANDLER called...
23/08/01_07:33:49 - Form does not exist in current list of active forms
23/08/01_07:33:49 - Getting current active form's ID in the active forms list
23/08/01_07:33:49 - REFRESHING forms...
23/08/01_07:33:49 - App loaded with no errors!
23/08/01_07:34:11 - Checking for all required folders to exist...
23/08/01_07:34:11 - FORMHANDLER called...
23/08/01_07:34:11 - Form does not exist in current list of active forms
23/08/01_07:34:11 - Getting current active form's ID in the active forms list
23/08/01_07:34:11 - REFRESHING forms...
23/08/01_07:34:11 - App loaded with no errors!
23/08/01_07:34:11 - FORMHANDLER called...
23/08/01_07:34:11 - Form does not exist in current list of active forms
23/08/01_07:34:11 - Getting current active form's ID in the active forms list
23/08/01_07:34:11 - REFRESHING forms...
23/08/01_07:34:11 - Deserializing Subject to JSON data
23/08/01_07:34:11 - Deserializing Subject to JSON data
23/08/01_07:34:17 - FORMHANDLER called...
23/08/01_07:34:17 - Form does not exist in current list of active forms
23/08/01_07:34:17 - Getting current active form's ID in the active forms list
23/08/01_07:34:17 - REFRESHING forms...
23/08/01_07:34:19 - REFRESHING forms...
23/08/01_07:34:19 - Deserializing Subject to JSON data
23/08/01_07:34:25 - FORMHANDLER called...
23/08/01_07:34:25 - Form does not exist in current list of active forms
23/08/01_07:34:25 - Getting current active form's ID in the active forms list
23/08/01_07:34:25 - REFRESHING forms...
23/08/01_07:36:04 - Checking for all required folders to exist...
23/08/01_07:36:04 - FORMHANDLER called...
23/08/01_07:36:04 - Form does not exist in current list of active forms
23/08/01_07:36:04 - Getting current active form's ID in the active forms list
23/08/01_07:36:04 - REFRESHING forms...
23/08/01_07:36:04 - App loaded with no errors!
23/08/01_07:36:05 - FORMHANDLER called...
23/08/01_07:36:05 - Form does not exist in current list of active forms
23/08/01_07:36:05 - Getting current active form's ID in the active forms list
23/08/01_07:36:05 - REFRESHING forms...
23/08/01_07:36:05 - Deserializing Subject to JSON data
23/08/01_07:36:05 - Deserializing Subject to JSON data
23/08/01_07:36:05 - FORMHANDLER called...
23/08/01_07:36:05 - Form does not exist in current list of active forms
23/08/01_07:36:05 - Deserializing Subject to JSON data
23/08/01_07:36:14 - Getting current active form's ID in the active forms list
23/08/01_07:36:14 - REFRESHING forms...
23/08/01_07:36:14 - Deserializing Subject to JSON data
23/08/01_07:36:16 - REFRESHING forms...
23/08/01_07:36:17 - FORMHANDLER called...
23/08/01_07:36:17 - Form exists in current list of active form (Selecting form to show from list).
23/08/01_07:36:17 - Getting current active form's ID in the active forms list
23/08/01_07:36:17 - REFRESHING forms...
23/08/01_07:36:17 - Deserializing Subject to JSON data
23/08/01_07:38:34 - Checking for all required folders to exist...
23/08/01_07:38:34 - FORMHANDLER called...
23/08/01_07:38:34 - Form does not exist in current list of active forms
23/08/01_07:38:34 - Getting current active form's ID in the active forms list
23/08/01_07:38:34 - REFRESHING forms...
23/08/01_07:38:34 - App loaded with no errors!
23/08/01_07:38:35 - FORMHANDLER called...
23/08/01_07:38:35 - Form does not exist in current list of active forms
23/08/01_07:38:35 - Getting current active form's ID in the active forms list
23/08/01_07:38:35 - REFRESHING forms...
23/08/01_07:38:35 - Deserializing Subject to JSON data
23/08/01_07:38:35 - Deserializing Subject to JSON data
23/08/01_07:38:37 - FORMHANDLER called...
23/08/01_07:38:37 - Form does not exist in current list of active forms
23/08/01_07:38:37 - Getting current active form's ID in the active forms list
23/08/01_07:38:37 - REFRESHING forms...
23/08/01_07:38:38 - REFRESHING forms...
23/08/01_07:38:38 - Deserializing Subject to JSON data
23/08/01_07:39:07 - Checking for all required folders to exist...
23/08/01_07:39:07 - FORMHANDLER called...
23/08/01_07:39:07 - Form does not exist in current list of active forms
23/08/01_07:39:07 - Getting current active form's ID in the active forms list
23/08/01_07:39:07 - REFRESHING forms...
23/08/01_07:39:07 - App loaded with no errors!
23/08/01_07:39:08 - FORMHANDLER called...
23/08/01_07:39:08 - Form does not exist in current list of active forms
23/08/01_07:39:08 - Getting current active form's ID in the active forms list
23/08/01_07:39:08 - REFRESHING forms...
23/08/01_07:39:08 - Deserializing Subject to JSON data
23/08/01_07:39:08 - Deserializing Subject to JSON data
23/08/01_07:39:10 - FORMHANDLER called...
23/08/01_07:39:10 - Form does not exist in current list of active forms
23/08/01_07:39:10 - Getting current active form's ID in the active forms list
23/08/01_07:39:10 - REFRESHING forms...
23/08/01_07:39:11 - REFRESHING forms...
23/08/01_07:39:11 - Deserializing Subject to JSON data
23/08/01_07:39:12 - FORMHANDLER called...
23/08/01_07:39:12 - Form does not exist in current list of active forms
23/08/01_07:39:12 - Getting current active form's ID in the active forms list
23/08/01_07:39:12 - REFRESHING forms...
23/08/01_07:39:14 - REFRESHING forms...
23/08/01_07:39:14 - Deserializing Subject to JSON data
23/08/01_07:39:14 - FORMHANDLER called...
23/08/01_07:39:14 - Form does not exist in current list of active forms
23/08/01_07:39:15 - Getting current active form's ID in the active forms list
23/08/01_07:39:15 - REFRESHING forms...
23/08/01_07:39:16 - REFRESHING forms...
23/08/01_07:39:16 - Deserializing Subject to JSON data
23/08/01_07:39:18 - FORMHANDLER called...
23/08/01_07:39:18 - Form does not exist in current list of active forms
23/08/01_07:39:18 - Deserializing Subject to JSON data
23/08/01_07:39:40 - Checking for all required folders to exist...
23/08/01_07:39:40 - FORMHANDLER called...
23/08/01_07:39:40 - Form does not exist in current list of active forms
23/08/01_07:39:40 - Getting current active form's ID in the active forms list
23/08/01_07:39:40 - REFRESHING forms...
23/08/01_07:39:41 - App loaded with no errors!
23/08/01_07:39:49 - FORMHANDLER called...
23/08/01_07:39:49 - Form does not exist in current list of active forms
23/08/01_07:39:49 - Getting current active form's ID in the active forms list
23/08/01_07:39:49 - REFRESHING forms...
23/08/01_07:39:49 - Deserializing Subject to JSON data
23/08/01_07:39:49 - Deserializing Subject to JSON data
23/08/01_07:39:50 - FORMHANDLER called...
23/08/01_07:39:50 - Form does not exist in current list of active forms
23/08/01_07:39:50 - Deserializing Subject to JSON data
23/08/01_07:39:52 - Getting current active form's ID in the active forms list
23/08/01_07:39:52 - REFRESHING forms...
23/08/01_07:39:52 - Deserializing Subject to JSON data
23/08/01_07:39:56 - FORMHANDLER called...
23/08/01_07:39:56 - Form does not exist in current list of active forms
23/08/01_07:39:56 - Deserializing Subject to JSON data
23/08/01_07:40:00 - Getting current active form's ID in the active forms list
23/08/01_07:40:00 - REFRESHING forms...
23/08/01_07:40:00 - Deserializing Subject to JSON data
23/08/01_07:46:30 - Checking for all required folders to exist...
23/08/01_07:46:30 - FORMHANDLER called...
23/08/01_07:46:30 - Form does not exist in current list of active forms
23/08/01_07:46:30 - Getting current active form's ID in the active forms list
23/08/01_07:46:30 - REFRESHING forms...
23/08/01_07:46:30 - App loaded with no errors!
23/08/01_07:46:32 - FORMHANDLER called...
23/08/01_07:46:32 - Form does not exist in current list of active forms
23/08/01_07:46:32 - Getting current active form's ID in the active forms list
23/08/01_07:46:32 - REFRESHING forms...
23/08/01_07:46:32 - Deserializing Subject to JSON data
23/08/01_07:46:32 - Deserializing Subject to JSON data
23/08/01_07:46:35 - FORMHANDLER called...
23/08/01_07:46:35 - Form does not exist in current list of active forms
23/08/01_07:46:36 - Getting current active form's ID in the active forms list
23/08/01_07:46:36 - REFRESHING forms...
23/08/01_07:46:51 - Serializing ExamTask to JSON data
23/08/01_07:48:09 - Checking for all required folders to exist...
23/08/01_07:48:09 - FORMHANDLER called...
23/08/01_07:48:09 - Form does not exist in current list of active forms
23/08/01_07:48:09 - Getting current active form's ID in the active forms list
23/08/01_07:48:09 - REFRESHING forms...
23/08/01_07:48:09 - App loaded with no errors!
23/08/01_07:48:12 - FORMHANDLER called...
23/08/01_07:48:12 - Form does not exist in current list of active forms
23/08/01_07:48:13 - Getting current active form's ID in the active forms list
23/08/01_07:48:13 - REFRESHING forms...
23/08/01_07:48:13 - Deserializing Subject to JSON data
23/08/01_07:48:13 - Deserializing Subject to JSON data
23/08/01_07:48:15 - FORMHANDLER called...
23/08/01_07:48:15 - Form does not exist in current list of active forms
23/08/01_07:48:16 - Getting current active form's ID in the active forms list
23/08/01_07:48:16 - REFRESHING forms...
23/08/01_07:48:46 - Checking for all required folders to exist...
23/08/01_07:48:46 - FORMHANDLER called...
23/08/01_07:48:46 - Form does not exist in current list of active forms
23/08/01_07:48:46 - Getting current active form's ID in the active forms list
23/08/01_07:48:46 - REFRESHING forms...
23/08/01_07:48:46 - App loaded with no errors!
23/08/01_07:48:47 - FORMHANDLER called...
23/08/01_07:48:47 - Form does not exist in current list of active forms
23/08/01_07:48:47 - Getting current active form's ID in the active forms list
23/08/01_07:48:47 - REFRESHING forms...
23/08/01_07:48:47 - Deserializing Subject to JSON data
23/08/01_07:48:47 - Deserializing Subject to JSON data
23/08/01_07:48:50 - FORMHANDLER called...
23/08/01_07:48:50 - Form does not exist in current list of active forms
23/08/01_07:48:50 - Getting current active form's ID in the active forms list
23/08/01_07:48:50 - REFRESHING forms...
23/08/01_07:48:57 - Checking for all required folders to exist...
23/08/01_07:48:57 - FORMHANDLER called...
23/08/01_07:48:57 - Form does not exist in current list of active forms
23/08/01_07:48:57 - Getting current active form's ID in the active forms list
23/08/01_07:48:57 - REFRESHING forms...
23/08/01_07:48:57 - App loaded with no errors!
23/08/01_07:49:23 - Checking for all required folders to exist...
23/08/01_07:49:23 - FORMHANDLER called...
23/08/01_07:49:23 - Form does not exist in current list of active forms
23/08/01_07:49:23 - Getting current active form's ID in the active forms list
23/08/01_07:49:23 - REFRESHING forms...
23/08/01_07:49:23 - App loaded with no errors!
23/08/01_07:49:24 - FORMHANDLER called...
23/08/01_07:49:24 - Form does not exist in current list of active forms
23/08/01_07:49:24 - Getting current active form's ID in the active forms list
23/08/01_07:49:24 - REFRESHING forms...
23/08/01_07:49:24 - Deserializing Subject to JSON data
23/08/01_07:49:24 - Deserializing Subject to JSON data
23/08/01_07:49:26 - FORMHANDLER called...
23/08/01_07:49:26 - Form does not exist in current list of active forms
23/08/01_07:49:26 - Getting current active form's ID in the active forms list
23/08/01_07:49:26 - REFRESHING forms...
23/08/01_07:49:57 - Checking for all required folders to exist...
23/08/01_07:49:57 - FORMHANDLER called...
23/08/01_07:49:57 - Form does not exist in current list of active forms
23/08/01_07:49:57 - Getting current active form's ID in the active forms list
23/08/01_07:49:57 - REFRESHING forms...
23/08/01_07:49:57 - App loaded with no errors!
23/08/01_07:49:58 - FORMHANDLER called...
23/08/01_07:49:58 - Form does not exist in current list of active forms
23/08/01_07:49:58 - Getting current active form's ID in the active forms list
23/08/01_07:49:58 - REFRESHING forms...
23/08/01_07:49:58 - Deserializing Subject to JSON data
23/08/01_07:49:58 - Deserializing Subject to JSON data
23/08/01_07:50:00 - FORMHANDLER called...
23/08/01_07:50:00 - Form does not exist in current list of active forms
23/08/01_07:50:01 - Getting current active form's ID in the active forms list
23/08/01_07:50:01 - REFRESHING forms...
23/08/01_07:50:03 - Serializing ExamTask to JSON data
23/08/01_07:50:56 - Checking for all required folders to exist...
23/08/01_07:50:56 - FORMHANDLER called...
23/08/01_07:50:56 - Form does not exist in current list of active forms
23/08/01_07:50:56 - Getting current active form's ID in the active forms list
23/08/01_07:50:56 - REFRESHING forms...
23/08/01_07:50:56 - App loaded with no errors!
23/08/01_07:50:58 - FORMHANDLER called...
23/08/01_07:50:58 - Form does not exist in current list of active forms
23/08/01_07:50:58 - Getting current active form's ID in the active forms list
23/08/01_07:50:58 - REFRESHING forms...
23/08/01_07:50:58 - Deserializing Subject to JSON data
23/08/01_07:50:58 - Deserializing Subject to JSON data
23/08/01_07:51:01 - FORMHANDLER called...
23/08/01_07:51:01 - Form does not exist in current list of active forms
23/08/01_07:51:01 - Getting current active form's ID in the active forms list
23/08/01_07:51:01 - REFRESHING forms...
23/08/01_07:51:28 - Checking for all required folders to exist...
23/08/01_07:51:28 - FORMHANDLER called...
23/08/01_07:51:28 - Form does not exist in current list of active forms
23/08/01_07:51:28 - Getting current active form's ID in the active forms list
23/08/01_07:51:28 - REFRESHING forms...
23/08/01_07:51:28 - App loaded with no errors!
23/08/01_07:51:29 - FORMHANDLER called...
23/08/01_07:51:29 - Form does not exist in current list of active forms
23/08/01_07:51:29 - Getting current active form's ID in the active forms list
23/08/01_07:51:29 - REFRESHING forms...
23/08/01_07:51:29 - Deserializing Subject to JSON data
23/08/01_07:51:29 - Deserializing Subject to JSON data
23/08/01_07:51:30 - FORMHANDLER called...
23/08/01_07:51:30 - Form does not exist in current list of active forms
23/08/01_07:51:30 - Getting current active form's ID in the active forms list
23/08/01_07:51:30 - REFRESHING forms...
23/08/01_07:51:48 - Serializing ExamTask to JSON data
23/08/01_07:52:52 - Checking for all required folders to exist...
23/08/01_07:52:52 - FORMHANDLER called...
23/08/01_07:52:52 - Form does not exist in current list of active forms
23/08/01_07:52:52 - Getting current active form's ID in the active forms list
23/08/01_07:52:52 - REFRESHING forms...
23/08/01_07:52:52 - App loaded with no errors!
23/08/01_07:52:54 - FORMHANDLER called...
23/08/01_07:52:54 - Form does not exist in current list of active forms
23/08/01_07:52:54 - Getting current active form's ID in the active forms list
23/08/01_07:52:54 - REFRESHING forms...
23/08/01_07:52:54 - Deserializing Subject to JSON data
23/08/01_07:52:54 - Deserializing Subject to JSON data
23/08/01_07:52:55 - FORMHANDLER called...
23/08/01_07:52:55 - Form does not exist in current list of active forms
23/08/01_07:52:55 - Getting current active form's ID in the active forms list
23/08/01_07:52:55 - REFRESHING forms...
23/08/01_07:53:56 - Checking for all required folders to exist...
23/08/01_07:53:56 - FORMHANDLER called...
23/08/01_07:53:56 - Form does not exist in current list of active forms
23/08/01_07:53:56 - Getting current active form's ID in the active forms list
23/08/01_07:53:56 - REFRESHING forms...
23/08/01_07:53:56 - App loaded with no errors!
23/08/01_07:53:57 - FORMHANDLER called...
23/08/01_07:53:57 - Form does not exist in current list of active forms
23/08/01_07:53:57 - Getting current active form's ID in the active forms list
23/08/01_07:53:57 - REFRESHING forms...
23/08/01_07:53:57 - Deserializing Subject to JSON data
23/08/01_07:53:57 - Deserializing Subject to JSON data
23/08/01_07:53:59 - FORMHANDLER called...
23/08/01_07:53:59 - Form does not exist in current list of active forms
23/08/01_07:53:59 - Getting current active form's ID in the active forms list
23/08/01_07:53:59 - REFRESHING forms...
23/08/01_07:54:00 - REFRESHING forms...
23/08/01_07:54:00 - Deserializing Subject to JSON data
23/08/01_07:54:00 - FORMHANDLER called...
23/08/01_07:54:00 - Form does not exist in current list of active forms
23/08/01_07:54:00 - Getting current active form's ID in the active forms list
23/08/01_07:54:00 - REFRESHING forms...
23/08/01_07:57:51 - Checking for all required folders to exist...
23/08/01_07:57:51 - FORMHANDLER called...
23/08/01_07:57:51 - Form does not exist in current list of active forms
23/08/01_07:57:51 - Getting current active form's ID in the active forms list
23/08/01_07:57:51 - REFRESHING forms...
23/08/01_07:57:51 - App loaded with no errors!
23/08/01_07:57:52 - FORMHANDLER called...
23/08/01_07:57:52 - Form does not exist in current list of active forms
23/08/01_07:57:52 - Getting current active form's ID in the active forms list
23/08/01_07:57:52 - REFRESHING forms...
23/08/01_07:57:52 - Deserializing Subject to JSON data
23/08/01_07:57:52 - Deserializing Subject to JSON data
23/08/01_07:57:54 - FORMHANDLER called...
23/08/01_07:57:54 - Form does not exist in current list of active forms
23/08/01_07:57:54 - Getting current active form's ID in the active forms list
23/08/01_07:57:54 - REFRESHING forms...
23/08/01_08:00:15 - Checking for all required folders to exist...
23/08/01_08:00:15 - FORMHANDLER called...
23/08/01_08:00:15 - Form does not exist in current list of active forms
23/08/01_08:00:15 - Getting current active form's ID in the active forms list
23/08/01_08:00:15 - REFRESHING forms...
23/08/01_08:00:15 - App loaded with no errors!
23/08/01_08:00:16 - FORMHANDLER called...
23/08/01_08:00:16 - Form does not exist in current list of active forms
23/08/01_08:00:16 - Getting current active form's ID in the active forms list
23/08/01_08:00:16 - REFRESHING forms...
23/08/01_08:00:16 - Deserializing Subject to JSON data
23/08/01_08:00:16 - Deserializing Subject to JSON data
23/08/01_08:00:18 - FORMHANDLER called...
23/08/01_08:00:18 - Form does not exist in current list of active forms
23/08/01_08:00:18 - Getting current active form's ID in the active forms list
23/08/01_08:00:18 - REFRESHING forms...
23/08/01_08:21:34 - Checking for all required folders to exist...
23/08/01_08:21:34 - FORMHANDLER called...
23/08/01_08:21:34 - Form does not exist in current list of active forms
23/08/01_08:21:34 - Getting current active form's ID in the active forms list
23/08/01_08:21:34 - REFRESHING forms...
23/08/01_08:21:34 - App loaded with no errors!
23/08/01_08:21:36 - FORMHANDLER called...
23/08/01_08:21:36 - Form does not exist in current list of active forms
23/08/01_08:21:36 - Getting current active form's ID in the active forms list
23/08/01_08:21:36 - REFRESHING forms...
23/08/01_08:21:36 - Deserializing Subject to JSON data
23/08/01_08:21:36 - Deserializing Subject to JSON data
23/08/01_08:22:23 - Checking for all required folders to exist...
23/08/01_08:22:23 - FORMHANDLER called...
23/08/01_08:22:23 - Form does not exist in current list of active forms
23/08/01_08:22:23 - Getting current active form's ID in the active forms list
23/08/01_08:22:23 - REFRESHING forms...
23/08/01_08:22:23 - App loaded with no errors!
23/08/01_08:22:51 - Checking for all required folders to exist...
23/08/01_08:22:51 - FORMHANDLER called...
23/08/01_08:22:51 - Form does not exist in current list of active forms
23/08/01_08:22:51 - Getting current active form's ID in the active forms list
23/08/01_08:22:51 - REFRESHING forms...
23/08/01_08:22:51 - App loaded with no errors!
23/08/01_08:23:16 - Checking for all required folders to exist...
23/08/01_08:23:16 - FORMHANDLER called...
23/08/01_08:23:16 - Form does not exist in current list of active forms
23/08/01_08:23:16 - Getting current active form's ID in the active forms list
23/08/01_08:23:16 - REFRESHING forms...
23/08/01_08:23:16 - App loaded with no errors!
23/08/01_08:23:23 - FORMHANDLER called...
23/08/01_08:23:23 - Form does not exist in current list of active forms
23/08/01_08:23:23 - Getting current active form's ID in the active forms list
23/08/01_08:23:23 - REFRESHING forms...
23/08/01_08:23:23 - Deserializing Subject to JSON data
23/08/01_08:23:23 - Deserializing Subject to JSON data
23/08/01_10:06:09 - Checking for all required folders to exist...
23/08/01_10:06:09 - FORMHANDLER called...
23/08/01_10:06:09 - Form does not exist in current list of active forms
23/08/01_10:06:09 - Getting current active form's ID in the active forms list
23/08/01_10:06:09 - REFRESHING forms...
23/08/01_10:06:09 - App loaded with no errors!
23/08/01_10:06:11 - FORMHANDLER called...
23/08/01_10:06:11 - Form does not exist in current list of active forms
23/08/01_10:06:11 - Getting current active form's ID in the active forms list
23/08/01_10:06:11 - REFRESHING forms...
23/08/01_10:06:11 - Deserializing Subject to JSON data
23/08/01_10:06:12 - Deserializing Subject to JSON data
23/08/01_10:06:53 - Checking for all required folders to exist...
23/08/01_10:06:54 - FORMHANDLER called...
23/08/01_10:06:54 - Form does not exist in current list of active forms
23/08/01_10:06:54 - Getting current active form's ID in the active forms list
23/08/01_10:06:54 - REFRESHING forms...
23/08/01_10:06:54 - App loaded with no errors!
23/08/01_10:06:56 - FORMHANDLER called...
23/08/01_10:06:56 - Form does not exist in current list of active forms
23/08/01_10:06:56 - Getting current active form's ID in the active forms list
23/08/01_10:06:56 - REFRESHING forms...
23/08/01_10:06:56 - Deserializing Subject to JSON data
23/08/01_10:06:56 - Deserializing Subject to JSON data
23/08/01_10:07:03 - FORMHANDLER called...
23/08/01_10:07:03 - Form does not exist in current list of active forms
23/08/01_10:07:03 - Getting current active form's ID in the active forms list
23/08/01_10:07:03 - REFRESHING forms...
23/08/01_10:07:07 - REFRESHING forms...
23/08/01_10:07:07 - Deserializing Subject to JSON data
23/08/01_10:07:08 - REFRESHING forms...
23/08/01_10:07:11 - FORMHANDLER called...
23/08/01_10:07:11 - Form exists in current list of active form (Selecting form to show from list).
23/08/01_10:07:11 - Getting current active form's ID in the active forms list
23/08/01_10:07:11 - REFRESHING forms...
23/08/01_10:07:11 - Deserializing Subject to JSON data
