LOG FILE FOR 06/11/2023
===================================================
  Logging started
===================================================
================
   New Session  
================
23/11/06_07:06:19 - Checking for all required folders to exist...
23/11/06_07:06:19 - FORMHANDLER called...
23/11/06_07:06:19 - Form does not exist in current list of active forms
23/11/06_07:06:19 - Getting current active form's ID in the active forms list
23/11/06_07:06:19 - REFRESHING forms...
23/11/06_07:06:19 - App loaded with no errors!
23/11/06_07:06:20 - FORMHANDLER called...
23/11/06_07:06:20 - Form does not exist in current list of active forms
23/11/06_07:06:20 - Getting current active form's ID in the active forms list
23/11/06_07:06:20 - REFRESHING forms...
23/11/06_07:06:20 - Deserializing System.Collections.Generic.List`1[ExamPrepper.Classes.ExamFormData+Subject] to JSON data
23/11/06_07:06:20 - Deserializing System.Collections.Generic.List`1[ExamPrepper.Classes.ExamFormData+Subject] to JSON data
23/11/06_07:06:21 - REFRESHING forms...
23/11/06_07:06:22 - Deserializing ExamPrepper.Classes.ExamFormData+Exam to JSON data
23/11/06_07:06:22 - Deserializing ExamPrepper.Classes.ExamFormData+Exam to JSON data
23/11/06_07:06:22 - Deserializing ExamPrepper.Classes.ExamFormData+Exam to JSON data
23/11/06_07:06:22 - Deserializing ExamPrepper.Classes.ExamFormData+Exam to JSON data
23/11/06_07:06:22 - Deserializing ExamPrepper.Classes.ExamFormData+Exam to JSON data
23/11/06_07:06:22 - FORMHANDLER called...
23/11/06_07:06:22 - Form does not exist in current list of active forms
23/11/06_07:06:22 - Deserializing System.Collections.Generic.List`1[ExamPrepper.Classes.ExamFormData+Subject] to JSON data
23/11/06_07:06:22 - Getting current active form's ID in the active forms list
23/11/06_07:06:22 - REFRESHING forms...
================
   New Session  
================
23/11/06_07:07:48 - Checking for all required folders to exist...
23/11/06_07:07:48 - Serializing System.Collections.Generic.List`1[ExamPrepper.Classes.ExamFormData+Subject] to JSON data
23/11/06_07:07:48 - FORMHANDLER called...
23/11/06_07:07:48 - Form does not exist in current list of active forms
23/11/06_07:07:48 - Getting current active form's ID in the active forms list
23/11/06_07:07:48 - REFRESHING forms...
23/11/06_07:07:48 - App loaded with no errors!
23/11/06_07:07:50 - Deserializing ExamPrepper.Classes.ExamFormData+Exam to JSON data
23/11/06_07:07:50 - Deserializing ExamPrepper.Classes.ExamFormData+Exam to JSON data
23/11/06_07:07:50 - Deserializing ExamPrepper.Classes.ExamFormData+Exam to JSON data
23/11/06_07:07:50 - Deserializing ExamPrepper.Classes.ExamFormData+Exam to JSON data
23/11/06_07:07:50 - Deserializing ExamPrepper.Classes.ExamFormData+Exam to JSON data
23/11/06_07:07:50 - FORMHANDLER called...
23/11/06_07:07:50 - Form does not exist in current list of active forms
23/11/06_07:07:50 - Deserializing System.Collections.Generic.List`1[ExamPrepper.Classes.ExamFormData+Subject] to JSON data
23/11/06_07:07:50 - Getting current active form's ID in the active forms list
23/11/06_07:07:50 - REFRESHING forms...
23/11/06_07:07:52 - REFRESHING forms...
23/11/06_07:07:53 - Deserializing ExamPrepper.Classes.ExamFormData+Exam to JSON data
23/11/06_07:07:53 - FORMHANDLER called...
23/11/06_07:07:53 - Form does not exist in current list of active forms
23/11/06_07:07:53 - Deserializing System.Collections.Generic.List`1[ExamPrepper.Classes.ExamFormData+Subject] to JSON data
23/11/06_07:07:53 - Getting current active form's ID in the active forms list
23/11/06_07:07:53 - REFRESHING forms...
23/11/06_07:07:54 - REFRESHING forms...
23/11/06_07:07:54 - FORMHANDLER called...
23/11/06_07:07:54 - Form does not exist in current list of active forms
23/11/06_07:07:54 - Getting current active form's ID in the active forms list
23/11/06_07:07:54 - REFRESHING forms...
23/11/06_07:07:54 - Deserializing ExamPrepper.Classes.ExamFormData+ExamTask to JSON data
23/11/06_07:07:54 - Deserializing ExamPrepper.Classes.ExamFormData+ExamTask to JSON data
23/11/06_07:07:54 - Deserializing ExamPrepper.Classes.ExamFormData+ExamTask to JSON data
23/11/06_07:07:54 - Deserializing ExamPrepper.Classes.ExamFormData+ExamTask to JSON data
23/11/06_07:07:54 - Deserializing ExamPrepper.Classes.ExamFormData+ExamTask to JSON data
23/11/06_07:07:54 - Deserializing ExamPrepper.Classes.ExamFormData+ExamTask to JSON data
23/11/06_07:07:54 - Deserializing ExamPrepper.Classes.ExamFormData+ExamTask to JSON data
23/11/06_07:07:54 - Deserializing ExamPrepper.Classes.ExamFormData+ExamTask to JSON data
23/11/06_07:07:54 - Deserializing ExamPrepper.Classes.ExamFormData+ExamTask to JSON data
23/11/06_07:07:54 - Deserializing ExamPrepper.Classes.ExamFormData+ExamTask to JSON data
23/11/06_07:07:54 - Deserializing ExamPrepper.Classes.ExamFormData+ExamTask to JSON data
23/11/06_07:07:54 - Deserializing System.Collections.Generic.List`1[ExamPrepper.Classes.ExamFormData+Subject] to JSON data
23/11/06_07:07:55 - REFRESHING forms...
23/11/06_07:07:56 - FORMHANDLER called...
23/11/06_07:07:56 - Form does not exist in current list of active forms
23/11/06_07:07:56 - Getting current active form's ID in the active forms list
23/11/06_07:07:56 - REFRESHING forms...
23/11/06_07:07:56 - Deserializing ExamPrepper.Classes.ExamFormData+ExamTask to JSON data
23/11/06_07:07:56 - Deserializing ExamPrepper.Classes.ExamFormData+ExamTask to JSON data
23/11/06_07:07:56 - Deserializing ExamPrepper.Classes.ExamFormData+ExamTask to JSON data
23/11/06_07:07:56 - Deserializing ExamPrepper.Classes.ExamFormData+ExamTask to JSON data
23/11/06_07:07:56 - Deserializing ExamPrepper.Classes.ExamFormData+ExamTask to JSON data
23/11/06_07:07:56 - Deserializing ExamPrepper.Classes.ExamFormData+ExamTask to JSON data
23/11/06_07:07:56 - Deserializing ExamPrepper.Classes.ExamFormData+ExamTask to JSON data
23/11/06_07:07:56 - Deserializing ExamPrepper.Classes.ExamFormData+ExamTask to JSON data
23/11/06_07:07:56 - Deserializing ExamPrepper.Classes.ExamFormData+ExamTask to JSON data
23/11/06_07:07:56 - Deserializing ExamPrepper.Classes.ExamFormData+ExamTask to JSON data
23/11/06_07:07:56 - Deserializing ExamPrepper.Classes.ExamFormData+ExamTask to JSON data
23/11/06_07:07:56 - Deserializing System.Collections.Generic.List`1[ExamPrepper.Classes.ExamFormData+Subject] to JSON data
================
   New Session  
================
23/11/06_07:08:24 - Checking for all required folders to exist...
23/11/06_07:08:24 - FORMHANDLER called...
23/11/06_07:08:24 - Form does not exist in current list of active forms
23/11/06_07:08:24 - Getting current active form's ID in the active forms list
23/11/06_07:08:24 - REFRESHING forms...
23/11/06_07:08:24 - App loaded with no errors!
23/11/06_07:08:25 - FORMHANDLER called...
23/11/06_07:08:25 - Form does not exist in current list of active forms
23/11/06_07:08:25 - Getting current active form's ID in the active forms list
23/11/06_07:08:25 - REFRESHING forms...
23/11/06_07:08:25 - Deserializing ExamPrepper.Classes.ExamFormData+ExamTask to JSON data
23/11/06_07:08:25 - Deserializing ExamPrepper.Classes.ExamFormData+ExamTask to JSON data
23/11/06_07:08:25 - Deserializing ExamPrepper.Classes.ExamFormData+ExamTask to JSON data
23/11/06_07:08:25 - Deserializing ExamPrepper.Classes.ExamFormData+ExamTask to JSON data
23/11/06_07:08:25 - Deserializing ExamPrepper.Classes.ExamFormData+ExamTask to JSON data
23/11/06_07:08:25 - Deserializing ExamPrepper.Classes.ExamFormData+ExamTask to JSON data
23/11/06_07:08:25 - Deserializing ExamPrepper.Classes.ExamFormData+ExamTask to JSON data
23/11/06_07:08:25 - Deserializing ExamPrepper.Classes.ExamFormData+ExamTask to JSON data
23/11/06_07:08:25 - Deserializing ExamPrepper.Classes.ExamFormData+ExamTask to JSON data
23/11/06_07:08:25 - Deserializing ExamPrepper.Classes.ExamFormData+ExamTask to JSON data
23/11/06_07:08:25 - Deserializing ExamPrepper.Classes.ExamFormData+ExamTask to JSON data
23/11/06_07:08:25 - Deserializing System.Collections.Generic.List`1[ExamPrepper.Classes.ExamFormData+Subject] to JSON data
23/11/06_07:08:27 - FORMHANDLER called...
23/11/06_07:08:27 - Form does not exist in current list of active forms
23/11/06_07:08:27 - Getting current active form's ID in the active forms list
23/11/06_07:08:27 - REFRESHING forms...
23/11/06_07:08:28 - REFRESHING forms...
23/11/06_07:08:29 - REFRESHING forms...
23/11/06_07:08:29 - FORMHANDLER called...
23/11/06_07:08:29 - Form does not exist in current list of active forms
23/11/06_07:08:29 - Getting current active form's ID in the active forms list
23/11/06_07:08:29 - REFRESHING forms...
23/11/06_07:08:29 - Deserializing System.Collections.Generic.List`1[ExamPrepper.Classes.ExamFormData+Subject] to JSON data
23/11/06_07:08:29 - Deserializing System.Collections.Generic.List`1[ExamPrepper.Classes.ExamFormData+Subject] to JSON data
23/11/06_07:08:30 - REFRESHING forms...
23/11/06_07:08:31 - FORMHANDLER called...
23/11/06_07:08:31 - Form does not exist in current list of active forms
23/11/06_07:08:31 - Getting current active form's ID in the active forms list
23/11/06_07:08:31 - REFRESHING forms...
23/11/06_07:08:31 - Deserializing ExamPrepper.Classes.ExamFormData+ExamTask to JSON data
23/11/06_07:08:31 - Deserializing ExamPrepper.Classes.ExamFormData+ExamTask to JSON data
23/11/06_07:08:31 - Deserializing ExamPrepper.Classes.ExamFormData+ExamTask to JSON data
23/11/06_07:08:31 - Deserializing ExamPrepper.Classes.ExamFormData+ExamTask to JSON data
23/11/06_07:08:31 - Deserializing ExamPrepper.Classes.ExamFormData+ExamTask to JSON data
23/11/06_07:08:31 - Deserializing ExamPrepper.Classes.ExamFormData+ExamTask to JSON data
23/11/06_07:08:31 - Deserializing ExamPrepper.Classes.ExamFormData+ExamTask to JSON data
23/11/06_07:08:31 - Deserializing ExamPrepper.Classes.ExamFormData+ExamTask to JSON data
23/11/06_07:08:31 - Deserializing ExamPrepper.Classes.ExamFormData+ExamTask to JSON data
23/11/06_07:08:31 - Deserializing ExamPrepper.Classes.ExamFormData+ExamTask to JSON data
23/11/06_07:08:31 - Deserializing ExamPrepper.Classes.ExamFormData+ExamTask to JSON data
23/11/06_07:08:31 - Deserializing System.Collections.Generic.List`1[ExamPrepper.Classes.ExamFormData+Subject] to JSON data
================
   New Session  
================
23/11/06_07:09:27 - Checking for all required folders to exist...
23/11/06_07:09:27 - FORMHANDLER called...
23/11/06_07:09:27 - Form does not exist in current list of active forms
23/11/06_07:09:27 - Getting current active form's ID in the active forms list
23/11/06_07:09:27 - REFRESHING forms...
23/11/06_07:09:27 - App loaded with no errors!
23/11/06_07:09:29 - Deserializing ExamPrepper.Classes.ExamFormData+Exam to JSON data
23/11/06_07:09:29 - Deserializing ExamPrepper.Classes.ExamFormData+Exam to JSON data
23/11/06_07:09:29 - Deserializing ExamPrepper.Classes.ExamFormData+Exam to JSON data
23/11/06_07:09:29 - Deserializing ExamPrepper.Classes.ExamFormData+Exam to JSON data
23/11/06_07:09:29 - Deserializing ExamPrepper.Classes.ExamFormData+Exam to JSON data
23/11/06_07:09:29 - FORMHANDLER called...
23/11/06_07:09:29 - Form does not exist in current list of active forms
23/11/06_07:09:29 - Deserializing System.Collections.Generic.List`1[ExamPrepper.Classes.ExamFormData+Subject] to JSON data
23/11/06_07:09:29 - Getting current active form's ID in the active forms list
23/11/06_07:09:29 - REFRESHING forms...
23/11/06_07:09:31 - FORMHANDLER called...
23/11/06_07:09:31 - Form does not exist in current list of active forms
23/11/06_07:09:31 - Getting current active form's ID in the active forms list
23/11/06_07:09:31 - REFRESHING forms...
23/11/06_07:09:31 - Deserializing ExamPrepper.Classes.ExamFormData+ExamTask to JSON data
23/11/06_07:09:31 - Deserializing ExamPrepper.Classes.ExamFormData+ExamTask to JSON data
23/11/06_07:09:31 - Deserializing ExamPrepper.Classes.ExamFormData+ExamTask to JSON data
23/11/06_07:09:31 - Deserializing ExamPrepper.Classes.ExamFormData+ExamTask to JSON data
23/11/06_07:09:31 - Deserializing ExamPrepper.Classes.ExamFormData+ExamTask to JSON data
23/11/06_07:09:31 - Deserializing ExamPrepper.Classes.ExamFormData+ExamTask to JSON data
23/11/06_07:09:31 - Deserializing ExamPrepper.Classes.ExamFormData+ExamTask to JSON data
23/11/06_07:09:31 - Deserializing ExamPrepper.Classes.ExamFormData+ExamTask to JSON data
23/11/06_07:09:31 - Deserializing ExamPrepper.Classes.ExamFormData+ExamTask to JSON data
23/11/06_07:09:31 - Deserializing ExamPrepper.Classes.ExamFormData+ExamTask to JSON data
23/11/06_07:09:31 - Deserializing ExamPrepper.Classes.ExamFormData+ExamTask to JSON data
23/11/06_07:09:31 - Deserializing System.Collections.Generic.List`1[ExamPrepper.Classes.ExamFormData+Subject] to JSON data
================
   New Session  
================
23/11/06_07:12:43 - Checking for all required folders to exist...
23/11/06_07:12:43 - FORMHANDLER called...
23/11/06_07:12:43 - Form does not exist in current list of active forms
================
   New Session  
================
23/11/06_07:13:55 - Checking for all required folders to exist...
23/11/06_07:13:55 - FORMHANDLER called...
23/11/06_07:13:55 - Form does not exist in current list of active forms
================
   New Session  
================
23/11/06_07:14:22 - Checking for all required folders to exist...
23/11/06_07:14:22 - FORMHANDLER called...
23/11/06_07:14:22 - Form does not exist in current list of active forms
================
   New Session  
================
23/11/06_07:14:41 - Checking for all required folders to exist...
23/11/06_07:14:41 - FORMHANDLER called...
23/11/06_07:14:41 - Form does not exist in current list of active forms
================
   New Session  
================
23/11/06_07:15:17 - Checking for all required folders to exist...
23/11/06_07:15:17 - FORMHANDLER called...
23/11/06_07:15:17 - Form does not exist in current list of active forms
================
   New Session  
================
23/11/06_07:15:36 - Checking for all required folders to exist...
23/11/06_07:15:36 - FORMHANDLER called...
23/11/06_07:15:36 - Form does not exist in current list of active forms
================
   New Session  
================
23/11/06_07:16:01 - Checking for all required folders to exist...
23/11/06_07:16:01 - FORMHANDLER called...
23/11/06_07:16:01 - Form does not exist in current list of active forms
================
   New Session  
================
23/11/06_07:18:19 - Checking for all required folders to exist...
23/11/06_07:18:19 - FORMHANDLER called...
23/11/06_07:18:19 - Form does not exist in current list of active forms
================
   New Session  
================
23/11/06_07:18:36 - Checking for all required folders to exist...
23/11/06_07:18:36 - FORMHANDLER called...
23/11/06_07:18:36 - Form does not exist in current list of active forms
================
   New Session  
================
23/11/06_07:19:05 - Checking for all required folders to exist...
23/11/06_07:19:05 - FORMHANDLER called...
23/11/06_07:19:05 - Form does not exist in current list of active forms
================
   New Session  
================
23/11/06_07:19:42 - Checking for all required folders to exist...
23/11/06_07:19:42 - FORMHANDLER called...
23/11/06_07:19:42 - Form does not exist in current list of active forms
23/11/06_07:19:42 - Getting current active form's ID in the active forms list
23/11/06_07:19:42 - REFRESHING forms...
23/11/06_07:19:42 - App loaded with no errors!
================
   New Session  
================
23/11/06_07:20:07 - Checking for all required folders to exist...
23/11/06_07:20:07 - FORMHANDLER called...
23/11/06_07:20:07 - Form does not exist in current list of active forms
23/11/06_07:20:08 - Getting current active form's ID in the active forms list
23/11/06_07:20:08 - REFRESHING forms...
23/11/06_07:20:08 - App loaded with no errors!
================
   New Session  
================
23/11/06_07:20:32 - Checking for all required folders to exist...
23/11/06_07:20:32 - FORMHANDLER called...
23/11/06_07:20:32 - Form does not exist in current list of active forms
================
   New Session  
================
23/11/06_07:20:43 - Checking for all required folders to exist...
23/11/06_07:20:43 - FORMHANDLER called...
23/11/06_07:20:43 - Form does not exist in current list of active forms
================
   New Session  
================
23/11/06_07:20:52 - Checking for all required folders to exist...
23/11/06_07:20:52 - FORMHANDLER called...
23/11/06_07:20:52 - Form does not exist in current list of active forms
================
   New Session  
================
23/11/06_07:21:17 - Checking for all required folders to exist...
23/11/06_07:21:17 - FORMHANDLER called...
23/11/06_07:21:17 - Form does not exist in current list of active forms
================
   New Session  
================
23/11/06_07:22:21 - Checking for all required folders to exist...
23/11/06_07:22:21 - FORMHANDLER called...
23/11/06_07:22:21 - Form does not exist in current list of active forms
23/11/06_07:22:21 - Getting current active form's ID in the active forms list
23/11/06_07:22:21 - REFRESHING forms...
23/11/06_07:22:21 - App loaded with no errors!
23/11/06_07:22:22 - Deserializing ExamPrepper.Classes.ExamFormData+Exam to JSON data
23/11/06_07:22:22 - Deserializing ExamPrepper.Classes.ExamFormData+Exam to JSON data
23/11/06_07:22:22 - Deserializing ExamPrepper.Classes.ExamFormData+Exam to JSON data
23/11/06_07:22:22 - Deserializing ExamPrepper.Classes.ExamFormData+Exam to JSON data
23/11/06_07:22:22 - Deserializing ExamPrepper.Classes.ExamFormData+Exam to JSON data
23/11/06_07:22:22 - FORMHANDLER called...
23/11/06_07:22:22 - Form does not exist in current list of active forms
================
   New Session  
================
23/11/06_07:22:37 - Checking for all required folders to exist...
23/11/06_07:22:37 - FORMHANDLER called...
23/11/06_07:22:37 - Form does not exist in current list of active forms
23/11/06_07:22:37 - Getting current active form's ID in the active forms list
23/11/06_07:22:37 - REFRESHING forms...
23/11/06_07:22:37 - App loaded with no errors!
23/11/06_07:22:38 - Deserializing ExamPrepper.Classes.ExamFormData+Exam to JSON data
23/11/06_07:22:38 - Deserializing ExamPrepper.Classes.ExamFormData+Exam to JSON data
23/11/06_07:22:38 - Deserializing ExamPrepper.Classes.ExamFormData+Exam to JSON data
23/11/06_07:22:38 - Deserializing ExamPrepper.Classes.ExamFormData+Exam to JSON data
23/11/06_07:22:38 - Deserializing ExamPrepper.Classes.ExamFormData+Exam to JSON data
23/11/06_07:22:38 - FORMHANDLER called...
23/11/06_07:22:38 - Form does not exist in current list of active forms
================
   New Session  
================
23/11/06_07:22:47 - Checking for all required folders to exist...
23/11/06_07:22:47 - FORMHANDLER called...
23/11/06_07:22:47 - Form does not exist in current list of active forms
23/11/06_07:22:47 - Getting current active form's ID in the active forms list
23/11/06_07:22:47 - REFRESHING forms...
23/11/06_07:22:47 - App loaded with no errors!
23/11/06_07:22:48 - Deserializing ExamPrepper.Classes.ExamFormData+Exam to JSON data
23/11/06_07:22:48 - Deserializing ExamPrepper.Classes.ExamFormData+Exam to JSON data
23/11/06_07:22:48 - Deserializing ExamPrepper.Classes.ExamFormData+Exam to JSON data
23/11/06_07:22:48 - Deserializing ExamPrepper.Classes.ExamFormData+Exam to JSON data
23/11/06_07:22:48 - Deserializing ExamPrepper.Classes.ExamFormData+Exam to JSON data
23/11/06_07:22:48 - FORMHANDLER called...
23/11/06_07:22:48 - Form does not exist in current list of active forms
23/11/06_07:22:51 - Deserializing System.Collections.Generic.List`1[ExamPrepper.Classes.ExamFormData+Subject] to JSON data
23/11/06_07:22:51 - Getting current active form's ID in the active forms list
23/11/06_07:22:51 - REFRESHING forms...
================
   New Session  
================
23/11/06_07:23:45 - Checking for all required folders to exist...
23/11/06_07:23:45 - FORMHANDLER called...
23/11/06_07:23:45 - Form does not exist in current list of active forms
23/11/06_07:23:45 - Getting current active form's ID in the active forms list
23/11/06_07:23:45 - REFRESHING forms...
23/11/06_07:23:45 - App loaded with no errors!
23/11/06_07:23:47 - Deserializing ExamPrepper.Classes.ExamFormData+Exam to JSON data
23/11/06_07:23:47 - Deserializing ExamPrepper.Classes.ExamFormData+Exam to JSON data
23/11/06_07:23:47 - Deserializing ExamPrepper.Classes.ExamFormData+Exam to JSON data
23/11/06_07:23:47 - Deserializing ExamPrepper.Classes.ExamFormData+Exam to JSON data
23/11/06_07:23:47 - Deserializing ExamPrepper.Classes.ExamFormData+Exam to JSON data
23/11/06_07:23:47 - FORMHANDLER called...
23/11/06_07:23:47 - Form does not exist in current list of active forms
23/11/06_07:23:48 - Deserializing System.Collections.Generic.List`1[ExamPrepper.Classes.ExamFormData+Subject] to JSON data
23/11/06_07:23:48 - Getting current active form's ID in the active forms list
23/11/06_07:23:48 - REFRESHING forms...
