LOG FILE FOR 10/08/2023
===================================================
  Logging started
===================================================
================
   New Session  
================
23/08/10_04:39:54 - Checking for all required folders to exist...
23/08/10_04:39:54 - FORMHANDLER called...
23/08/10_04:39:54 - Form does not exist in current list of active forms
23/08/10_04:39:54 - Getting current active form's ID in the active forms list
23/08/10_04:39:54 - REFRESHING forms...
23/08/10_04:39:54 - App loaded with no errors!
23/08/10_04:39:59 - Deserializing ExamPrepper.Classes.ExamFormData+Exam to JSON data
23/08/10_04:39:59 - Deserializing ExamPrepper.Classes.ExamFormData+Exam to JSON data
23/08/10_04:39:59 - Deserializing ExamPrepper.Classes.ExamFormData+Exam to JSON data
23/08/10_04:39:59 - Deserializing ExamPrepper.Classes.ExamFormData+Exam to JSON data
23/08/10_04:39:59 - Deserializing ExamPrepper.Classes.ExamFormData+Exam to JSON data
23/08/10_04:39:59 - Deserializing ExamPrepper.Classes.ExamFormData+Exam to JSON data
23/08/10_04:39:59 - Deserializing ExamPrepper.Classes.ExamFormData+Exam to JSON data
23/08/10_04:39:59 - Deserializing ExamPrepper.Classes.ExamFormData+Exam to JSON data
23/08/10_04:39:59 - Deserializing ExamPrepper.Classes.ExamFormData+Exam to JSON data
23/08/10_04:39:59 - FORMHANDLER called...
23/08/10_04:39:59 - Form does not exist in current list of active forms
================
   New Session  
================
23/08/10_09:26:07 - Checking for all required folders to exist...
23/08/10_09:26:07 - FORMHANDLER called...
23/08/10_09:26:07 - Form does not exist in current list of active forms
23/08/10_09:26:07 - Getting current active form's ID in the active forms list
23/08/10_09:26:07 - REFRESHING forms...
23/08/10_09:26:07 - App loaded with no errors!
23/08/10_09:26:08 - Deserializing ExamPrepper.Classes.ExamFormData+Exam to JSON data
23/08/10_09:26:08 - Deserializing ExamPrepper.Classes.ExamFormData+Exam to JSON data
23/08/10_09:26:08 - Deserializing ExamPrepper.Classes.ExamFormData+Exam to JSON data
23/08/10_09:26:08 - Deserializing ExamPrepper.Classes.ExamFormData+Exam to JSON data
23/08/10_09:26:08 - Deserializing ExamPrepper.Classes.ExamFormData+Exam to JSON data
23/08/10_09:26:08 - Deserializing ExamPrepper.Classes.ExamFormData+Exam to JSON data
23/08/10_09:26:08 - Deserializing ExamPrepper.Classes.ExamFormData+Exam to JSON data
23/08/10_09:26:08 - Deserializing ExamPrepper.Classes.ExamFormData+Exam to JSON data
23/08/10_09:26:08 - Deserializing ExamPrepper.Classes.ExamFormData+Exam to JSON data
23/08/10_09:26:08 - FORMHANDLER called...
23/08/10_09:26:08 - Form does not exist in current list of active forms
23/08/10_09:26:08 - Deserializing System.Collections.Generic.List`1[ExamPrepper.Classes.ExamFormData+Subject] to JSON data
================
   New Session  
================
23/08/10_09:26:38 - Checking for all required folders to exist...
23/08/10_09:26:38 - FORMHANDLER called...
23/08/10_09:26:38 - Form does not exist in current list of active forms
23/08/10_09:26:38 - Getting current active form's ID in the active forms list
23/08/10_09:26:38 - REFRESHING forms...
23/08/10_09:26:38 - App loaded with no errors!
23/08/10_09:26:39 - FORMHANDLER called...
23/08/10_09:26:39 - Form does not exist in current list of active forms
23/08/10_09:26:39 - Getting current active form's ID in the active forms list
23/08/10_09:26:39 - REFRESHING forms...
23/08/10_09:26:39 - Deserializing ExamPrepper.Classes.ExamFormData+ExamTask to JSON data
23/08/10_09:26:39 - Deserializing ExamPrepper.Classes.ExamFormData+ExamTask to JSON data
23/08/10_09:26:39 - Deserializing ExamPrepper.Classes.ExamFormData+ExamTask to JSON data
23/08/10_09:26:39 - Deserializing ExamPrepper.Classes.ExamFormData+ExamTask to JSON data
23/08/10_09:26:39 - Deserializing System.Collections.Generic.List`1[ExamPrepper.Classes.ExamFormData+Subject] to JSON data
23/08/10_09:26:47 - Deserializing ExamPrepper.Classes.ExamFormData+ExamTask to JSON data
23/08/10_09:26:47 - Deserializing ExamPrepper.Classes.ExamFormData+ExamTask to JSON data
23/08/10_09:26:47 - Deserializing ExamPrepper.Classes.ExamFormData+ExamTask to JSON data
23/08/10_09:26:47 - Serializing ExamPrepper.Classes.ExamFormData+Exam to JSON data
23/08/10_09:26:49 - REFRESHING forms...
23/08/10_09:26:49 - Deserializing ExamPrepper.Classes.ExamFormData+Exam to JSON data
23/08/10_09:26:49 - FORMHANDLER called...
23/08/10_09:26:49 - Form does not exist in current list of active forms
23/08/10_09:26:49 - Deserializing System.Collections.Generic.List`1[ExamPrepper.Classes.ExamFormData+Subject] to JSON data
23/08/10_09:26:49 - Getting current active form's ID in the active forms list
23/08/10_09:26:49 - REFRESHING forms...
23/08/10_09:26:51 - REFRESHING forms...
================
   New Session  
================
23/08/10_09:27:43 - Checking for all required folders to exist...
23/08/10_09:27:43 - FORMHANDLER called...
23/08/10_09:27:43 - Form does not exist in current list of active forms
23/08/10_09:27:43 - Getting current active form's ID in the active forms list
23/08/10_09:27:43 - REFRESHING forms...
23/08/10_09:27:43 - App loaded with no errors!
23/08/10_09:27:44 - Deserializing ExamPrepper.Classes.ExamFormData+Exam to JSON data
23/08/10_09:27:45 - FORMHANDLER called...
23/08/10_09:27:45 - Form does not exist in current list of active forms
23/08/10_09:27:45 - Deserializing System.Collections.Generic.List`1[ExamPrepper.Classes.ExamFormData+Subject] to JSON data
23/08/10_09:27:45 - Getting current active form's ID in the active forms list
23/08/10_09:27:45 - REFRESHING forms...
================
   New Session  
================
23/08/10_09:36:35 - Checking for all required folders to exist...
23/08/10_09:36:35 - FORMHANDLER called...
23/08/10_09:36:35 - Form does not exist in current list of active forms
23/08/10_09:36:35 - Getting current active form's ID in the active forms list
23/08/10_09:36:35 - REFRESHING forms...
23/08/10_09:36:35 - App loaded with no errors!
23/08/10_09:36:36 - Deserializing ExamPrepper.Classes.ExamFormData+Exam to JSON data
23/08/10_09:36:36 - FORMHANDLER called...
23/08/10_09:36:36 - Form does not exist in current list of active forms
23/08/10_09:36:36 - Deserializing System.Collections.Generic.List`1[ExamPrepper.Classes.ExamFormData+Subject] to JSON data
23/08/10_09:36:37 - Getting current active form's ID in the active forms list
23/08/10_09:36:37 - REFRESHING forms...
================
   New Session  
================
23/08/10_09:37:02 - Checking for all required folders to exist...
23/08/10_09:37:02 - FORMHANDLER called...
23/08/10_09:37:02 - Form does not exist in current list of active forms
23/08/10_09:37:02 - Getting current active form's ID in the active forms list
23/08/10_09:37:02 - REFRESHING forms...
23/08/10_09:37:02 - App loaded with no errors!
23/08/10_09:37:03 - Deserializing ExamPrepper.Classes.ExamFormData+Exam to JSON data
23/08/10_09:37:03 - FORMHANDLER called...
23/08/10_09:37:03 - Form does not exist in current list of active forms
23/08/10_09:37:03 - Deserializing System.Collections.Generic.List`1[ExamPrepper.Classes.ExamFormData+Subject] to JSON data
================
   New Session  
================
23/08/10_09:37:37 - Checking for all required folders to exist...
23/08/10_09:37:37 - FORMHANDLER called...
23/08/10_09:37:37 - Form does not exist in current list of active forms
23/08/10_09:37:37 - Getting current active form's ID in the active forms list
23/08/10_09:37:37 - REFRESHING forms...
23/08/10_09:37:37 - App loaded with no errors!
23/08/10_09:37:37 - Deserializing ExamPrepper.Classes.ExamFormData+Exam to JSON data
23/08/10_09:37:38 - FORMHANDLER called...
23/08/10_09:37:38 - Form does not exist in current list of active forms
23/08/10_09:37:38 - Deserializing System.Collections.Generic.List`1[ExamPrepper.Classes.ExamFormData+Subject] to JSON data
23/08/10_09:37:38 - Getting current active form's ID in the active forms list
23/08/10_09:37:38 - REFRESHING forms...
23/08/10_09:37:39 - FORMHANDLER called...
23/08/10_09:37:39 - Form does not exist in current list of active forms
23/08/10_09:37:39 - Deserializing System.Collections.Generic.List`1[ExamPrepper.Classes.ExamFormData+Subject] to JSON data
23/08/10_09:37:40 - Getting current active form's ID in the active forms list
23/08/10_09:37:40 - REFRESHING forms...
================
   New Session  
================
23/08/10_09:37:52 - Checking for all required folders to exist...
23/08/10_09:37:52 - FORMHANDLER called...
23/08/10_09:37:52 - Form does not exist in current list of active forms
23/08/10_09:37:52 - Getting current active form's ID in the active forms list
23/08/10_09:37:52 - REFRESHING forms...
23/08/10_09:37:52 - App loaded with no errors!
23/08/10_09:37:53 - Deserializing ExamPrepper.Classes.ExamFormData+Exam to JSON data
23/08/10_09:37:53 - FORMHANDLER called...
23/08/10_09:37:53 - Form does not exist in current list of active forms
23/08/10_09:37:53 - Deserializing System.Collections.Generic.List`1[ExamPrepper.Classes.ExamFormData+Subject] to JSON data
23/08/10_09:37:54 - Getting current active form's ID in the active forms list
23/08/10_09:37:54 - REFRESHING forms...
23/08/10_09:37:55 - FORMHANDLER called...
23/08/10_09:37:55 - Form does not exist in current list of active forms
23/08/10_09:37:55 - Deserializing System.Collections.Generic.List`1[ExamPrepper.Classes.ExamFormData+Subject] to JSON data
23/08/10_09:38:06 - Getting current active form's ID in the active forms list
23/08/10_09:38:06 - REFRESHING forms...
23/08/10_09:38:08 - FORMHANDLER called...
23/08/10_09:38:08 - Form does not exist in current list of active forms
23/08/10_09:38:08 - Deserializing System.Collections.Generic.List`1[ExamPrepper.Classes.ExamFormData+Subject] to JSON data
23/08/10_09:38:11 - Getting current active form's ID in the active forms list
23/08/10_09:38:11 - REFRESHING forms...
================
   New Session  
================
23/08/10_09:38:54 - Checking for all required folders to exist...
23/08/10_09:38:54 - FORMHANDLER called...
23/08/10_09:38:54 - Form does not exist in current list of active forms
23/08/10_09:38:54 - Getting current active form's ID in the active forms list
23/08/10_09:38:54 - REFRESHING forms...
23/08/10_09:38:54 - App loaded with no errors!
23/08/10_09:38:55 - Deserializing ExamPrepper.Classes.ExamFormData+Exam to JSON data
23/08/10_09:38:55 - FORMHANDLER called...
23/08/10_09:38:55 - Form does not exist in current list of active forms
23/08/10_09:38:55 - Deserializing System.Collections.Generic.List`1[ExamPrepper.Classes.ExamFormData+Subject] to JSON data
23/08/10_09:38:55 - Getting current active form's ID in the active forms list
23/08/10_09:38:55 - REFRESHING forms...
23/08/10_09:38:56 - FORMHANDLER called...
23/08/10_09:38:56 - Form does not exist in current list of active forms
23/08/10_09:38:56 - Deserializing System.Collections.Generic.List`1[ExamPrepper.Classes.ExamFormData+Subject] to JSON data
23/08/10_09:38:59 - Getting current active form's ID in the active forms list
23/08/10_09:38:59 - REFRESHING forms...
23/08/10_09:39:00 - FORMHANDLER called...
23/08/10_09:39:00 - Form does not exist in current list of active forms
23/08/10_09:39:00 - Deserializing System.Collections.Generic.List`1[ExamPrepper.Classes.ExamFormData+Subject] to JSON data
23/08/10_09:39:03 - Getting current active form's ID in the active forms list
23/08/10_09:39:03 - REFRESHING forms...
================
   New Session  
================
23/08/10_09:39:38 - Checking for all required folders to exist...
23/08/10_09:39:38 - FORMHANDLER called...
23/08/10_09:39:38 - Form does not exist in current list of active forms
23/08/10_09:39:38 - Getting current active form's ID in the active forms list
23/08/10_09:39:38 - REFRESHING forms...
23/08/10_09:39:38 - App loaded with no errors!
23/08/10_09:39:40 - Deserializing ExamPrepper.Classes.ExamFormData+Exam to JSON data
23/08/10_09:39:40 - FORMHANDLER called...
23/08/10_09:39:40 - Form does not exist in current list of active forms
23/08/10_09:39:40 - Deserializing System.Collections.Generic.List`1[ExamPrepper.Classes.ExamFormData+Subject] to JSON data
23/08/10_09:39:40 - Getting current active form's ID in the active forms list
23/08/10_09:39:40 - REFRESHING forms...
23/08/10_09:39:42 - FORMHANDLER called...
23/08/10_09:39:42 - Form does not exist in current list of active forms
23/08/10_09:39:42 - Deserializing System.Collections.Generic.List`1[ExamPrepper.Classes.ExamFormData+Subject] to JSON data
23/08/10_09:39:45 - Getting current active form's ID in the active forms list
23/08/10_09:39:45 - REFRESHING forms...
================
   New Session  
================
23/08/10_09:40:32 - Checking for all required folders to exist...
23/08/10_09:40:32 - FORMHANDLER called...
23/08/10_09:40:32 - Form does not exist in current list of active forms
23/08/10_09:40:32 - Getting current active form's ID in the active forms list
23/08/10_09:40:32 - REFRESHING forms...
23/08/10_09:40:32 - App loaded with no errors!
23/08/10_09:40:33 - Deserializing ExamPrepper.Classes.ExamFormData+Exam to JSON data
23/08/10_09:40:33 - FORMHANDLER called...
23/08/10_09:40:33 - Form does not exist in current list of active forms
23/08/10_09:40:33 - Deserializing System.Collections.Generic.List`1[ExamPrepper.Classes.ExamFormData+Subject] to JSON data
23/08/10_09:40:34 - Getting current active form's ID in the active forms list
23/08/10_09:40:34 - REFRESHING forms...
23/08/10_09:40:36 - FORMHANDLER called...
23/08/10_09:40:36 - Form does not exist in current list of active forms
23/08/10_09:40:36 - Deserializing System.Collections.Generic.List`1[ExamPrepper.Classes.ExamFormData+Subject] to JSON data
23/08/10_09:40:37 - Getting current active form's ID in the active forms list
23/08/10_09:40:37 - REFRESHING forms...
================
   New Session  
================
23/08/10_09:43:48 - Checking for all required folders to exist...
23/08/10_09:43:48 - FORMHANDLER called...
23/08/10_09:43:48 - Form does not exist in current list of active forms
23/08/10_09:43:48 - Getting current active form's ID in the active forms list
23/08/10_09:43:48 - REFRESHING forms...
23/08/10_09:43:48 - App loaded with no errors!
23/08/10_09:43:50 - Deserializing ExamPrepper.Classes.ExamFormData+Exam to JSON data
23/08/10_09:43:50 - FORMHANDLER called...
23/08/10_09:43:50 - Form does not exist in current list of active forms
23/08/10_09:43:50 - Deserializing System.Collections.Generic.List`1[ExamPrepper.Classes.ExamFormData+Subject] to JSON data
23/08/10_09:43:52 - Getting current active form's ID in the active forms list
23/08/10_09:43:52 - REFRESHING forms...
23/08/10_09:43:53 - FORMHANDLER called...
23/08/10_09:43:53 - Form does not exist in current list of active forms
23/08/10_09:43:53 - Deserializing System.Collections.Generic.List`1[ExamPrepper.Classes.ExamFormData+Subject] to JSON data
23/08/10_09:43:54 - Getting current active form's ID in the active forms list
23/08/10_09:43:54 - REFRESHING forms...
================
   New Session  
================
23/08/10_09:45:44 - Checking for all required folders to exist...
23/08/10_09:45:44 - FORMHANDLER called...
23/08/10_09:45:44 - Form does not exist in current list of active forms
23/08/10_09:45:44 - Getting current active form's ID in the active forms list
23/08/10_09:45:44 - REFRESHING forms...
23/08/10_09:45:44 - App loaded with no errors!
23/08/10_09:45:46 - FORMHANDLER called...
23/08/10_09:45:46 - Form does not exist in current list of active forms
23/08/10_09:45:46 - Getting current active form's ID in the active forms list
23/08/10_09:45:46 - REFRESHING forms...
23/08/10_09:45:46 - Deserializing ExamPrepper.Classes.ExamFormData+ExamTask to JSON data
23/08/10_09:45:47 - Deserializing ExamPrepper.Classes.ExamFormData+ExamTask to JSON data
23/08/10_09:45:47 - Deserializing ExamPrepper.Classes.ExamFormData+ExamTask to JSON data
23/08/10_09:45:47 - Deserializing ExamPrepper.Classes.ExamFormData+ExamTask to JSON data
23/08/10_09:45:47 - Deserializing System.Collections.Generic.List`1[ExamPrepper.Classes.ExamFormData+Subject] to JSON data
23/08/10_09:45:48 - REFRESHING forms...
23/08/10_09:45:49 - Deserializing ExamPrepper.Classes.ExamFormData+Exam to JSON data
23/08/10_09:45:49 - FORMHANDLER called...
23/08/10_09:45:49 - Form does not exist in current list of active forms
23/08/10_09:45:49 - Deserializing System.Collections.Generic.List`1[ExamPrepper.Classes.ExamFormData+Subject] to JSON data
23/08/10_09:45:49 - Getting current active form's ID in the active forms list
23/08/10_09:45:49 - REFRESHING forms...
23/08/10_09:45:50 - FORMHANDLER called...
23/08/10_09:45:50 - Form does not exist in current list of active forms
23/08/10_09:45:50 - Deserializing System.Collections.Generic.List`1[ExamPrepper.Classes.ExamFormData+Subject] to JSON data
23/08/10_09:45:52 - Getting current active form's ID in the active forms list
23/08/10_09:45:52 - REFRESHING forms...
23/08/10_09:45:54 - FORMHANDLER called...
23/08/10_09:45:54 - Form does not exist in current list of active forms
23/08/10_09:45:54 - Deserializing System.Collections.Generic.List`1[ExamPrepper.Classes.ExamFormData+Subject] to JSON data
23/08/10_09:45:56 - Getting current active form's ID in the active forms list
23/08/10_09:45:56 - REFRESHING forms...
23/08/10_09:45:58 - FORMHANDLER called...
23/08/10_09:45:58 - Form does not exist in current list of active forms
23/08/10_09:45:58 - Deserializing System.Collections.Generic.List`1[ExamPrepper.Classes.ExamFormData+Subject] to JSON data
23/08/10_09:46:00 - Getting current active form's ID in the active forms list
23/08/10_09:46:00 - REFRESHING forms...
23/08/10_09:46:02 - FORMHANDLER called...
23/08/10_09:46:02 - Form does not exist in current list of active forms
23/08/10_09:46:02 - Deserializing System.Collections.Generic.List`1[ExamPrepper.Classes.ExamFormData+Subject] to JSON data
23/08/10_09:46:04 - Getting current active form's ID in the active forms list
23/08/10_09:46:04 - REFRESHING forms...
23/08/10_09:46:06 - FORMHANDLER called...
23/08/10_09:46:06 - Form does not exist in current list of active forms
23/08/10_09:46:06 - Deserializing System.Collections.Generic.List`1[ExamPrepper.Classes.ExamFormData+Subject] to JSON data
23/08/10_09:46:08 - Getting current active form's ID in the active forms list
23/08/10_09:46:08 - REFRESHING forms...
================
   New Session  
================
23/08/10_09:47:40 - Checking for all required folders to exist...
23/08/10_09:47:40 - FORMHANDLER called...
23/08/10_09:47:40 - Form does not exist in current list of active forms
23/08/10_09:47:40 - Getting current active form's ID in the active forms list
23/08/10_09:47:40 - REFRESHING forms...
23/08/10_09:47:40 - App loaded with no errors!
23/08/10_09:47:41 - FORMHANDLER called...
23/08/10_09:47:41 - Form does not exist in current list of active forms
23/08/10_09:47:42 - Getting current active form's ID in the active forms list
23/08/10_09:47:42 - REFRESHING forms...
23/08/10_09:47:42 - Deserializing ExamPrepper.Classes.ExamFormData+ExamTask to JSON data
23/08/10_09:47:42 - Deserializing ExamPrepper.Classes.ExamFormData+ExamTask to JSON data
23/08/10_09:47:42 - Deserializing ExamPrepper.Classes.ExamFormData+ExamTask to JSON data
23/08/10_09:47:42 - Deserializing ExamPrepper.Classes.ExamFormData+ExamTask to JSON data
23/08/10_09:47:42 - Deserializing System.Collections.Generic.List`1[ExamPrepper.Classes.ExamFormData+Subject] to JSON data
23/08/10_09:47:43 - REFRESHING forms...
23/08/10_09:47:44 - Deserializing ExamPrepper.Classes.ExamFormData+Exam to JSON data
23/08/10_09:47:44 - FORMHANDLER called...
23/08/10_09:47:44 - Form does not exist in current list of active forms
23/08/10_09:47:45 - Deserializing System.Collections.Generic.List`1[ExamPrepper.Classes.ExamFormData+Subject] to JSON data
23/08/10_09:47:45 - Getting current active form's ID in the active forms list
23/08/10_09:47:45 - REFRESHING forms...
================
   New Session  
================
23/08/10_09:48:48 - Checking for all required folders to exist...
23/08/10_09:48:48 - FORMHANDLER called...
23/08/10_09:48:48 - Form does not exist in current list of active forms
23/08/10_09:48:48 - Getting current active form's ID in the active forms list
23/08/10_09:48:48 - REFRESHING forms...
23/08/10_09:48:48 - App loaded with no errors!
23/08/10_09:48:49 - Deserializing ExamPrepper.Classes.ExamFormData+Exam to JSON data
23/08/10_09:48:50 - FORMHANDLER called...
23/08/10_09:48:50 - Form does not exist in current list of active forms
================
   New Session  
================
23/08/10_09:49:32 - Checking for all required folders to exist...
23/08/10_09:49:32 - FORMHANDLER called...
23/08/10_09:49:32 - Form does not exist in current list of active forms
23/08/10_09:49:32 - Getting current active form's ID in the active forms list
23/08/10_09:49:32 - REFRESHING forms...
23/08/10_09:49:32 - App loaded with no errors!
23/08/10_09:49:44 - Deserializing ExamPrepper.Classes.ExamFormData+Exam to JSON data
23/08/10_09:49:45 - FORMHANDLER called...
23/08/10_09:49:45 - Form does not exist in current list of active forms
23/08/10_09:49:46 - Deserializing System.Collections.Generic.List`1[ExamPrepper.Classes.ExamFormData+Subject] to JSON data
23/08/10_09:49:46 - Getting current active form's ID in the active forms list
23/08/10_09:49:46 - REFRESHING forms...
================
   New Session  
================
23/08/10_09:58:43 - Checking for all required folders to exist...
23/08/10_09:58:43 - FORMHANDLER called...
23/08/10_09:58:43 - Form does not exist in current list of active forms
23/08/10_09:58:43 - Getting current active form's ID in the active forms list
23/08/10_09:58:43 - REFRESHING forms...
23/08/10_09:58:43 - App loaded with no errors!
23/08/10_09:58:44 - Deserializing ExamPrepper.Classes.ExamFormData+Exam to JSON data
23/08/10_09:58:44 - FORMHANDLER called...
23/08/10_09:58:44 - Form does not exist in current list of active forms
23/08/10_09:58:45 - Deserializing System.Collections.Generic.List`1[ExamPrepper.Classes.ExamFormData+Subject] to JSON data
23/08/10_09:58:46 - Getting current active form's ID in the active forms list
23/08/10_09:58:46 - REFRESHING forms...
================
   New Session  
================
23/08/10_09:59:15 - Checking for all required folders to exist...
23/08/10_09:59:15 - FORMHANDLER called...
23/08/10_09:59:15 - Form does not exist in current list of active forms
23/08/10_09:59:15 - Getting current active form's ID in the active forms list
23/08/10_09:59:15 - REFRESHING forms...
23/08/10_09:59:15 - App loaded with no errors!
23/08/10_10:11:43 - Deserializing ExamPrepper.Classes.ExamFormData+Exam to JSON data
23/08/10_10:11:43 - FORMHANDLER called...
23/08/10_10:11:43 - Form does not exist in current list of active forms
23/08/10_10:11:43 - Deserializing System.Collections.Generic.List`1[ExamPrepper.Classes.ExamFormData+Subject] to JSON data
23/08/10_10:11:43 - Getting current active form's ID in the active forms list
23/08/10_10:11:43 - REFRESHING forms...
================
   New Session  
================
23/08/10_10:13:33 - Checking for all required folders to exist...
23/08/10_10:13:33 - FORMHANDLER called...
23/08/10_10:13:33 - Form does not exist in current list of active forms
23/08/10_10:13:33 - Getting current active form's ID in the active forms list
23/08/10_10:13:33 - REFRESHING forms...
23/08/10_10:13:33 - App loaded with no errors!
23/08/10_10:13:39 - Deserializing ExamPrepper.Classes.ExamFormData+Exam to JSON data
23/08/10_10:13:39 - Deserializing ExamPrepper.Classes.ExamFormData+Exam to JSON data
23/08/10_10:13:39 - FORMHANDLER called...
23/08/10_10:13:39 - Form does not exist in current list of active forms
23/08/10_10:13:39 - Deserializing System.Collections.Generic.List`1[ExamPrepper.Classes.ExamFormData+Subject] to JSON data
23/08/10_10:13:39 - Getting current active form's ID in the active forms list
23/08/10_10:13:39 - REFRESHING forms...
