LOG FILE FOR 05/08/2023
===================================================
  Logging started
===================================================
23/08/05_12:35:32 - Checking for all required folders to exist...
23/08/05_12:35:32 - FORMHANDLER called...
23/08/05_12:35:32 - Form does not exist in current list of active forms
23/08/05_12:35:32 - Getting current active form's ID in the active forms list
23/08/05_12:35:32 - REFRESHING forms...
23/08/05_12:35:32 - App loaded with no errors!
23/08/05_12:36:35 - Checking for all required folders to exist...
23/08/05_12:36:35 - FORMHANDLER called...
23/08/05_12:36:35 - Form does not exist in current list of active forms
23/08/05_12:36:35 - Getting current active form's ID in the active forms list
23/08/05_12:36:35 - REFRESHING forms...
23/08/05_12:36:35 - App loaded with no errors!
23/08/05_12:37:15 - Checking for all required folders to exist...
23/08/05_12:37:15 - FORMHANDLER called...
23/08/05_12:37:15 - Form does not exist in current list of active forms
23/08/05_12:37:15 - Getting current active form's ID in the active forms list
23/08/05_12:37:15 - REFRESHING forms...
23/08/05_12:37:15 - App loaded with no errors!
23/08/05_12:41:51 - Checking for all required folders to exist...
23/08/05_12:41:51 - FORMHANDLER called...
23/08/05_12:41:51 - Form does not exist in current list of active forms
23/08/05_12:41:51 - Getting current active form's ID in the active forms list
23/08/05_12:41:51 - REFRESHING forms...
23/08/05_12:41:51 - App loaded with no errors!
23/08/05_12:42:10 - Checking for all required folders to exist...
23/08/05_12:42:10 - FORMHANDLER called...
23/08/05_12:42:10 - Form does not exist in current list of active forms
23/08/05_12:42:10 - Getting current active form's ID in the active forms list
23/08/05_12:42:10 - REFRESHING forms...
23/08/05_12:42:10 - App loaded with no errors!
23/08/05_12:42:26 - Checking for all required folders to exist...
23/08/05_12:42:26 - FORMHANDLER called...
23/08/05_12:42:26 - Form does not exist in current list of active forms
23/08/05_12:42:26 - Getting current active form's ID in the active forms list
23/08/05_12:42:26 - REFRESHING forms...
23/08/05_12:42:26 - App loaded with no errors!
23/08/05_12:42:35 - Checking for all required folders to exist...
23/08/05_12:42:35 - FORMHANDLER called...
23/08/05_12:42:35 - Form does not exist in current list of active forms
23/08/05_12:42:35 - Getting current active form's ID in the active forms list
23/08/05_12:42:35 - REFRESHING forms...
23/08/05_12:42:35 - App loaded with no errors!
23/08/05_12:44:47 - Checking for all required folders to exist...
23/08/05_12:44:47 - FORMHANDLER called...
23/08/05_12:44:47 - Form does not exist in current list of active forms
23/08/05_12:44:47 - Getting current active form's ID in the active forms list
23/08/05_12:44:47 - REFRESHING forms...
23/08/05_12:44:47 - App loaded with no errors!
23/08/05_12:44:56 - Checking for all required folders to exist...
23/08/05_12:44:56 - FORMHANDLER called...
23/08/05_12:44:56 - Form does not exist in current list of active forms
23/08/05_12:44:56 - Getting current active form's ID in the active forms list
23/08/05_12:44:56 - REFRESHING forms...
23/08/05_12:44:56 - App loaded with no errors!
23/08/05_12:45:58 - Checking for all required folders to exist...
23/08/05_12:45:58 - FORMHANDLER called...
23/08/05_12:45:58 - Form does not exist in current list of active forms
23/08/05_12:45:58 - Getting current active form's ID in the active forms list
23/08/05_12:45:58 - REFRESHING forms...
23/08/05_12:45:58 - App loaded with no errors!
23/08/05_12:46:08 - Checking for all required folders to exist...
23/08/05_12:46:08 - FORMHANDLER called...
23/08/05_12:46:08 - Form does not exist in current list of active forms
23/08/05_12:46:08 - Getting current active form's ID in the active forms list
23/08/05_12:46:08 - REFRESHING forms...
23/08/05_12:46:08 - App loaded with no errors!
23/08/05_12:46:16 - Checking for all required folders to exist...
23/08/05_12:46:16 - FORMHANDLER called...
23/08/05_12:46:16 - Form does not exist in current list of active forms
23/08/05_12:46:17 - Getting current active form's ID in the active forms list
23/08/05_12:46:17 - REFRESHING forms...
23/08/05_12:46:17 - App loaded with no errors!
23/08/05_12:46:22 - Checking for all required folders to exist...
23/08/05_12:46:22 - FORMHANDLER called...
23/08/05_12:46:22 - Form does not exist in current list of active forms
23/08/05_12:46:22 - Getting current active form's ID in the active forms list
23/08/05_12:46:22 - REFRESHING forms...
23/08/05_12:46:22 - App loaded with no errors!
23/08/05_12:53:11 - Checking for all required folders to exist...
23/08/05_12:53:11 - FORMHANDLER called...
23/08/05_12:53:11 - Form does not exist in current list of active forms
23/08/05_12:53:12 - Getting current active form's ID in the active forms list
23/08/05_12:53:12 - REFRESHING forms...
23/08/05_12:53:12 - App loaded with no errors!
23/08/05_01:00:56 - Checking for all required folders to exist...
23/08/05_01:00:56 - FORMHANDLER called...
23/08/05_01:00:56 - Form does not exist in current list of active forms
23/08/05_01:00:56 - Getting current active form's ID in the active forms list
23/08/05_01:00:56 - REFRESHING forms...
23/08/05_01:00:56 - App loaded with no errors!
23/08/05_01:01:19 - Checking for all required folders to exist...
23/08/05_01:01:19 - FORMHANDLER called...
23/08/05_01:01:19 - Form does not exist in current list of active forms
23/08/05_01:01:19 - Getting current active form's ID in the active forms list
23/08/05_01:01:19 - REFRESHING forms...
23/08/05_01:01:19 - App loaded with no errors!
23/08/05_01:04:34 - Checking for all required folders to exist...
23/08/05_01:04:34 - FORMHANDLER called...
23/08/05_01:04:34 - Form does not exist in current list of active forms
23/08/05_01:04:34 - Getting current active form's ID in the active forms list
23/08/05_01:04:34 - REFRESHING forms...
23/08/05_01:04:34 - App loaded with no errors!
23/08/05_01:05:16 - Checking for all required folders to exist...
23/08/05_01:05:16 - FORMHANDLER called...
23/08/05_01:05:16 - Form does not exist in current list of active forms
23/08/05_01:05:16 - Getting current active form's ID in the active forms list
23/08/05_01:05:16 - REFRESHING forms...
23/08/05_01:05:16 - App loaded with no errors!
23/08/05_01:05:36 - Checking for all required folders to exist...
23/08/05_01:05:36 - FORMHANDLER called...
23/08/05_01:05:36 - Form does not exist in current list of active forms
23/08/05_01:05:36 - Getting current active form's ID in the active forms list
23/08/05_01:05:36 - REFRESHING forms...
23/08/05_01:05:36 - App loaded with no errors!
23/08/05_01:05:54 - Checking for all required folders to exist...
23/08/05_01:05:54 - FORMHANDLER called...
23/08/05_01:05:54 - Form does not exist in current list of active forms
23/08/05_01:05:54 - Getting current active form's ID in the active forms list
23/08/05_01:05:54 - REFRESHING forms...
23/08/05_01:05:54 - App loaded with no errors!
23/08/05_01:05:57 - FORMHANDLER called...
23/08/05_01:05:57 - Form does not exist in current list of active forms
23/08/05_01:05:57 - Getting current active form's ID in the active forms list
23/08/05_01:05:57 - REFRESHING forms...
23/08/05_01:06:08 - REFRESHING forms...
23/08/05_01:06:12 - FORMHANDLER called...
23/08/05_01:06:12 - Form does not exist in current list of active forms
23/08/05_01:06:12 - Getting current active form's ID in the active forms list
23/08/05_01:06:12 - REFRESHING forms...
23/08/05_01:06:12 - Deserializing Subject to JSON data
23/08/05_01:06:12 - Deserializing Subject to JSON data
23/08/05_01:06:14 - FORMHANDLER called...
23/08/05_01:06:14 - Form does not exist in current list of active forms
23/08/05_01:06:14 - Getting current active form's ID in the active forms list
23/08/05_01:06:14 - REFRESHING forms...
23/08/05_01:06:16 - REFRESHING forms...
23/08/05_01:06:16 - Deserializing Subject to JSON data
23/08/05_01:06:16 - FORMHANDLER called...
23/08/05_01:06:16 - Form does not exist in current list of active forms
23/08/05_01:06:16 - Getting current active form's ID in the active forms list
23/08/05_01:06:16 - REFRESHING forms...
23/08/05_01:06:21 - REFRESHING forms...
23/08/05_01:06:21 - Deserializing Subject to JSON data
23/08/05_01:06:22 - FORMHANDLER called...
23/08/05_01:06:22 - Form does not exist in current list of active forms
23/08/05_01:06:22 - Getting current active form's ID in the active forms list
23/08/05_01:06:22 - REFRESHING forms...
23/08/05_01:06:24 - REFRESHING forms...
23/08/05_01:06:24 - Deserializing Subject to JSON data
23/08/05_01:06:26 - REFRESHING forms...
23/08/05_01:06:27 - FORMHANDLER called...
23/08/05_01:06:27 - Form exists in current list of active form (Selecting form to show from list).
23/08/05_01:06:27 - Getting current active form's ID in the active forms list
23/08/05_01:06:27 - REFRESHING forms...
23/08/05_01:06:27 - Deserializing Subject to JSON data
23/08/05_01:06:28 - REFRESHING forms...
23/08/05_01:08:29 - Checking for all required folders to exist...
23/08/05_01:08:29 - FORMHANDLER called...
23/08/05_01:08:29 - Form does not exist in current list of active forms
23/08/05_01:08:29 - Getting current active form's ID in the active forms list
23/08/05_01:08:29 - REFRESHING forms...
23/08/05_01:08:29 - App loaded with no errors!
23/08/05_01:08:32 - FORMHANDLER called...
23/08/05_01:08:32 - Form does not exist in current list of active forms
23/08/05_01:08:32 - Getting current active form's ID in the active forms list
23/08/05_01:08:32 - REFRESHING forms...
23/08/05_01:08:37 - REFRESHING forms...
23/08/05_01:08:41 - FORMHANDLER called...
23/08/05_01:08:41 - Form does not exist in current list of active forms
23/08/05_01:08:41 - Getting current active form's ID in the active forms list
23/08/05_01:08:41 - REFRESHING forms...
23/08/05_01:08:44 - REFRESHING forms...
23/08/05_01:09:55 - Checking for all required folders to exist...
23/08/05_01:09:55 - FORMHANDLER called...
23/08/05_01:09:55 - Form does not exist in current list of active forms
23/08/05_01:09:55 - Getting current active form's ID in the active forms list
23/08/05_01:09:55 - REFRESHING forms...
23/08/05_01:09:55 - App loaded with no errors!
23/08/05_01:10:23 - Checking for all required folders to exist...
23/08/05_01:10:23 - FORMHANDLER called...
23/08/05_01:10:23 - Form does not exist in current list of active forms
23/08/05_01:10:23 - Getting current active form's ID in the active forms list
23/08/05_01:10:23 - REFRESHING forms...
23/08/05_01:10:23 - App loaded with no errors!
23/08/05_01:11:55 - Checking for all required folders to exist...
23/08/05_01:11:55 - FORMHANDLER called...
23/08/05_01:11:55 - Form does not exist in current list of active forms
23/08/05_01:11:55 - Getting current active form's ID in the active forms list
23/08/05_01:11:55 - REFRESHING forms...
23/08/05_01:11:55 - App loaded with no errors!
23/08/05_01:13:47 - Checking for all required folders to exist...
23/08/05_01:13:47 - FORMHANDLER called...
23/08/05_01:13:47 - Form does not exist in current list of active forms
23/08/05_01:13:47 - Getting current active form's ID in the active forms list
23/08/05_01:13:47 - REFRESHING forms...
23/08/05_01:13:47 - App loaded with no errors!
23/08/05_01:13:49 - FORMHANDLER called...
23/08/05_01:13:49 - Form does not exist in current list of active forms
23/08/05_01:13:49 - Getting current active form's ID in the active forms list
23/08/05_01:13:49 - REFRESHING forms...
23/08/05_01:14:10 - Checking for all required folders to exist...
23/08/05_01:14:10 - FORMHANDLER called...
23/08/05_01:14:10 - Form does not exist in current list of active forms
23/08/05_01:14:10 - Getting current active form's ID in the active forms list
23/08/05_01:14:10 - REFRESHING forms...
23/08/05_01:14:10 - App loaded with no errors!
23/08/05_01:14:13 - FORMHANDLER called...
23/08/05_01:14:13 - Form does not exist in current list of active forms
23/08/05_01:14:13 - Getting current active form's ID in the active forms list
23/08/05_01:14:13 - REFRESHING forms...
23/08/05_03:33:21 - Checking for all required folders to exist...
23/08/05_03:33:21 - FORMHANDLER called...
23/08/05_03:33:21 - Form does not exist in current list of active forms
23/08/05_03:33:21 - Getting current active form's ID in the active forms list
23/08/05_03:33:21 - REFRESHING forms...
23/08/05_03:33:21 - App loaded with no errors!
23/08/05_03:42:42 - Checking for all required folders to exist...
23/08/05_03:42:42 - FORMHANDLER called...
23/08/05_03:42:42 - Form does not exist in current list of active forms
23/08/05_03:42:42 - Getting current active form's ID in the active forms list
23/08/05_03:42:42 - REFRESHING forms...
23/08/05_03:42:42 - App loaded with no errors!
23/08/05_03:42:44 - FORMHANDLER called...
23/08/05_03:42:44 - Form does not exist in current list of active forms
23/08/05_03:42:44 - Getting current active form's ID in the active forms list
23/08/05_03:42:44 - REFRESHING forms...
23/08/05_04:19:02 - Checking for all required folders to exist...
23/08/05_04:19:02 - FORMHANDLER called...
23/08/05_04:19:02 - Form does not exist in current list of active forms
23/08/05_04:19:02 - Getting current active form's ID in the active forms list
23/08/05_04:19:02 - REFRESHING forms...
23/08/05_04:19:02 - App loaded with no errors!
23/08/05_04:19:03 - FORMHANDLER called...
23/08/05_04:19:03 - Form does not exist in current list of active forms
23/08/05_04:19:03 - Getting current active form's ID in the active forms list
23/08/05_04:19:03 - REFRESHING forms...
23/08/05_04:20:00 - Checking for all required folders to exist...
23/08/05_04:20:00 - FORMHANDLER called...
23/08/05_04:20:00 - Form does not exist in current list of active forms
23/08/05_04:20:00 - Getting current active form's ID in the active forms list
23/08/05_04:20:00 - REFRESHING forms...
23/08/05_04:20:00 - App loaded with no errors!
23/08/05_04:20:02 - FORMHANDLER called...
23/08/05_04:20:02 - Form does not exist in current list of active forms
23/08/05_04:20:02 - Getting current active form's ID in the active forms list
23/08/05_04:20:02 - REFRESHING forms...
23/08/05_04:20:33 - Checking for all required folders to exist...
23/08/05_04:20:33 - FORMHANDLER called...
23/08/05_04:20:33 - Form does not exist in current list of active forms
23/08/05_04:20:33 - Getting current active form's ID in the active forms list
23/08/05_04:20:33 - REFRESHING forms...
23/08/05_04:20:33 - App loaded with no errors!
23/08/05_04:20:59 - Checking for all required folders to exist...
23/08/05_04:20:59 - FORMHANDLER called...
23/08/05_04:20:59 - Form does not exist in current list of active forms
23/08/05_04:20:59 - Getting current active form's ID in the active forms list
23/08/05_04:20:59 - REFRESHING forms...
23/08/05_04:20:59 - App loaded with no errors!
23/08/05_04:21:00 - FORMHANDLER called...
23/08/05_04:21:00 - Form does not exist in current list of active forms
23/08/05_04:21:00 - Getting current active form's ID in the active forms list
23/08/05_04:21:00 - REFRESHING forms...
23/08/05_04:22:19 - Checking for all required folders to exist...
23/08/05_04:22:19 - FORMHANDLER called...
23/08/05_04:22:19 - Form does not exist in current list of active forms
23/08/05_04:22:19 - Getting current active form's ID in the active forms list
23/08/05_04:22:19 - REFRESHING forms...
23/08/05_04:22:19 - App loaded with no errors!
23/08/05_04:22:20 - FORMHANDLER called...
23/08/05_04:22:20 - Form does not exist in current list of active forms
23/08/05_04:22:20 - Deserializing Subject to JSON data
23/08/05_04:22:48 - Checking for all required folders to exist...
23/08/05_04:22:48 - FORMHANDLER called...
23/08/05_04:22:48 - Form does not exist in current list of active forms
23/08/05_04:22:48 - Getting current active form's ID in the active forms list
23/08/05_04:22:48 - REFRESHING forms...
23/08/05_04:22:48 - App loaded with no errors!
23/08/05_04:22:50 - FORMHANDLER called...
23/08/05_04:22:50 - Form does not exist in current list of active forms
23/08/05_04:22:50 - Deserializing Subject to JSON data
23/08/05_04:24:05 - Checking for all required folders to exist...
23/08/05_04:24:05 - FORMHANDLER called...
23/08/05_04:24:05 - Form does not exist in current list of active forms
23/08/05_04:24:05 - Getting current active form's ID in the active forms list
23/08/05_04:24:05 - REFRESHING forms...
23/08/05_04:24:05 - App loaded with no errors!
23/08/05_04:24:06 - FORMHANDLER called...
23/08/05_04:24:06 - Form does not exist in current list of active forms
23/08/05_04:24:06 - Deserializing Subject to JSON data
23/08/05_04:24:51 - Checking for all required folders to exist...
23/08/05_04:24:51 - FORMHANDLER called...
23/08/05_04:24:51 - Form does not exist in current list of active forms
23/08/05_04:24:51 - Getting current active form's ID in the active forms list
23/08/05_04:24:51 - REFRESHING forms...
23/08/05_04:24:51 - App loaded with no errors!
23/08/05_04:24:54 - FORMHANDLER called...
23/08/05_04:24:54 - Form does not exist in current list of active forms
23/08/05_04:24:54 - Deserializing Subject to JSON data
23/08/05_04:24:54 - Getting current active form's ID in the active forms list
23/08/05_04:24:54 - REFRESHING forms...
23/08/05_04:27:28 - Checking for all required folders to exist...
23/08/05_04:27:28 - FORMHANDLER called...
23/08/05_04:27:28 - Form does not exist in current list of active forms
23/08/05_04:27:28 - Getting current active form's ID in the active forms list
23/08/05_04:27:28 - REFRESHING forms...
23/08/05_04:27:28 - App loaded with no errors!
23/08/05_04:31:25 - Checking for all required folders to exist...
23/08/05_04:31:25 - FORMHANDLER called...
23/08/05_04:31:25 - Form does not exist in current list of active forms
23/08/05_04:31:25 - Getting current active form's ID in the active forms list
23/08/05_04:31:25 - REFRESHING forms...
23/08/05_04:31:25 - App loaded with no errors!
23/08/05_04:31:26 - FORMHANDLER called...
23/08/05_04:31:26 - Form does not exist in current list of active forms
23/08/05_04:31:26 - Deserializing ExamTask to JSON data
23/08/05_04:34:04 - Checking for all required folders to exist...
23/08/05_04:34:04 - FORMHANDLER called...
23/08/05_04:34:04 - Form does not exist in current list of active forms
23/08/05_04:34:04 - Getting current active form's ID in the active forms list
23/08/05_04:34:04 - REFRESHING forms...
23/08/05_04:34:04 - App loaded with no errors!
23/08/05_04:34:07 - FORMHANDLER called...
23/08/05_04:34:07 - Form does not exist in current list of active forms
23/08/05_04:34:07 - Deserializing ExamTask to JSON data
23/08/05_04:49:46 - Checking for all required folders to exist...
23/08/05_04:49:46 - FORMHANDLER called...
23/08/05_04:49:46 - Form does not exist in current list of active forms
23/08/05_04:49:46 - Getting current active form's ID in the active forms list
23/08/05_04:49:46 - REFRESHING forms...
23/08/05_04:49:46 - App loaded with no errors!
23/08/05_04:49:47 - FORMHANDLER called...
23/08/05_04:49:47 - Form does not exist in current list of active forms
23/08/05_04:49:47 - Getting current active form's ID in the active forms list
23/08/05_04:49:47 - REFRESHING forms...
23/08/05_04:49:47 - Deserializing Subject to JSON data
23/08/05_04:51:06 - Checking for all required folders to exist...
23/08/05_04:51:06 - FORMHANDLER called...
23/08/05_04:51:06 - Form does not exist in current list of active forms
23/08/05_04:51:06 - Getting current active form's ID in the active forms list
23/08/05_04:51:06 - REFRESHING forms...
23/08/05_04:51:06 - App loaded with no errors!
23/08/05_04:51:07 - FORMHANDLER called...
23/08/05_04:51:07 - Form does not exist in current list of active forms
23/08/05_04:51:07 - Getting current active form's ID in the active forms list
23/08/05_04:51:07 - REFRESHING forms...
23/08/05_04:51:07 - Deserializing Subject to JSON data
23/08/05_04:55:42 - Checking for all required folders to exist...
23/08/05_04:55:42 - FORMHANDLER called...
23/08/05_04:55:42 - Form does not exist in current list of active forms
23/08/05_04:55:42 - Getting current active form's ID in the active forms list
23/08/05_04:55:42 - REFRESHING forms...
23/08/05_04:55:42 - App loaded with no errors!
23/08/05_04:55:44 - FORMHANDLER called...
23/08/05_04:55:44 - Form does not exist in current list of active forms
23/08/05_04:55:44 - Getting current active form's ID in the active forms list
23/08/05_04:55:44 - REFRESHING forms...
23/08/05_04:55:44 - Deserializing Subject to JSON data
23/08/05_04:55:44 - Deserializing Subject to JSON data
23/08/05_04:55:49 - FORMHANDLER called...
23/08/05_04:55:49 - Form does not exist in current list of active forms
23/08/05_04:55:49 - Deserializing Subject to JSON data
23/08/05_04:55:50 - Getting current active form's ID in the active forms list
23/08/05_04:55:50 - REFRESHING forms...
23/08/05_04:55:50 - Deserializing Subject to JSON data
23/08/05_04:56:46 - Checking for all required folders to exist...
23/08/05_04:56:46 - FORMHANDLER called...
23/08/05_04:56:46 - Form does not exist in current list of active forms
23/08/05_04:56:46 - Getting current active form's ID in the active forms list
23/08/05_04:56:46 - REFRESHING forms...
23/08/05_04:56:46 - App loaded with no errors!
23/08/05_04:56:49 - FORMHANDLER called...
23/08/05_04:56:49 - Form does not exist in current list of active forms
23/08/05_04:56:49 - Deserializing ExamTask to JSON data
23/08/05_05:01:05 - Checking for all required folders to exist...
23/08/05_05:01:05 - FORMHANDLER called...
23/08/05_05:01:05 - Form does not exist in current list of active forms
23/08/05_05:01:06 - Getting current active form's ID in the active forms list
23/08/05_05:01:06 - REFRESHING forms...
23/08/05_05:01:06 - App loaded with no errors!
23/08/05_05:01:07 - FORMHANDLER called...
23/08/05_05:01:07 - Form does not exist in current list of active forms
23/08/05_05:01:07 - Deserializing ExamTask to JSON data
23/08/05_05:01:07 - Deserializing ExamTask to JSON data
23/08/05_05:01:07 - Deserializing ExamTask to JSON data
23/08/05_05:01:07 - Deserializing Subject to JSON data
23/08/05_05:01:07 - Getting current active form's ID in the active forms list
23/08/05_05:01:07 - REFRESHING forms...
23/08/05_05:02:56 - Checking for all required folders to exist...
23/08/05_05:02:57 - FORMHANDLER called...
23/08/05_05:02:57 - Form does not exist in current list of active forms
23/08/05_05:02:57 - Getting current active form's ID in the active forms list
23/08/05_05:02:57 - REFRESHING forms...
23/08/05_05:02:57 - App loaded with no errors!
23/08/05_05:06:24 - Checking for all required folders to exist...
23/08/05_05:06:25 - FORMHANDLER called...
23/08/05_05:06:25 - Form does not exist in current list of active forms
23/08/05_05:06:25 - Getting current active form's ID in the active forms list
23/08/05_05:06:25 - REFRESHING forms...
23/08/05_05:06:25 - App loaded with no errors!
23/08/05_05:07:05 - FORMHANDLER called...
23/08/05_05:07:05 - Form does not exist in current list of active forms
23/08/05_05:07:05 - Getting current active form's ID in the active forms list
23/08/05_05:07:05 - REFRESHING forms...
23/08/05_05:07:05 - Deserializing Subject to JSON data
23/08/05_05:07:05 - Deserializing Subject to JSON data
23/08/05_05:07:07 - FORMHANDLER called...
23/08/05_05:07:07 - Form does not exist in current list of active forms
23/08/05_05:07:07 - Getting current active form's ID in the active forms list
23/08/05_05:07:07 - REFRESHING forms...
23/08/05_05:07:51 - Serializing ExamTask to JSON data
23/08/05_05:08:10 - Serializing ExamTask to JSON data
23/08/05_05:10:13 - Checking for all required folders to exist...
23/08/05_05:10:13 - FORMHANDLER called...
23/08/05_05:10:13 - Form does not exist in current list of active forms
23/08/05_05:10:13 - Getting current active form's ID in the active forms list
23/08/05_05:10:13 - REFRESHING forms...
23/08/05_05:10:13 - App loaded with no errors!
23/08/05_05:10:16 - FORMHANDLER called...
23/08/05_05:10:16 - Form does not exist in current list of active forms
23/08/05_05:10:16 - Deserializing ExamTask to JSON data
23/08/05_05:10:17 - Deserializing ExamTask to JSON data
23/08/05_05:10:17 - Deserializing Subject to JSON data
23/08/05_05:10:17 - Getting current active form's ID in the active forms list
23/08/05_05:10:17 - REFRESHING forms...
23/08/05_05:15:20 - Checking for all required folders to exist...
23/08/05_05:15:20 - FORMHANDLER called...
23/08/05_05:15:20 - Form does not exist in current list of active forms
23/08/05_05:15:21 - Getting current active form's ID in the active forms list
23/08/05_05:15:21 - REFRESHING forms...
23/08/05_05:15:21 - App loaded with no errors!
23/08/05_05:15:25 - FORMHANDLER called...
23/08/05_05:15:25 - Form does not exist in current list of active forms
23/08/05_05:15:25 - Deserializing ExamTask to JSON data
23/08/05_05:15:25 - Deserializing ExamTask to JSON data
23/08/05_05:15:25 - Deserializing Subject to JSON data
23/08/05_05:15:25 - Getting current active form's ID in the active forms list
23/08/05_05:15:25 - REFRESHING forms...
23/08/05_05:20:09 - Checking for all required folders to exist...
23/08/05_05:20:09 - FORMHANDLER called...
23/08/05_05:20:09 - Form does not exist in current list of active forms
23/08/05_05:20:09 - Getting current active form's ID in the active forms list
23/08/05_05:20:09 - REFRESHING forms...
23/08/05_05:20:09 - App loaded with no errors!
23/08/05_05:20:11 - FORMHANDLER called...
23/08/05_05:20:11 - Form does not exist in current list of active forms
23/08/05_05:20:11 - Deserializing ExamTask to JSON data
23/08/05_05:20:11 - Deserializing ExamTask to JSON data
23/08/05_05:20:11 - Deserializing Subject to JSON data
23/08/05_05:20:11 - Getting current active form's ID in the active forms list
23/08/05_05:20:11 - REFRESHING forms...
23/08/05_05:20:13 - Deserializing ExamTask to JSON data
23/08/05_05:20:13 - Deserializing ExamTask to JSON data
23/08/05_05:23:36 - Checking for all required folders to exist...
23/08/05_05:23:36 - FORMHANDLER called...
23/08/05_05:23:36 - Form does not exist in current list of active forms
23/08/05_05:23:36 - Getting current active form's ID in the active forms list
23/08/05_05:23:36 - REFRESHING forms...
23/08/05_05:23:36 - App loaded with no errors!
23/08/05_05:23:37 - FORMHANDLER called...
23/08/05_05:23:37 - Form does not exist in current list of active forms
23/08/05_05:23:37 - Deserializing ExamTask to JSON data
23/08/05_05:23:38 - Deserializing ExamTask to JSON data
23/08/05_05:23:38 - Deserializing Subject to JSON data
23/08/05_05:23:38 - Getting current active form's ID in the active forms list
23/08/05_05:23:38 - REFRESHING forms...
23/08/05_05:37:16 - Checking for all required folders to exist...
23/08/05_05:37:16 - FORMHANDLER called...
23/08/05_05:37:16 - Form does not exist in current list of active forms
23/08/05_05:37:16 - Getting current active form's ID in the active forms list
23/08/05_05:37:16 - REFRESHING forms...
23/08/05_05:37:16 - App loaded with no errors!
23/08/05_05:37:33 - FORMHANDLER called...
23/08/05_05:37:33 - Form does not exist in current list of active forms
23/08/05_05:37:33 - Deserializing ExamTask to JSON data
23/08/05_05:37:33 - Deserializing ExamTask to JSON data
23/08/05_05:38:38 - Checking for all required folders to exist...
23/08/05_05:38:38 - FORMHANDLER called...
23/08/05_05:38:38 - Form does not exist in current list of active forms
23/08/05_05:38:38 - Getting current active form's ID in the active forms list
23/08/05_05:38:38 - REFRESHING forms...
23/08/05_05:38:38 - App loaded with no errors!
23/08/05_05:38:41 - FORMHANDLER called...
23/08/05_05:38:41 - Form does not exist in current list of active forms
23/08/05_05:38:41 - Deserializing ExamTask to JSON data
23/08/05_05:38:41 - Deserializing ExamTask to JSON data
23/08/05_05:38:41 - Deserializing Subject to JSON data
23/08/05_05:38:41 - Getting current active form's ID in the active forms list
23/08/05_05:38:41 - REFRESHING forms...
23/08/05_05:39:45 - Checking for all required folders to exist...
23/08/05_05:39:45 - FORMHANDLER called...
23/08/05_05:39:45 - Form does not exist in current list of active forms
23/08/05_05:39:45 - Getting current active form's ID in the active forms list
23/08/05_05:39:45 - REFRESHING forms...
23/08/05_05:39:45 - App loaded with no errors!
23/08/05_05:40:01 - Checking for all required folders to exist...
23/08/05_05:40:01 - FORMHANDLER called...
23/08/05_05:40:01 - Form does not exist in current list of active forms
23/08/05_05:40:01 - Getting current active form's ID in the active forms list
23/08/05_05:40:01 - REFRESHING forms...
23/08/05_05:40:01 - App loaded with no errors!
23/08/05_05:40:02 - FORMHANDLER called...
23/08/05_05:40:02 - Form does not exist in current list of active forms
23/08/05_05:40:02 - Deserializing ExamTask to JSON data
23/08/05_05:40:02 - Deserializing ExamTask to JSON data
23/08/05_05:40:02 - Deserializing Subject to JSON data
23/08/05_05:40:02 - Getting current active form's ID in the active forms list
23/08/05_05:40:02 - REFRESHING forms...
23/08/05_05:42:48 - Checking for all required folders to exist...
23/08/05_05:42:48 - FORMHANDLER called...
23/08/05_05:42:48 - Form does not exist in current list of active forms
23/08/05_05:42:48 - Getting current active form's ID in the active forms list
23/08/05_05:42:48 - REFRESHING forms...
23/08/05_05:42:48 - App loaded with no errors!
23/08/05_05:42:49 - FORMHANDLER called...
23/08/05_05:42:49 - Form does not exist in current list of active forms
23/08/05_05:42:49 - Deserializing ExamTask to JSON data
23/08/05_05:42:49 - Deserializing ExamTask to JSON data
23/08/05_05:42:49 - Deserializing Subject to JSON data
23/08/05_05:42:49 - Getting current active form's ID in the active forms list
23/08/05_05:42:49 - REFRESHING forms...
23/08/05_05:43:18 - Checking for all required folders to exist...
23/08/05_05:43:18 - FORMHANDLER called...
23/08/05_05:43:18 - Form does not exist in current list of active forms
23/08/05_05:43:18 - Getting current active form's ID in the active forms list
23/08/05_05:43:18 - REFRESHING forms...
23/08/05_05:43:18 - App loaded with no errors!
23/08/05_05:43:19 - FORMHANDLER called...
23/08/05_05:43:19 - Form does not exist in current list of active forms
23/08/05_05:43:19 - Getting current active form's ID in the active forms list
23/08/05_05:43:19 - REFRESHING forms...
23/08/05_05:43:19 - Deserializing Subject to JSON data
23/08/05_05:43:19 - Deserializing Subject to JSON data
23/08/05_05:43:20 - REFRESHING forms...
23/08/05_05:43:20 - FORMHANDLER called...
23/08/05_05:43:20 - Form does not exist in current list of active forms
23/08/05_05:43:20 - Deserializing ExamTask to JSON data
23/08/05_05:43:20 - Deserializing ExamTask to JSON data
23/08/05_05:43:20 - Deserializing Subject to JSON data
23/08/05_05:43:20 - Getting current active form's ID in the active forms list
23/08/05_05:43:20 - REFRESHING forms...
23/08/05_05:43:38 - Checking for all required folders to exist...
23/08/05_05:43:38 - FORMHANDLER called...
23/08/05_05:43:38 - Form does not exist in current list of active forms
23/08/05_05:43:38 - Getting current active form's ID in the active forms list
23/08/05_05:43:38 - REFRESHING forms...
23/08/05_05:43:38 - App loaded with no errors!
23/08/05_05:43:39 - FORMHANDLER called...
23/08/05_05:43:39 - Form does not exist in current list of active forms
23/08/05_05:43:39 - Deserializing ExamTask to JSON data
23/08/05_05:43:39 - Deserializing ExamTask to JSON data
23/08/05_05:43:39 - Deserializing Subject to JSON data
23/08/05_05:43:39 - Getting current active form's ID in the active forms list
23/08/05_05:43:39 - REFRESHING forms...
23/08/05_05:43:54 - Checking for all required folders to exist...
23/08/05_05:43:54 - FORMHANDLER called...
23/08/05_05:43:54 - Form does not exist in current list of active forms
23/08/05_05:43:54 - Getting current active form's ID in the active forms list
23/08/05_05:43:54 - REFRESHING forms...
23/08/05_05:43:54 - App loaded with no errors!
23/08/05_05:43:56 - FORMHANDLER called...
23/08/05_05:43:56 - Form does not exist in current list of active forms
23/08/05_05:43:56 - Deserializing ExamTask to JSON data
23/08/05_05:43:57 - Deserializing ExamTask to JSON data
23/08/05_05:43:57 - Deserializing Subject to JSON data
23/08/05_05:43:57 - Getting current active form's ID in the active forms list
23/08/05_05:43:57 - REFRESHING forms...
23/08/05_05:44:26 - Checking for all required folders to exist...
23/08/05_05:44:26 - FORMHANDLER called...
23/08/05_05:44:26 - Form does not exist in current list of active forms
23/08/05_05:44:26 - Getting current active form's ID in the active forms list
23/08/05_05:44:26 - REFRESHING forms...
23/08/05_05:44:26 - App loaded with no errors!
23/08/05_05:44:29 - FORMHANDLER called...
23/08/05_05:44:29 - Form does not exist in current list of active forms
23/08/05_05:44:29 - Deserializing ExamTask to JSON data
23/08/05_05:44:29 - Deserializing ExamTask to JSON data
23/08/05_05:44:29 - Deserializing Subject to JSON data
23/08/05_05:44:29 - Getting current active form's ID in the active forms list
23/08/05_05:44:29 - REFRESHING forms...
23/08/05_05:45:17 - Checking for all required folders to exist...
23/08/05_05:45:17 - FORMHANDLER called...
23/08/05_05:45:17 - Form does not exist in current list of active forms
23/08/05_05:45:18 - Getting current active form's ID in the active forms list
23/08/05_05:45:18 - REFRESHING forms...
23/08/05_05:45:18 - App loaded with no errors!
23/08/05_05:46:43 - FORMHANDLER called...
23/08/05_05:46:43 - Form does not exist in current list of active forms
23/08/05_05:46:43 - Deserializing ExamTask to JSON data
23/08/05_05:46:43 - Deserializing ExamTask to JSON data
23/08/05_05:46:43 - Deserializing Subject to JSON data
23/08/05_05:46:43 - Getting current active form's ID in the active forms list
23/08/05_05:46:43 - REFRESHING forms...
23/08/05_05:46:54 - Deserializing ExamTask to JSON data
23/08/05_05:46:54 - Deserializing ExamTask to JSON data
23/08/05_05:47:00 - Checking for all required folders to exist...
23/08/05_05:47:00 - FORMHANDLER called...
23/08/05_05:47:00 - Form does not exist in current list of active forms
23/08/05_05:47:00 - Getting current active form's ID in the active forms list
23/08/05_05:47:00 - REFRESHING forms...
23/08/05_05:47:00 - App loaded with no errors!
23/08/05_05:47:01 - FORMHANDLER called...
23/08/05_05:47:01 - Form does not exist in current list of active forms
23/08/05_05:47:01 - Deserializing ExamTask to JSON data
23/08/05_05:47:01 - Deserializing ExamTask to JSON data
23/08/05_05:47:01 - Deserializing Subject to JSON data
23/08/05_05:47:01 - Getting current active form's ID in the active forms list
23/08/05_05:47:01 - REFRESHING forms...
23/08/05_05:48:49 - Checking for all required folders to exist...
23/08/05_05:48:49 - FORMHANDLER called...
23/08/05_05:48:49 - Form does not exist in current list of active forms
23/08/05_05:48:49 - Getting current active form's ID in the active forms list
23/08/05_05:48:49 - REFRESHING forms...
23/08/05_05:48:49 - App loaded with no errors!
23/08/05_05:48:50 - FORMHANDLER called...
23/08/05_05:48:50 - Form does not exist in current list of active forms
23/08/05_05:48:50 - Deserializing ExamTask to JSON data
23/08/05_05:48:50 - Deserializing ExamTask to JSON data
23/08/05_05:48:50 - Deserializing Subject to JSON data
23/08/05_05:48:50 - Getting current active form's ID in the active forms list
23/08/05_05:48:50 - REFRESHING forms...
23/08/05_05:49:02 - Checking for all required folders to exist...
23/08/05_05:49:02 - FORMHANDLER called...
23/08/05_05:49:02 - Form does not exist in current list of active forms
23/08/05_05:49:02 - Getting current active form's ID in the active forms list
23/08/05_05:49:02 - REFRESHING forms...
23/08/05_05:49:02 - App loaded with no errors!
23/08/05_05:49:03 - FORMHANDLER called...
23/08/05_05:49:03 - Form does not exist in current list of active forms
23/08/05_05:49:04 - Deserializing ExamTask to JSON data
23/08/05_05:49:04 - Deserializing ExamTask to JSON data
23/08/05_05:49:04 - Deserializing Subject to JSON data
23/08/05_05:49:04 - Getting current active form's ID in the active forms list
23/08/05_05:49:04 - REFRESHING forms...
23/08/05_05:56:15 - Checking for all required folders to exist...
23/08/05_05:56:15 - FORMHANDLER called...
23/08/05_05:56:15 - Form does not exist in current list of active forms
23/08/05_05:56:15 - Getting current active form's ID in the active forms list
23/08/05_05:56:15 - REFRESHING forms...
23/08/05_05:56:15 - App loaded with no errors!
23/08/05_05:56:16 - FORMHANDLER called...
23/08/05_05:56:16 - Form does not exist in current list of active forms
23/08/05_05:56:16 - Deserializing ExamTask to JSON data
23/08/05_05:56:16 - Deserializing ExamTask to JSON data
23/08/05_05:56:16 - Deserializing Subject to JSON data
23/08/05_05:56:16 - Getting current active form's ID in the active forms list
23/08/05_05:56:16 - REFRESHING forms...
23/08/05_05:57:33 - Checking for all required folders to exist...
23/08/05_05:57:33 - FORMHANDLER called...
23/08/05_05:57:33 - Form does not exist in current list of active forms
23/08/05_05:57:33 - Getting current active form's ID in the active forms list
23/08/05_05:57:33 - REFRESHING forms...
23/08/05_05:57:33 - App loaded with no errors!
23/08/05_05:57:40 - FORMHANDLER called...
23/08/05_05:57:40 - Form does not exist in current list of active forms
23/08/05_05:57:40 - Deserializing ExamTask to JSON data
23/08/05_05:57:40 - Deserializing ExamTask to JSON data
23/08/05_05:57:40 - Deserializing Subject to JSON data
23/08/05_05:57:40 - Getting current active form's ID in the active forms list
23/08/05_05:57:40 - REFRESHING forms...
23/08/05_05:58:46 - Checking for all required folders to exist...
23/08/05_05:58:46 - FORMHANDLER called...
23/08/05_05:58:46 - Form does not exist in current list of active forms
23/08/05_05:58:46 - Getting current active form's ID in the active forms list
23/08/05_05:58:46 - REFRESHING forms...
23/08/05_05:58:46 - App loaded with no errors!
23/08/05_05:58:49 - FORMHANDLER called...
23/08/05_05:58:49 - Form does not exist in current list of active forms
23/08/05_05:58:49 - Deserializing ExamTask to JSON data
23/08/05_05:58:49 - Deserializing ExamTask to JSON data
23/08/05_05:58:49 - Deserializing Subject to JSON data
23/08/05_05:58:49 - Getting current active form's ID in the active forms list
23/08/05_05:58:49 - REFRESHING forms...
23/08/05_05:59:37 - Checking for all required folders to exist...
23/08/05_05:59:37 - FORMHANDLER called...
23/08/05_05:59:37 - Form does not exist in current list of active forms
23/08/05_05:59:37 - Getting current active form's ID in the active forms list
23/08/05_05:59:37 - REFRESHING forms...
23/08/05_05:59:37 - App loaded with no errors!
23/08/05_05:59:39 - FORMHANDLER called...
23/08/05_05:59:39 - Form does not exist in current list of active forms
23/08/05_05:59:39 - Deserializing ExamTask to JSON data
23/08/05_05:59:39 - Deserializing ExamTask to JSON data
23/08/05_05:59:39 - Deserializing Subject to JSON data
23/08/05_05:59:39 - Getting current active form's ID in the active forms list
23/08/05_05:59:39 - REFRESHING forms...
23/08/05_06:00:15 - Checking for all required folders to exist...
23/08/05_06:00:15 - FORMHANDLER called...
23/08/05_06:00:15 - Form does not exist in current list of active forms
23/08/05_06:00:15 - Getting current active form's ID in the active forms list
23/08/05_06:00:15 - REFRESHING forms...
23/08/05_06:00:15 - App loaded with no errors!
23/08/05_06:00:16 - FORMHANDLER called...
23/08/05_06:00:16 - Form does not exist in current list of active forms
23/08/05_06:00:16 - Deserializing ExamTask to JSON data
23/08/05_06:00:16 - Deserializing ExamTask to JSON data
23/08/05_06:00:16 - Deserializing Subject to JSON data
23/08/05_06:00:16 - Getting current active form's ID in the active forms list
23/08/05_06:00:16 - REFRESHING forms...
23/08/05_06:00:42 - Checking for all required folders to exist...
23/08/05_06:00:42 - FORMHANDLER called...
23/08/05_06:00:42 - Form does not exist in current list of active forms
23/08/05_06:00:43 - Getting current active form's ID in the active forms list
23/08/05_06:00:43 - REFRESHING forms...
23/08/05_06:00:43 - App loaded with no errors!
23/08/05_06:00:45 - FORMHANDLER called...
23/08/05_06:00:45 - Form does not exist in current list of active forms
23/08/05_06:00:45 - Deserializing ExamTask to JSON data
23/08/05_06:00:45 - Deserializing ExamTask to JSON data
23/08/05_06:00:45 - Deserializing Subject to JSON data
23/08/05_06:00:45 - Getting current active form's ID in the active forms list
23/08/05_06:00:45 - REFRESHING forms...
23/08/05_06:01:30 - Checking for all required folders to exist...
23/08/05_06:01:30 - FORMHANDLER called...
23/08/05_06:01:30 - Form does not exist in current list of active forms
23/08/05_06:01:30 - Getting current active form's ID in the active forms list
23/08/05_06:01:30 - REFRESHING forms...
23/08/05_06:01:30 - App loaded with no errors!
23/08/05_06:01:31 - FORMHANDLER called...
23/08/05_06:01:31 - Form does not exist in current list of active forms
23/08/05_06:01:31 - Deserializing ExamTask to JSON data
23/08/05_06:01:31 - Deserializing ExamTask to JSON data
23/08/05_06:01:31 - Deserializing Subject to JSON data
23/08/05_06:01:31 - Getting current active form's ID in the active forms list
23/08/05_06:01:31 - REFRESHING forms...
23/08/05_06:01:53 - Checking for all required folders to exist...
23/08/05_06:01:53 - FORMHANDLER called...
23/08/05_06:01:53 - Form does not exist in current list of active forms
23/08/05_06:01:53 - Getting current active form's ID in the active forms list
23/08/05_06:01:53 - REFRESHING forms...
23/08/05_06:01:53 - App loaded with no errors!
23/08/05_06:02:00 - FORMHANDLER called...
23/08/05_06:02:00 - Form does not exist in current list of active forms
23/08/05_06:02:00 - Deserializing ExamTask to JSON data
23/08/05_06:02:00 - Deserializing ExamTask to JSON data
23/08/05_06:02:00 - Deserializing Subject to JSON data
23/08/05_06:02:00 - Getting current active form's ID in the active forms list
23/08/05_06:02:00 - REFRESHING forms...
23/08/05_06:02:37 - Checking for all required folders to exist...
23/08/05_06:02:37 - FORMHANDLER called...
23/08/05_06:02:37 - Form does not exist in current list of active forms
23/08/05_06:02:37 - Getting current active form's ID in the active forms list
23/08/05_06:02:37 - REFRESHING forms...
23/08/05_06:02:37 - App loaded with no errors!
23/08/05_06:02:39 - FORMHANDLER called...
23/08/05_06:02:39 - Form does not exist in current list of active forms
23/08/05_06:02:39 - Deserializing ExamTask to JSON data
23/08/05_06:02:40 - Deserializing ExamTask to JSON data
23/08/05_06:02:40 - Deserializing Subject to JSON data
23/08/05_06:02:40 - Getting current active form's ID in the active forms list
23/08/05_06:02:40 - REFRESHING forms...
23/08/05_06:03:23 - Checking for all required folders to exist...
23/08/05_06:03:23 - FORMHANDLER called...
23/08/05_06:03:23 - Form does not exist in current list of active forms
23/08/05_06:03:23 - Getting current active form's ID in the active forms list
23/08/05_06:03:23 - REFRESHING forms...
23/08/05_06:03:23 - App loaded with no errors!
23/08/05_06:03:31 - FORMHANDLER called...
23/08/05_06:03:31 - Form does not exist in current list of active forms
23/08/05_06:03:31 - Deserializing ExamTask to JSON data
23/08/05_06:03:31 - Deserializing ExamTask to JSON data
23/08/05_06:03:31 - Deserializing Subject to JSON data
23/08/05_06:03:31 - Getting current active form's ID in the active forms list
23/08/05_06:03:31 - REFRESHING forms...
23/08/05_06:03:46 - Checking for all required folders to exist...
23/08/05_06:03:46 - FORMHANDLER called...
23/08/05_06:03:46 - Form does not exist in current list of active forms
23/08/05_06:03:46 - Getting current active form's ID in the active forms list
23/08/05_06:03:46 - REFRESHING forms...
23/08/05_06:03:46 - App loaded with no errors!
23/08/05_06:03:50 - FORMHANDLER called...
23/08/05_06:03:50 - Form does not exist in current list of active forms
23/08/05_06:03:50 - Deserializing ExamTask to JSON data
23/08/05_06:03:50 - Deserializing ExamTask to JSON data
23/08/05_06:03:50 - Deserializing Subject to JSON data
23/08/05_06:03:50 - Getting current active form's ID in the active forms list
23/08/05_06:03:50 - REFRESHING forms...
23/08/05_06:04:40 - Checking for all required folders to exist...
23/08/05_06:04:40 - FORMHANDLER called...
23/08/05_06:04:40 - Form does not exist in current list of active forms
23/08/05_06:04:40 - Getting current active form's ID in the active forms list
23/08/05_06:04:40 - REFRESHING forms...
23/08/05_06:04:40 - App loaded with no errors!
23/08/05_06:04:41 - FORMHANDLER called...
23/08/05_06:04:41 - Form does not exist in current list of active forms
23/08/05_06:04:41 - Deserializing ExamTask to JSON data
23/08/05_06:04:41 - Deserializing ExamTask to JSON data
23/08/05_06:04:41 - Deserializing Subject to JSON data
23/08/05_06:04:41 - Getting current active form's ID in the active forms list
23/08/05_06:04:41 - REFRESHING forms...
23/08/05_06:05:10 - Checking for all required folders to exist...
23/08/05_06:05:10 - FORMHANDLER called...
23/08/05_06:05:10 - Form does not exist in current list of active forms
23/08/05_06:05:10 - Getting current active form's ID in the active forms list
23/08/05_06:05:10 - REFRESHING forms...
23/08/05_06:05:10 - App loaded with no errors!
23/08/05_06:05:13 - FORMHANDLER called...
23/08/05_06:05:13 - Form does not exist in current list of active forms
23/08/05_06:05:13 - Deserializing ExamTask to JSON data
23/08/05_06:05:13 - Deserializing ExamTask to JSON data
23/08/05_06:05:13 - Deserializing Subject to JSON data
23/08/05_06:05:13 - Getting current active form's ID in the active forms list
23/08/05_06:05:13 - REFRESHING forms...
23/08/05_06:05:31 - Checking for all required folders to exist...
23/08/05_06:05:32 - FORMHANDLER called...
23/08/05_06:05:32 - Form does not exist in current list of active forms
23/08/05_06:05:32 - Getting current active form's ID in the active forms list
23/08/05_06:05:32 - REFRESHING forms...
23/08/05_06:05:32 - App loaded with no errors!
23/08/05_06:05:33 - FORMHANDLER called...
23/08/05_06:05:33 - Form does not exist in current list of active forms
23/08/05_06:05:33 - Deserializing ExamTask to JSON data
23/08/05_06:05:33 - Deserializing ExamTask to JSON data
23/08/05_06:05:33 - Deserializing Subject to JSON data
23/08/05_06:05:33 - Getting current active form's ID in the active forms list
23/08/05_06:05:33 - REFRESHING forms...
23/08/05_06:06:11 - Checking for all required folders to exist...
23/08/05_06:06:11 - FORMHANDLER called...
23/08/05_06:06:11 - Form does not exist in current list of active forms
23/08/05_06:06:11 - Getting current active form's ID in the active forms list
23/08/05_06:06:11 - REFRESHING forms...
23/08/05_06:06:11 - App loaded with no errors!
23/08/05_06:06:16 - FORMHANDLER called...
23/08/05_06:06:16 - Form does not exist in current list of active forms
23/08/05_06:06:16 - Deserializing ExamTask to JSON data
23/08/05_06:06:16 - Deserializing ExamTask to JSON data
23/08/05_06:06:16 - Deserializing Subject to JSON data
23/08/05_06:06:16 - Getting current active form's ID in the active forms list
23/08/05_06:06:16 - REFRESHING forms...
23/08/05_06:07:47 - Checking for all required folders to exist...
23/08/05_06:07:47 - FORMHANDLER called...
23/08/05_06:07:47 - Form does not exist in current list of active forms
23/08/05_06:07:47 - Getting current active form's ID in the active forms list
23/08/05_06:07:47 - REFRESHING forms...
23/08/05_06:07:47 - App loaded with no errors!
23/08/05_06:07:49 - FORMHANDLER called...
23/08/05_06:07:49 - Form does not exist in current list of active forms
23/08/05_06:07:49 - Deserializing ExamTask to JSON data
23/08/05_06:07:50 - Deserializing ExamTask to JSON data
23/08/05_06:07:50 - Deserializing Subject to JSON data
23/08/05_06:07:50 - Getting current active form's ID in the active forms list
23/08/05_06:07:50 - REFRESHING forms...
23/08/05_06:11:45 - Checking for all required folders to exist...
23/08/05_06:11:45 - FORMHANDLER called...
23/08/05_06:11:45 - Form does not exist in current list of active forms
23/08/05_06:11:45 - Getting current active form's ID in the active forms list
23/08/05_06:11:45 - REFRESHING forms...
23/08/05_06:11:45 - App loaded with no errors!
23/08/05_06:33:46 - FORMHANDLER called...
23/08/05_06:33:46 - Form does not exist in current list of active forms
23/08/05_06:33:46 - Deserializing ExamTask to JSON data
23/08/05_06:33:46 - Deserializing ExamTask to JSON data
23/08/05_06:33:46 - Deserializing Subject to JSON data
23/08/05_06:33:46 - Getting current active form's ID in the active forms list
23/08/05_06:33:46 - REFRESHING forms...
23/08/05_06:37:33 - Checking for all required folders to exist...
23/08/05_06:37:33 - FORMHANDLER called...
23/08/05_06:37:33 - Form does not exist in current list of active forms
23/08/05_06:37:33 - Getting current active form's ID in the active forms list
23/08/05_06:37:33 - REFRESHING forms...
23/08/05_06:37:33 - App loaded with no errors!
23/08/05_06:37:34 - FORMHANDLER called...
23/08/05_06:37:34 - Form does not exist in current list of active forms
23/08/05_06:37:34 - Deserializing ExamTask to JSON data
23/08/05_06:37:34 - Deserializing ExamTask to JSON data
23/08/05_06:37:34 - Deserializing Subject to JSON data
23/08/05_06:37:34 - Getting current active form's ID in the active forms list
23/08/05_06:37:34 - REFRESHING forms...
23/08/05_06:37:44 - Checking for all required folders to exist...
23/08/05_06:37:44 - FORMHANDLER called...
23/08/05_06:37:44 - Form does not exist in current list of active forms
23/08/05_06:37:44 - Getting current active form's ID in the active forms list
23/08/05_06:37:44 - REFRESHING forms...
23/08/05_06:37:44 - App loaded with no errors!
23/08/05_06:37:45 - FORMHANDLER called...
23/08/05_06:37:45 - Form does not exist in current list of active forms
23/08/05_06:37:45 - Deserializing ExamTask to JSON data
23/08/05_06:37:45 - Deserializing ExamTask to JSON data
23/08/05_06:37:46 - Deserializing Subject to JSON data
23/08/05_06:37:46 - Getting current active form's ID in the active forms list
23/08/05_06:37:46 - REFRESHING forms...
23/08/05_06:38:11 - Checking for all required folders to exist...
23/08/05_06:38:11 - FORMHANDLER called...
23/08/05_06:38:11 - Form does not exist in current list of active forms
23/08/05_06:38:11 - Getting current active form's ID in the active forms list
23/08/05_06:38:11 - REFRESHING forms...
23/08/05_06:38:11 - App loaded with no errors!
23/08/05_06:39:10 - Checking for all required folders to exist...
23/08/05_06:39:10 - FORMHANDLER called...
23/08/05_06:39:10 - Form does not exist in current list of active forms
23/08/05_06:39:10 - Getting current active form's ID in the active forms list
23/08/05_06:39:10 - REFRESHING forms...
23/08/05_06:39:10 - App loaded with no errors!
23/08/05_06:39:11 - FORMHANDLER called...
23/08/05_06:39:11 - Form does not exist in current list of active forms
23/08/05_06:39:11 - Deserializing ExamTask to JSON data
23/08/05_06:39:11 - Deserializing ExamTask to JSON data
23/08/05_06:39:11 - Deserializing Subject to JSON data
23/08/05_06:39:11 - Getting current active form's ID in the active forms list
23/08/05_06:39:11 - REFRESHING forms...
23/08/05_06:40:52 - Checking for all required folders to exist...
23/08/05_06:40:52 - FORMHANDLER called...
23/08/05_06:40:52 - Form does not exist in current list of active forms
23/08/05_06:40:52 - Getting current active form's ID in the active forms list
23/08/05_06:40:52 - REFRESHING forms...
23/08/05_06:40:52 - App loaded with no errors!
23/08/05_06:40:53 - FORMHANDLER called...
23/08/05_06:40:53 - Form does not exist in current list of active forms
23/08/05_06:40:53 - Deserializing ExamTask to JSON data
23/08/05_06:40:53 - Deserializing ExamTask to JSON data
23/08/05_06:40:53 - Deserializing Subject to JSON data
23/08/05_06:40:53 - Getting current active form's ID in the active forms list
23/08/05_06:40:53 - REFRESHING forms...
23/08/05_06:42:36 - Checking for all required folders to exist...
23/08/05_06:42:36 - FORMHANDLER called...
23/08/05_06:42:36 - Form does not exist in current list of active forms
23/08/05_06:42:36 - Getting current active form's ID in the active forms list
23/08/05_06:42:36 - REFRESHING forms...
23/08/05_06:42:36 - App loaded with no errors!
23/08/05_06:42:37 - FORMHANDLER called...
23/08/05_06:42:37 - Form does not exist in current list of active forms
23/08/05_06:42:37 - Deserializing ExamTask to JSON data
23/08/05_06:42:37 - Deserializing ExamTask to JSON data
23/08/05_06:42:37 - Deserializing Subject to JSON data
23/08/05_06:42:37 - Getting current active form's ID in the active forms list
23/08/05_06:42:37 - REFRESHING forms...
23/08/05_06:42:48 - Checking for all required folders to exist...
23/08/05_06:42:48 - FORMHANDLER called...
23/08/05_06:42:48 - Form does not exist in current list of active forms
23/08/05_06:42:48 - Getting current active form's ID in the active forms list
23/08/05_06:42:48 - REFRESHING forms...
23/08/05_06:42:48 - App loaded with no errors!
23/08/05_06:42:49 - FORMHANDLER called...
23/08/05_06:42:49 - Form does not exist in current list of active forms
23/08/05_06:42:49 - Deserializing ExamTask to JSON data
23/08/05_06:42:49 - Deserializing ExamTask to JSON data
23/08/05_06:42:49 - Deserializing Subject to JSON data
23/08/05_06:42:49 - Getting current active form's ID in the active forms list
23/08/05_06:42:49 - REFRESHING forms...
23/08/05_06:43:24 - Checking for all required folders to exist...
23/08/05_06:43:24 - FORMHANDLER called...
23/08/05_06:43:24 - Form does not exist in current list of active forms
23/08/05_06:43:24 - Getting current active form's ID in the active forms list
23/08/05_06:43:24 - REFRESHING forms...
23/08/05_06:43:24 - App loaded with no errors!
23/08/05_06:43:28 - FORMHANDLER called...
23/08/05_06:43:28 - Form does not exist in current list of active forms
23/08/05_06:43:28 - Deserializing ExamTask to JSON data
23/08/05_06:43:28 - Deserializing ExamTask to JSON data
23/08/05_06:43:28 - Deserializing Subject to JSON data
23/08/05_06:43:28 - Getting current active form's ID in the active forms list
23/08/05_06:43:28 - REFRESHING forms...
23/08/05_06:43:46 - Checking for all required folders to exist...
23/08/05_06:43:46 - FORMHANDLER called...
23/08/05_06:43:46 - Form does not exist in current list of active forms
23/08/05_06:43:46 - Getting current active form's ID in the active forms list
23/08/05_06:43:46 - REFRESHING forms...
23/08/05_06:43:46 - App loaded with no errors!
23/08/05_06:43:51 - FORMHANDLER called...
23/08/05_06:43:51 - Form does not exist in current list of active forms
23/08/05_06:43:52 - Deserializing ExamTask to JSON data
23/08/05_06:43:52 - Deserializing ExamTask to JSON data
23/08/05_06:43:52 - Deserializing Subject to JSON data
23/08/05_06:43:52 - Getting current active form's ID in the active forms list
23/08/05_06:43:52 - REFRESHING forms...
23/08/05_06:44:58 - Checking for all required folders to exist...
23/08/05_06:44:58 - FORMHANDLER called...
23/08/05_06:44:58 - Form does not exist in current list of active forms
23/08/05_06:44:58 - Getting current active form's ID in the active forms list
23/08/05_06:44:58 - REFRESHING forms...
23/08/05_06:44:59 - App loaded with no errors!
23/08/05_06:44:59 - FORMHANDLER called...
23/08/05_06:44:59 - Form does not exist in current list of active forms
23/08/05_06:44:59 - Deserializing ExamTask to JSON data
23/08/05_06:44:59 - Deserializing ExamTask to JSON data
23/08/05_06:44:59 - Deserializing Subject to JSON data
23/08/05_06:44:59 - Getting current active form's ID in the active forms list
23/08/05_06:44:59 - REFRESHING forms...
23/08/05_06:46:10 - Checking for all required folders to exist...
23/08/05_06:46:10 - FORMHANDLER called...
23/08/05_06:46:10 - Form does not exist in current list of active forms
23/08/05_06:46:10 - Getting current active form's ID in the active forms list
23/08/05_06:46:10 - REFRESHING forms...
23/08/05_06:46:10 - App loaded with no errors!
23/08/05_06:46:11 - FORMHANDLER called...
23/08/05_06:46:11 - Form does not exist in current list of active forms
23/08/05_06:46:11 - Deserializing ExamTask to JSON data
23/08/05_06:46:11 - Deserializing ExamTask to JSON data
23/08/05_06:46:11 - Deserializing Subject to JSON data
23/08/05_06:46:11 - Getting current active form's ID in the active forms list
23/08/05_06:46:11 - REFRESHING forms...
23/08/05_06:47:16 - Checking for all required folders to exist...
23/08/05_06:47:16 - FORMHANDLER called...
23/08/05_06:47:16 - Form does not exist in current list of active forms
23/08/05_06:47:16 - Getting current active form's ID in the active forms list
23/08/05_06:47:16 - REFRESHING forms...
23/08/05_06:47:16 - App loaded with no errors!
23/08/05_06:47:17 - FORMHANDLER called...
23/08/05_06:47:17 - Form does not exist in current list of active forms
23/08/05_06:47:17 - Deserializing ExamTask to JSON data
23/08/05_06:47:17 - Deserializing ExamTask to JSON data
23/08/05_06:47:18 - Deserializing Subject to JSON data
23/08/05_06:47:18 - Getting current active form's ID in the active forms list
23/08/05_06:47:18 - REFRESHING forms...
23/08/05_06:48:00 - Checking for all required folders to exist...
23/08/05_06:48:00 - FORMHANDLER called...
23/08/05_06:48:00 - Form does not exist in current list of active forms
23/08/05_06:48:00 - Getting current active form's ID in the active forms list
23/08/05_06:48:00 - REFRESHING forms...
23/08/05_06:48:00 - App loaded with no errors!
23/08/05_06:48:00 - FORMHANDLER called...
23/08/05_06:48:00 - Form does not exist in current list of active forms
23/08/05_06:48:01 - Deserializing ExamTask to JSON data
23/08/05_06:48:01 - Deserializing ExamTask to JSON data
23/08/05_06:48:01 - Deserializing Subject to JSON data
23/08/05_06:48:01 - Getting current active form's ID in the active forms list
23/08/05_06:48:01 - REFRESHING forms...
23/08/05_06:48:39 - Checking for all required folders to exist...
23/08/05_06:48:39 - FORMHANDLER called...
23/08/05_06:48:39 - Form does not exist in current list of active forms
23/08/05_06:48:39 - Getting current active form's ID in the active forms list
23/08/05_06:48:39 - REFRESHING forms...
23/08/05_06:48:39 - App loaded with no errors!
23/08/05_06:48:40 - FORMHANDLER called...
23/08/05_06:48:40 - Form does not exist in current list of active forms
23/08/05_06:48:40 - Deserializing ExamTask to JSON data
23/08/05_06:48:40 - Deserializing ExamTask to JSON data
23/08/05_06:48:40 - Deserializing Subject to JSON data
23/08/05_06:48:40 - Getting current active form's ID in the active forms list
23/08/05_06:48:40 - REFRESHING forms...
23/08/05_06:50:00 - Checking for all required folders to exist...
23/08/05_06:50:00 - FORMHANDLER called...
23/08/05_06:50:00 - Form does not exist in current list of active forms
23/08/05_06:50:00 - Getting current active form's ID in the active forms list
23/08/05_06:50:00 - REFRESHING forms...
23/08/05_06:50:00 - App loaded with no errors!
23/08/05_06:50:17 - Checking for all required folders to exist...
23/08/05_06:50:17 - FORMHANDLER called...
23/08/05_06:50:17 - Form does not exist in current list of active forms
23/08/05_06:50:17 - Getting current active form's ID in the active forms list
23/08/05_06:50:17 - REFRESHING forms...
23/08/05_06:50:17 - App loaded with no errors!
23/08/05_06:50:19 - FORMHANDLER called...
23/08/05_06:50:19 - Form does not exist in current list of active forms
23/08/05_06:50:19 - Deserializing ExamTask to JSON data
23/08/05_06:50:19 - Deserializing ExamTask to JSON data
23/08/05_06:50:25 - Checking for all required folders to exist...
23/08/05_06:50:25 - FORMHANDLER called...
23/08/05_06:50:25 - Form does not exist in current list of active forms
23/08/05_06:50:25 - Getting current active form's ID in the active forms list
23/08/05_06:50:25 - REFRESHING forms...
23/08/05_06:50:25 - App loaded with no errors!
23/08/05_06:50:26 - FORMHANDLER called...
23/08/05_06:50:26 - Form does not exist in current list of active forms
23/08/05_06:50:26 - Deserializing ExamTask to JSON data
23/08/05_06:50:26 - Deserializing ExamTask to JSON data
23/08/05_06:50:28 - Deserializing Subject to JSON data
23/08/05_06:50:28 - Getting current active form's ID in the active forms list
23/08/05_06:50:28 - REFRESHING forms...
23/08/05_06:51:20 - Checking for all required folders to exist...
23/08/05_06:51:20 - FORMHANDLER called...
23/08/05_06:51:20 - Form does not exist in current list of active forms
23/08/05_06:51:20 - Getting current active form's ID in the active forms list
23/08/05_06:51:20 - REFRESHING forms...
23/08/05_06:51:20 - App loaded with no errors!
23/08/05_06:51:20 - FORMHANDLER called...
23/08/05_06:51:20 - Form does not exist in current list of active forms
23/08/05_06:51:20 - Deserializing ExamTask to JSON data
23/08/05_06:51:21 - Deserializing ExamTask to JSON data
23/08/05_06:51:22 - Deserializing Subject to JSON data
23/08/05_06:51:22 - Getting current active form's ID in the active forms list
23/08/05_06:51:22 - REFRESHING forms...
23/08/05_06:52:06 - Checking for all required folders to exist...
23/08/05_06:52:06 - FORMHANDLER called...
23/08/05_06:52:06 - Form does not exist in current list of active forms
23/08/05_06:52:06 - Getting current active form's ID in the active forms list
23/08/05_06:52:06 - REFRESHING forms...
23/08/05_06:52:06 - App loaded with no errors!
23/08/05_06:52:07 - FORMHANDLER called...
23/08/05_06:52:07 - Form does not exist in current list of active forms
23/08/05_06:52:07 - Deserializing ExamTask to JSON data
23/08/05_06:52:07 - Deserializing ExamTask to JSON data
23/08/05_06:52:09 - Deserializing Subject to JSON data
23/08/05_06:52:09 - Getting current active form's ID in the active forms list
23/08/05_06:52:09 - REFRESHING forms...
23/08/05_06:52:54 - Checking for all required folders to exist...
23/08/05_06:52:54 - FORMHANDLER called...
23/08/05_06:52:54 - Form does not exist in current list of active forms
23/08/05_06:52:54 - Getting current active form's ID in the active forms list
23/08/05_06:52:54 - REFRESHING forms...
23/08/05_06:52:54 - App loaded with no errors!
23/08/05_06:52:57 - FORMHANDLER called...
23/08/05_06:52:57 - Form does not exist in current list of active forms
23/08/05_06:52:57 - Deserializing ExamTask to JSON data
23/08/05_06:52:57 - Deserializing ExamTask to JSON data
23/08/05_06:53:01 - Deserializing Subject to JSON data
23/08/05_06:53:01 - Getting current active form's ID in the active forms list
23/08/05_06:53:01 - REFRESHING forms...
23/08/05_06:53:31 - Checking for all required folders to exist...
23/08/05_06:53:31 - FORMHANDLER called...
23/08/05_06:53:31 - Form does not exist in current list of active forms
23/08/05_06:53:31 - Getting current active form's ID in the active forms list
23/08/05_06:53:31 - REFRESHING forms...
23/08/05_06:53:31 - App loaded with no errors!
23/08/05_06:53:32 - FORMHANDLER called...
23/08/05_06:53:32 - Form does not exist in current list of active forms
23/08/05_06:53:32 - Deserializing ExamTask to JSON data
23/08/05_06:53:32 - Deserializing ExamTask to JSON data
23/08/05_06:53:34 - Deserializing Subject to JSON data
23/08/05_06:53:34 - Getting current active form's ID in the active forms list
23/08/05_06:53:34 - REFRESHING forms...
23/08/05_08:38:02 - Checking for all required folders to exist...
23/08/05_08:38:03 - FORMHANDLER called...
23/08/05_08:38:03 - Form does not exist in current list of active forms
23/08/05_08:38:03 - Getting current active form's ID in the active forms list
23/08/05_08:38:03 - REFRESHING forms...
23/08/05_08:38:03 - App loaded with no errors!
23/08/05_08:38:05 - FORMHANDLER called...
23/08/05_08:38:05 - Form does not exist in current list of active forms
23/08/05_08:38:05 - Getting current active form's ID in the active forms list
23/08/05_08:38:05 - REFRESHING forms...
23/08/05_08:38:06 - Deserializing System.Collections.Generic.List`1[ExamPrepper.Classes.Subject] to JSON data
23/08/05_08:38:06 - Deserializing System.Collections.Generic.List`1[ExamPrepper.Classes.Subject] to JSON data
23/08/05_08:38:08 - FORMHANDLER called...
23/08/05_08:38:08 - Form does not exist in current list of active forms
23/08/05_08:38:08 - Deserializing System.Collections.Generic.List`1[ExamPrepper.Classes.Subject] to JSON data
23/08/05_08:38:10 - Getting current active form's ID in the active forms list
23/08/05_08:38:10 - REFRESHING forms...
23/08/05_08:38:10 - Deserializing System.Collections.Generic.List`1[ExamPrepper.Classes.Subject] to JSON data
23/08/05_08:39:30 - Checking for all required folders to exist...
23/08/05_08:39:30 - FORMHANDLER called...
23/08/05_08:39:30 - Form does not exist in current list of active forms
23/08/05_08:39:30 - Getting current active form's ID in the active forms list
23/08/05_08:39:30 - REFRESHING forms...
23/08/05_08:39:30 - App loaded with no errors!
23/08/05_08:39:34 - FORMHANDLER called...
23/08/05_08:39:34 - Form does not exist in current list of active forms
23/08/05_08:39:34 - Getting current active form's ID in the active forms list
23/08/05_08:39:34 - REFRESHING forms...
23/08/05_08:39:34 - Deserializing System.Collections.Generic.List`1[ExamPrepper.Classes.Subject] to JSON data
23/08/05_08:39:34 - Deserializing System.Collections.Generic.List`1[ExamPrepper.Classes.Subject] to JSON data
23/08/05_08:39:35 - FORMHANDLER called...
23/08/05_08:39:35 - Form does not exist in current list of active forms
23/08/05_08:39:35 - Deserializing System.Collections.Generic.List`1[ExamPrepper.Classes.Subject] to JSON data
23/08/05_08:39:47 - Deserializing System.Collections.Generic.List`1[ExamPrepper.Classes.Subject] to JSON data
23/08/05_08:50:31 - Checking for all required folders to exist...
23/08/05_08:50:31 - FORMHANDLER called...
23/08/05_08:50:31 - Form does not exist in current list of active forms
23/08/05_08:50:31 - Getting current active form's ID in the active forms list
23/08/05_08:50:31 - REFRESHING forms...
23/08/05_08:50:31 - App loaded with no errors!
23/08/05_08:50:32 - FORMHANDLER called...
23/08/05_08:50:32 - Form does not exist in current list of active forms
23/08/05_08:50:32 - Getting current active form's ID in the active forms list
23/08/05_08:50:32 - REFRESHING forms...
23/08/05_08:50:32 - Deserializing System.Collections.Generic.List`1[ExamPrepper.Classes.Subject] to JSON data
23/08/05_08:50:32 - Deserializing System.Collections.Generic.List`1[ExamPrepper.Classes.Subject] to JSON data
23/08/05_08:50:36 - FORMHANDLER called...
23/08/05_08:50:36 - Form does not exist in current list of active forms
23/08/05_08:50:36 - Deserializing System.Collections.Generic.List`1[ExamPrepper.Classes.Subject] to JSON data
23/08/05_08:50:44 - Deserializing System.Collections.Generic.List`1[ExamPrepper.Classes.Subject] to JSON data
23/08/05_08:52:53 - Checking for all required folders to exist...
23/08/05_08:52:53 - FORMHANDLER called...
23/08/05_08:52:53 - Form does not exist in current list of active forms
23/08/05_08:52:53 - Getting current active form's ID in the active forms list
23/08/05_08:52:53 - REFRESHING forms...
23/08/05_08:52:53 - App loaded with no errors!
23/08/05_08:52:59 - FORMHANDLER called...
23/08/05_08:52:59 - Form does not exist in current list of active forms
23/08/05_08:52:59 - Getting current active form's ID in the active forms list
23/08/05_08:52:59 - REFRESHING forms...
23/08/05_08:52:59 - Deserializing System.Collections.Generic.List`1[ExamPrepper.Classes.Subject] to JSON data
23/08/05_08:53:00 - Deserializing System.Collections.Generic.List`1[ExamPrepper.Classes.Subject] to JSON data
23/08/05_08:53:01 - FORMHANDLER called...
23/08/05_08:53:01 - Form does not exist in current list of active forms
23/08/05_08:53:01 - Deserializing System.Collections.Generic.List`1[ExamPrepper.Classes.Subject] to JSON data
23/08/05_08:53:05 - Deserializing System.Collections.Generic.List`1[ExamPrepper.Classes.Subject] to JSON data
23/08/05_08:53:10 - Serializing System.Collections.Generic.List`1[ExamPrepper.Classes.Subject] to JSON data
23/08/05_08:53:11 - Deserializing System.Collections.Generic.List`1[ExamPrepper.Classes.Subject] to JSON data
23/08/05_08:53:11 - Deserializing System.Collections.Generic.List`1[ExamPrepper.Classes.Subject] to JSON data
23/08/05_08:57:32 - Checking for all required folders to exist...
23/08/05_08:57:32 - FORMHANDLER called...
23/08/05_08:57:32 - Form does not exist in current list of active forms
23/08/05_08:57:33 - Getting current active form's ID in the active forms list
23/08/05_08:57:33 - REFRESHING forms...
23/08/05_08:57:33 - App loaded with no errors!
23/08/05_08:57:51 - FORMHANDLER called...
23/08/05_08:57:51 - Form does not exist in current list of active forms
23/08/05_08:57:51 - Getting current active form's ID in the active forms list
23/08/05_08:57:51 - REFRESHING forms...
23/08/05_08:57:51 - Deserializing System.Collections.Generic.List`1[ExamPrepper.Classes.Subject] to JSON data
23/08/05_08:57:51 - Deserializing System.Collections.Generic.List`1[ExamPrepper.Classes.Subject] to JSON data
23/08/05_08:57:52 - FORMHANDLER called...
23/08/05_08:57:52 - Form does not exist in current list of active forms
23/08/05_08:57:52 - Deserializing System.Collections.Generic.List`1[ExamPrepper.Classes.Subject] to JSON data
23/08/05_08:58:28 - Checking for all required folders to exist...
23/08/05_08:58:28 - FORMHANDLER called...
23/08/05_08:58:28 - Form does not exist in current list of active forms
23/08/05_08:58:28 - Getting current active form's ID in the active forms list
23/08/05_08:58:28 - REFRESHING forms...
23/08/05_08:58:28 - App loaded with no errors!
23/08/05_08:58:30 - FORMHANDLER called...
23/08/05_08:58:30 - Form does not exist in current list of active forms
23/08/05_08:58:30 - Deserializing ExamPrepper.Classes.ExamFormData+ExamTask to JSON data
23/08/05_08:58:30 - Deserializing ExamPrepper.Classes.ExamFormData+ExamTask to JSON data
23/08/05_08:58:30 - Deserializing ExamPrepper.Classes.ExamFormData+ExamTask to JSON data
23/08/05_08:58:30 - Deserializing ExamPrepper.Classes.ExamFormData+ExamTask to JSON data
23/08/05_08:58:30 - Deserializing ExamPrepper.Classes.ExamFormData+ExamTask to JSON data
23/08/05_08:58:30 - Deserializing System.Collections.Generic.List`1[ExamPrepper.Classes.Subject] to JSON data
23/08/05_08:58:30 - Getting current active form's ID in the active forms list
23/08/05_08:58:30 - REFRESHING forms...
23/08/05_08:58:38 - REFRESHING forms...
23/08/05_08:58:39 - FORMHANDLER called...
23/08/05_08:58:39 - Form does not exist in current list of active forms
23/08/05_08:58:39 - Getting current active form's ID in the active forms list
23/08/05_08:58:39 - REFRESHING forms...
23/08/05_08:58:39 - Deserializing System.Collections.Generic.List`1[ExamPrepper.Classes.Subject] to JSON data
23/08/05_08:58:39 - Deserializing System.Collections.Generic.List`1[ExamPrepper.Classes.Subject] to JSON data
23/08/05_08:58:41 - REFRESHING forms...
23/08/05_08:58:44 - REFRESHING forms...
23/08/05_08:58:45 - FORMHANDLER called...
23/08/05_08:58:45 - Form exists in current list of active form (Selecting form to show from list).
23/08/05_08:58:45 - Getting current active form's ID in the active forms list
23/08/05_08:58:45 - REFRESHING forms...
23/08/05_08:58:49 - REFRESHING forms...
23/08/05_08:58:50 - FORMHANDLER called...
23/08/05_08:58:50 - Form exists in current list of active form (Selecting form to show from list).
23/08/05_08:58:50 - Getting current active form's ID in the active forms list
23/08/05_08:58:50 - REFRESHING forms...
23/08/05_08:58:52 - REFRESHING forms...
23/08/05_08:58:54 - FORMHANDLER called...
23/08/05_08:58:54 - Form exists in current list of active form (Selecting form to show from list).
23/08/05_08:58:54 - Getting current active form's ID in the active forms list
23/08/05_08:58:54 - REFRESHING forms...
23/08/05_08:58:54 - Deserializing System.Collections.Generic.List`1[ExamPrepper.Classes.Subject] to JSON data
23/08/05_08:58:55 - FORMHANDLER called...
23/08/05_08:58:55 - Form does not exist in current list of active forms
23/08/05_08:58:55 - Deserializing System.Collections.Generic.List`1[ExamPrepper.Classes.Subject] to JSON data
23/08/05_08:59:04 - Deserializing System.Collections.Generic.List`1[ExamPrepper.Classes.Subject] to JSON data
23/08/05_09:00:20 - Checking for all required folders to exist...
23/08/05_09:00:20 - FORMHANDLER called...
23/08/05_09:00:20 - Form does not exist in current list of active forms
23/08/05_09:00:20 - Getting current active form's ID in the active forms list
23/08/05_09:00:20 - REFRESHING forms...
23/08/05_09:00:20 - App loaded with no errors!
23/08/05_09:00:21 - FORMHANDLER called...
23/08/05_09:00:21 - Form does not exist in current list of active forms
23/08/05_09:00:21 - Getting current active form's ID in the active forms list
23/08/05_09:00:21 - REFRESHING forms...
23/08/05_09:00:21 - Deserializing System.Collections.Generic.List`1[ExamPrepper.Classes.Subject] to JSON data
23/08/05_09:00:21 - Deserializing System.Collections.Generic.List`1[ExamPrepper.Classes.Subject] to JSON data
23/08/05_09:00:23 - FORMHANDLER called...
23/08/05_09:00:23 - Form does not exist in current list of active forms
23/08/05_09:00:23 - Deserializing System.Collections.Generic.List`1[ExamPrepper.Classes.Subject] to JSON data
23/08/05_09:00:28 - Deserializing System.Collections.Generic.List`1[ExamPrepper.Classes.Subject] to JSON data
23/08/05_09:01:15 - Checking for all required folders to exist...
23/08/05_09:01:15 - FORMHANDLER called...
23/08/05_09:01:15 - Form does not exist in current list of active forms
23/08/05_09:01:15 - Getting current active form's ID in the active forms list
23/08/05_09:01:15 - REFRESHING forms...
23/08/05_09:01:15 - App loaded with no errors!
23/08/05_09:01:21 - FORMHANDLER called...
23/08/05_09:01:21 - Form does not exist in current list of active forms
23/08/05_09:01:21 - Getting current active form's ID in the active forms list
23/08/05_09:01:21 - REFRESHING forms...
23/08/05_09:01:21 - Deserializing System.Collections.Generic.List`1[ExamPrepper.Classes.Subject] to JSON data
23/08/05_09:01:21 - Deserializing System.Collections.Generic.List`1[ExamPrepper.Classes.Subject] to JSON data
23/08/05_09:01:22 - FORMHANDLER called...
23/08/05_09:01:22 - Form does not exist in current list of active forms
23/08/05_09:01:22 - Deserializing System.Collections.Generic.List`1[ExamPrepper.Classes.Subject] to JSON data
23/08/05_09:01:25 - Deserializing System.Collections.Generic.List`1[ExamPrepper.Classes.Subject] to JSON data
23/08/05_09:01:26 - Serializing System.Collections.Generic.List`1[ExamPrepper.Classes.Subject] to JSON data
23/08/05_09:01:26 - Deserializing System.Collections.Generic.List`1[ExamPrepper.Classes.Subject] to JSON data
23/08/05_09:01:26 - Deserializing System.Collections.Generic.List`1[ExamPrepper.Classes.Subject] to JSON data
23/08/05_09:01:30 - Deserializing System.Collections.Generic.List`1[ExamPrepper.Classes.Subject] to JSON data
23/08/05_09:01:31 - Serializing System.Collections.Generic.List`1[ExamPrepper.Classes.Subject] to JSON data
23/08/05_09:01:31 - Deserializing System.Collections.Generic.List`1[ExamPrepper.Classes.Subject] to JSON data
23/08/05_09:01:31 - Deserializing System.Collections.Generic.List`1[ExamPrepper.Classes.Subject] to JSON data
23/08/05_09:01:36 - Deserializing System.Collections.Generic.List`1[ExamPrepper.Classes.Subject] to JSON data
23/08/05_09:01:37 - Serializing System.Collections.Generic.List`1[ExamPrepper.Classes.Subject] to JSON data
23/08/05_09:01:37 - Deserializing System.Collections.Generic.List`1[ExamPrepper.Classes.Subject] to JSON data
23/08/05_09:01:37 - Deserializing System.Collections.Generic.List`1[ExamPrepper.Classes.Subject] to JSON data
23/08/05_09:01:38 - Getting current active form's ID in the active forms list
23/08/05_09:01:38 - REFRESHING forms...
23/08/05_09:01:38 - Deserializing System.Collections.Generic.List`1[ExamPrepper.Classes.Subject] to JSON data
23/08/05_09:14:13 - Checking for all required folders to exist...
23/08/05_09:14:13 - FORMHANDLER called...
23/08/05_09:14:13 - Form does not exist in current list of active forms
23/08/05_09:14:13 - Getting current active form's ID in the active forms list
23/08/05_09:14:13 - REFRESHING forms...
23/08/05_09:14:13 - App loaded with no errors!
23/08/05_09:14:21 - FORMHANDLER called...
23/08/05_09:14:21 - Form does not exist in current list of active forms
23/08/05_09:14:21 - Getting current active form's ID in the active forms list
23/08/05_09:14:21 - REFRESHING forms...
23/08/05_09:14:21 - Deserializing System.Collections.Generic.List`1[ExamPrepper.Classes.Subject] to JSON data
23/08/05_09:14:21 - Deserializing System.Collections.Generic.List`1[ExamPrepper.Classes.Subject] to JSON data
23/08/05_09:14:23 - FORMHANDLER called...
23/08/05_09:14:23 - Form does not exist in current list of active forms
23/08/05_09:14:23 - Deserializing System.Collections.Generic.List`1[ExamPrepper.Classes.Subject] to JSON data
23/08/05_09:14:26 - Adding ExamPrepper.Classes.Subject to JSON data located in './Data/Subjects.json'
23/08/05_09:14:26 - Deserializing System.Collections.Generic.List`1[ExamPrepper.Classes.Subject] to JSON data
23/08/05_09:14:26 - Serializing System.Collections.Generic.List`1[ExamPrepper.Classes.Subject] to JSON data
23/08/05_09:14:26 - Deserializing System.Collections.Generic.List`1[ExamPrepper.Classes.Subject] to JSON data
23/08/05_09:14:26 - Deserializing System.Collections.Generic.List`1[ExamPrepper.Classes.Subject] to JSON data
23/08/05_09:14:31 - Getting current active form's ID in the active forms list
23/08/05_09:14:31 - REFRESHING forms...
23/08/05_09:14:31 - Deserializing System.Collections.Generic.List`1[ExamPrepper.Classes.Subject] to JSON data
23/08/05_09:14:33 - REFRESHING forms...
23/08/05_09:14:36 - FORMHANDLER called...
23/08/05_09:14:36 - Form does not exist in current list of active forms
23/08/05_09:14:36 - Deserializing ExamPrepper.Classes.ExamFormData+ExamTask to JSON data
23/08/05_09:14:36 - Deserializing ExamPrepper.Classes.ExamFormData+ExamTask to JSON data
23/08/05_09:14:36 - Deserializing ExamPrepper.Classes.ExamFormData+ExamTask to JSON data
23/08/05_09:14:36 - Deserializing System.Collections.Generic.List`1[ExamPrepper.Classes.Subject] to JSON data
23/08/05_09:14:36 - Getting current active form's ID in the active forms list
23/08/05_09:14:36 - REFRESHING forms...
23/08/05_09:14:38 - REFRESHING forms...
23/08/05_09:14:38 - Deserializing System.Collections.Generic.List`1[ExamPrepper.Classes.Subject] to JSON data
23/08/05_09:14:42 - REFRESHING forms...
23/08/05_09:14:45 - FORMHANDLER called...
23/08/05_09:14:45 - Form exists in current list of active form (Selecting form to show from list).
23/08/05_09:14:45 - Getting current active form's ID in the active forms list
23/08/05_09:14:45 - REFRESHING forms...
23/08/05_09:14:54 - REFRESHING forms...
23/08/05_09:14:54 - Deserializing System.Collections.Generic.List`1[ExamPrepper.Classes.Subject] to JSON data
23/08/05_09:14:57 - REFRESHING forms...
23/08/05_09:16:16 - FORMHANDLER called...
23/08/05_09:16:16 - Form exists in current list of active form (Selecting form to show from list).
23/08/05_09:16:16 - Getting current active form's ID in the active forms list
23/08/05_09:16:16 - REFRESHING forms...
23/08/05_09:25:34 - Checking for all required folders to exist...
23/08/05_09:25:34 - FORMHANDLER called...
23/08/05_09:25:34 - Form does not exist in current list of active forms
23/08/05_09:25:34 - Getting current active form's ID in the active forms list
23/08/05_09:25:34 - REFRESHING forms...
23/08/05_09:25:34 - App loaded with no errors!
23/08/05_09:25:36 - FORMHANDLER called...
23/08/05_09:25:36 - Form does not exist in current list of active forms
23/08/05_09:25:36 - Getting current active form's ID in the active forms list
23/08/05_09:25:36 - REFRESHING forms...
23/08/05_09:25:36 - Deserializing System.Collections.Generic.List`1[ExamPrepper.Classes.Subject] to JSON data
23/08/05_09:25:36 - Deserializing System.Collections.Generic.List`1[ExamPrepper.Classes.Subject] to JSON data
23/08/05_09:25:37 - REFRESHING forms...
23/08/05_09:25:37 - FORMHANDLER called...
23/08/05_09:25:37 - Form does not exist in current list of active forms
23/08/05_09:25:37 - Deserializing ExamPrepper.Classes.ExamFormData+ExamTask to JSON data
23/08/05_09:25:37 - Deserializing ExamPrepper.Classes.ExamFormData+ExamTask to JSON data
23/08/05_09:25:37 - Deserializing ExamPrepper.Classes.ExamFormData+ExamTask to JSON data
23/08/05_09:25:37 - Deserializing System.Collections.Generic.List`1[ExamPrepper.Classes.Subject] to JSON data
23/08/05_09:25:37 - Getting current active form's ID in the active forms list
23/08/05_09:25:37 - REFRESHING forms...
23/08/05_09:26:24 - Checking for all required folders to exist...
23/08/05_09:26:25 - FORMHANDLER called...
23/08/05_09:26:25 - Form does not exist in current list of active forms
23/08/05_09:26:25 - Getting current active form's ID in the active forms list
23/08/05_09:26:25 - REFRESHING forms...
23/08/05_09:26:25 - App loaded with no errors!
23/08/05_09:26:26 - FORMHANDLER called...
23/08/05_09:26:26 - Form does not exist in current list of active forms
23/08/05_09:26:26 - Deserializing ExamPrepper.Classes.ExamFormData+ExamTask to JSON data
23/08/05_09:26:26 - Deserializing ExamPrepper.Classes.ExamFormData+ExamTask to JSON data
23/08/05_09:26:26 - Deserializing ExamPrepper.Classes.ExamFormData+ExamTask to JSON data
23/08/05_09:26:26 - Deserializing System.Collections.Generic.List`1[ExamPrepper.Classes.Subject] to JSON data
23/08/05_09:26:26 - Getting current active form's ID in the active forms list
23/08/05_09:26:26 - REFRESHING forms...
23/08/05_09:26:27 - REFRESHING forms...
23/08/05_09:26:28 - FORMHANDLER called...
23/08/05_09:26:28 - Form does not exist in current list of active forms
23/08/05_09:26:28 - Getting current active form's ID in the active forms list
23/08/05_09:26:28 - REFRESHING forms...
23/08/05_09:26:28 - Deserializing System.Collections.Generic.List`1[ExamPrepper.Classes.Subject] to JSON data
23/08/05_09:26:28 - Deserializing System.Collections.Generic.List`1[ExamPrepper.Classes.Subject] to JSON data
23/08/05_09:26:32 - FORMHANDLER called...
23/08/05_09:26:32 - Form does not exist in current list of active forms
23/08/05_09:26:32 - Getting current active form's ID in the active forms list
23/08/05_09:26:32 - REFRESHING forms...
23/08/05_09:26:33 - REFRESHING forms...
23/08/05_09:26:33 - Deserializing System.Collections.Generic.List`1[ExamPrepper.Classes.Subject] to JSON data
23/08/05_09:43:33 - Checking for all required folders to exist...
23/08/05_09:43:33 - FORMHANDLER called...
23/08/05_09:43:33 - Form does not exist in current list of active forms
23/08/05_09:43:33 - Getting current active form's ID in the active forms list
23/08/05_09:43:33 - REFRESHING forms...
23/08/05_09:43:33 - App loaded with no errors!
23/08/05_09:43:36 - FORMHANDLER called...
23/08/05_09:43:36 - Form does not exist in current list of active forms
23/08/05_09:43:36 - Deserializing ExamPrepper.Classes.ExamFormData+ExamTask to JSON data
23/08/05_09:43:36 - Deserializing ExamPrepper.Classes.ExamFormData+ExamTask to JSON data
23/08/05_09:43:36 - Deserializing ExamPrepper.Classes.ExamFormData+ExamTask to JSON data
23/08/05_09:43:36 - Deserializing System.Collections.Generic.List`1[ExamPrepper.Classes.Subject] to JSON data
23/08/05_09:43:36 - Getting current active form's ID in the active forms list
23/08/05_09:43:36 - REFRESHING forms...
23/08/05_09:44:11 - Checking for all required folders to exist...
23/08/05_09:44:11 - FORMHANDLER called...
23/08/05_09:44:11 - Form does not exist in current list of active forms
23/08/05_09:44:11 - Getting current active form's ID in the active forms list
23/08/05_09:44:11 - REFRESHING forms...
23/08/05_09:44:11 - App loaded with no errors!
23/08/05_09:44:21 - FORMHANDLER called...
23/08/05_09:44:21 - Form does not exist in current list of active forms
23/08/05_09:44:21 - Getting current active form's ID in the active forms list
23/08/05_09:44:21 - REFRESHING forms...
23/08/05_09:44:21 - Deserializing System.Collections.Generic.List`1[ExamPrepper.Classes.Subject] to JSON data
23/08/05_09:44:21 - Deserializing System.Collections.Generic.List`1[ExamPrepper.Classes.Subject] to JSON data
23/08/05_09:44:25 - FORMHANDLER called...
23/08/05_09:44:25 - Form does not exist in current list of active forms
23/08/05_09:44:25 - Getting current active form's ID in the active forms list
23/08/05_09:44:25 - REFRESHING forms...
23/08/05_09:44:34 - Serializing ExamPrepper.Classes.ExamFormData+ExamTask to JSON data
23/08/05_09:44:37 - REFRESHING forms...
23/08/05_09:44:37 - Deserializing System.Collections.Generic.List`1[ExamPrepper.Classes.Subject] to JSON data
23/08/05_09:44:39 - REFRESHING forms...
23/08/05_09:44:40 - FORMHANDLER called...
23/08/05_09:44:40 - Form does not exist in current list of active forms
23/08/05_09:44:40 - Deserializing ExamPrepper.Classes.ExamFormData+ExamTask to JSON data
23/08/05_09:44:40 - Deserializing ExamPrepper.Classes.ExamFormData+ExamTask to JSON data
23/08/05_09:44:40 - Deserializing ExamPrepper.Classes.ExamFormData+ExamTask to JSON data
23/08/05_09:44:40 - Deserializing ExamPrepper.Classes.ExamFormData+ExamTask to JSON data
23/08/05_09:44:40 - Deserializing System.Collections.Generic.List`1[ExamPrepper.Classes.Subject] to JSON data
23/08/05_09:44:40 - Getting current active form's ID in the active forms list
23/08/05_09:44:40 - REFRESHING forms...
23/08/05_09:44:43 - REFRESHING forms...
23/08/05_09:44:43 - Deserializing System.Collections.Generic.List`1[ExamPrepper.Classes.Subject] to JSON data
23/08/05_09:44:45 - FORMHANDLER called...
23/08/05_09:44:45 - Form does not exist in current list of active forms
23/08/05_09:44:45 - Getting current active form's ID in the active forms list
23/08/05_09:44:45 - REFRESHING forms...
23/08/05_09:45:20 - Serializing ExamPrepper.Classes.ExamFormData+ExamTask to JSON data
23/08/05_09:45:22 - REFRESHING forms...
23/08/05_09:45:25 - REFRESHING forms...
23/08/05_09:45:25 - Deserializing System.Collections.Generic.List`1[ExamPrepper.Classes.Subject] to JSON data
23/08/05_09:45:26 - REFRESHING forms...
23/08/05_09:45:27 - FORMHANDLER called...
23/08/05_09:45:27 - Form exists in current list of active form (Selecting form to show from list).
23/08/05_09:45:27 - Getting current active form's ID in the active forms list
23/08/05_09:45:27 - REFRESHING forms...
23/08/05_09:49:17 - Checking for all required folders to exist...
23/08/05_09:49:17 - FORMHANDLER called...
23/08/05_09:49:17 - Form does not exist in current list of active forms
23/08/05_09:49:17 - Getting current active form's ID in the active forms list
23/08/05_09:49:17 - REFRESHING forms...
23/08/05_09:49:17 - App loaded with no errors!
23/08/05_09:49:19 - FORMHANDLER called...
23/08/05_09:49:19 - Form does not exist in current list of active forms
23/08/05_09:49:19 - Deserializing ExamPrepper.Classes.ExamFormData+ExamTask to JSON data
23/08/05_09:49:19 - Deserializing ExamPrepper.Classes.ExamFormData+ExamTask to JSON data
23/08/05_09:49:19 - Deserializing ExamPrepper.Classes.ExamFormData+ExamTask to JSON data
23/08/05_09:49:19 - Deserializing ExamPrepper.Classes.ExamFormData+ExamTask to JSON data
23/08/05_09:49:19 - Deserializing ExamPrepper.Classes.ExamFormData+ExamTask to JSON data
23/08/05_09:49:19 - Deserializing System.Collections.Generic.List`1[ExamPrepper.Classes.Subject] to JSON data
23/08/05_09:49:19 - Getting current active form's ID in the active forms list
23/08/05_09:49:19 - REFRESHING forms...
23/08/05_09:50:10 - Checking for all required folders to exist...
23/08/05_09:50:10 - FORMHANDLER called...
23/08/05_09:50:10 - Form does not exist in current list of active forms
23/08/05_09:50:10 - Getting current active form's ID in the active forms list
23/08/05_09:50:10 - REFRESHING forms...
23/08/05_09:50:10 - App loaded with no errors!
23/08/05_09:50:12 - FORMHANDLER called...
23/08/05_09:50:12 - Form does not exist in current list of active forms
23/08/05_09:50:12 - Deserializing ExamPrepper.Classes.ExamFormData+ExamTask to JSON data
23/08/05_09:50:12 - Deserializing ExamPrepper.Classes.ExamFormData+ExamTask to JSON data
23/08/05_09:50:12 - Deserializing ExamPrepper.Classes.ExamFormData+ExamTask to JSON data
23/08/05_09:50:12 - Deserializing ExamPrepper.Classes.ExamFormData+ExamTask to JSON data
23/08/05_09:50:12 - Deserializing ExamPrepper.Classes.ExamFormData+ExamTask to JSON data
23/08/05_09:50:12 - Deserializing System.Collections.Generic.List`1[ExamPrepper.Classes.Subject] to JSON data
23/08/05_09:50:13 - Getting current active form's ID in the active forms list
23/08/05_09:50:13 - REFRESHING forms...
23/08/05_09:50:59 - REFRESHING forms...
23/08/05_09:51:30 - FORMHANDLER called...
23/08/05_09:51:30 - Form does not exist in current list of active forms
23/08/05_09:51:30 - Getting current active form's ID in the active forms list
23/08/05_09:51:30 - REFRESHING forms...
23/08/05_09:51:30 - Deserializing System.Collections.Generic.List`1[ExamPrepper.Classes.Subject] to JSON data
23/08/05_09:51:30 - Deserializing System.Collections.Generic.List`1[ExamPrepper.Classes.Subject] to JSON data
23/08/05_09:51:31 - FORMHANDLER called...
23/08/05_09:51:31 - Form does not exist in current list of active forms
23/08/05_09:51:31 - Deserializing System.Collections.Generic.List`1[ExamPrepper.Classes.Subject] to JSON data
23/08/05_09:51:54 - Adding ExamPrepper.Classes.Subject to JSON data located in './Data/Subjects.json'
23/08/05_09:51:54 - Deserializing System.Collections.Generic.List`1[ExamPrepper.Classes.Subject] to JSON data
23/08/05_09:51:54 - Serializing System.Collections.Generic.List`1[ExamPrepper.Classes.Subject] to JSON data
23/08/05_09:51:54 - Deserializing System.Collections.Generic.List`1[ExamPrepper.Classes.Subject] to JSON data
23/08/05_09:52:02 - Getting current active form's ID in the active forms list
23/08/05_09:52:02 - REFRESHING forms...
23/08/05_09:52:02 - Deserializing System.Collections.Generic.List`1[ExamPrepper.Classes.Subject] to JSON data
23/08/05_09:52:03 - REFRESHING forms...
23/08/05_09:52:05 - REFRESHING forms...
23/08/05_09:52:07 - FORMHANDLER called...
23/08/05_09:52:07 - Form exists in current list of active form (Selecting form to show from list).
23/08/05_09:52:07 - Getting current active form's ID in the active forms list
23/08/05_09:52:07 - REFRESHING forms...
23/08/05_09:52:09 - REFRESHING forms...
23/08/05_09:52:10 - FORMHANDLER called...
23/08/05_09:52:10 - Form exists in current list of active form (Selecting form to show from list).
23/08/05_09:52:10 - Getting current active form's ID in the active forms list
23/08/05_09:52:10 - REFRESHING forms...
23/08/05_09:52:10 - Deserializing System.Collections.Generic.List`1[ExamPrepper.Classes.Subject] to JSON data
23/08/05_09:52:16 - FORMHANDLER called...
23/08/05_09:52:16 - Form does not exist in current list of active forms
23/08/05_09:52:16 - Getting current active form's ID in the active forms list
23/08/05_09:52:16 - REFRESHING forms...
23/08/05_09:52:33 - Serializing ExamPrepper.Classes.ExamFormData+ExamTask to JSON data
23/08/05_09:52:42 - REFRESHING forms...
23/08/05_09:52:42 - Deserializing System.Collections.Generic.List`1[ExamPrepper.Classes.Subject] to JSON data
23/08/05_09:53:18 - Checking for all required folders to exist...
23/08/05_09:53:18 - FORMHANDLER called...
23/08/05_09:53:18 - Form does not exist in current list of active forms
23/08/05_09:53:18 - Getting current active form's ID in the active forms list
23/08/05_09:53:18 - REFRESHING forms...
23/08/05_09:53:18 - App loaded with no errors!
23/08/05_09:53:21 - FORMHANDLER called...
23/08/05_09:53:21 - Form does not exist in current list of active forms
23/08/05_09:53:21 - Deserializing ExamPrepper.Classes.ExamFormData+ExamTask to JSON data
23/08/05_09:53:21 - Deserializing ExamPrepper.Classes.ExamFormData+ExamTask to JSON data
23/08/05_09:53:21 - Deserializing System.Collections.Generic.List`1[ExamPrepper.Classes.Subject] to JSON data
23/08/05_09:53:21 - Getting current active form's ID in the active forms list
23/08/05_09:53:21 - REFRESHING forms...
23/08/05_09:53:25 - Deserializing ExamPrepper.Classes.ExamFormData+ExamTask to JSON data
23/08/05_09:53:26 - Deserializing ExamPrepper.Classes.ExamFormData+ExamTask to JSON data
23/08/05_09:53:28 - Deserializing ExamPrepper.Classes.ExamFormData+ExamTask to JSON data
23/08/05_09:53:41 - Deserializing ExamPrepper.Classes.ExamFormData+ExamTask to JSON data
23/08/05_09:53:43 - Deserializing ExamPrepper.Classes.ExamFormData+ExamTask to JSON data
23/08/05_09:53:44 - Deserializing ExamPrepper.Classes.ExamFormData+ExamTask to JSON data
23/08/05_10:02:29 - Checking for all required folders to exist...
23/08/05_10:02:30 - FORMHANDLER called...
23/08/05_10:02:30 - Form does not exist in current list of active forms
23/08/05_10:02:30 - Getting current active form's ID in the active forms list
23/08/05_10:02:30 - REFRESHING forms...
23/08/05_10:02:30 - App loaded with no errors!
23/08/05_10:02:35 - FORMHANDLER called...
23/08/05_10:02:35 - Form does not exist in current list of active forms
23/08/05_10:02:35 - Deserializing System.Collections.Generic.List`1[ExamPrepper.Classes.Subject] to JSON data
23/08/05_10:02:35 - Getting current active form's ID in the active forms list
23/08/05_10:02:35 - REFRESHING forms...
23/08/05_10:02:39 - Deserializing ExamPrepper.Classes.ExamFormData+ExamTask to JSON data
23/08/05_10:02:39 - Deserializing ExamPrepper.Classes.ExamFormData+ExamTask to JSON data
23/08/05_10:02:41 - Deserializing ExamPrepper.Classes.ExamFormData+ExamTask to JSON data
23/08/05_10:02:42 - Deserializing ExamPrepper.Classes.ExamFormData+ExamTask to JSON data
23/08/05_10:02:44 - Deserializing ExamPrepper.Classes.ExamFormData+ExamTask to JSON data
23/08/05_10:03:49 - Checking for all required folders to exist...
23/08/05_10:03:49 - FORMHANDLER called...
23/08/05_10:03:49 - Form does not exist in current list of active forms
23/08/05_10:03:49 - Getting current active form's ID in the active forms list
23/08/05_10:03:49 - REFRESHING forms...
23/08/05_10:03:49 - App loaded with no errors!
23/08/05_10:03:54 - FORMHANDLER called...
23/08/05_10:03:54 - Form does not exist in current list of active forms
23/08/05_10:03:54 - Deserializing System.Collections.Generic.List`1[ExamPrepper.Classes.Subject] to JSON data
23/08/05_10:03:54 - Getting current active form's ID in the active forms list
23/08/05_10:03:54 - REFRESHING forms...
23/08/05_10:03:54 - Deserializing ExamPrepper.Classes.ExamFormData+ExamTask to JSON data
23/08/05_10:03:54 - Deserializing ExamPrepper.Classes.ExamFormData+ExamTask to JSON data
23/08/05_10:06:16 - Checking for all required folders to exist...
23/08/05_10:06:16 - FORMHANDLER called...
23/08/05_10:06:16 - Form does not exist in current list of active forms
23/08/05_10:06:16 - Getting current active form's ID in the active forms list
23/08/05_10:06:16 - REFRESHING forms...
23/08/05_10:06:17 - App loaded with no errors!
23/08/05_10:06:18 - FORMHANDLER called...
23/08/05_10:06:18 - Form does not exist in current list of active forms
23/08/05_10:06:18 - Deserializing System.Collections.Generic.List`1[ExamPrepper.Classes.Subject] to JSON data
23/08/05_10:06:18 - Getting current active form's ID in the active forms list
23/08/05_10:06:18 - REFRESHING forms...
23/08/05_10:06:18 - Deserializing ExamPrepper.Classes.ExamFormData+ExamTask to JSON data
23/08/05_10:06:18 - Deserializing ExamPrepper.Classes.ExamFormData+ExamTask to JSON data
23/08/05_10:06:20 - Deserializing ExamPrepper.Classes.ExamFormData+ExamTask to JSON data
23/08/05_10:06:20 - Deserializing ExamPrepper.Classes.ExamFormData+ExamTask to JSON data
23/08/05_10:06:20 - Serializing ExamPrepper.Classes.ExamFormData+Exam to JSON data
23/08/05_10:08:12 - Deserializing ExamPrepper.Classes.ExamFormData+ExamTask to JSON data
23/08/05_10:08:12 - Deserializing ExamPrepper.Classes.ExamFormData+ExamTask to JSON data
23/08/05_10:08:12 - Serializing ExamPrepper.Classes.ExamFormData+Exam to JSON data
23/08/05_10:10:26 - Checking for all required folders to exist...
23/08/05_10:10:26 - FORMHANDLER called...
23/08/05_10:10:26 - Form does not exist in current list of active forms
23/08/05_10:10:26 - Getting current active form's ID in the active forms list
23/08/05_10:10:26 - REFRESHING forms...
23/08/05_10:10:26 - App loaded with no errors!
23/08/05_10:10:28 - FORMHANDLER called...
23/08/05_10:10:28 - Form does not exist in current list of active forms
23/08/05_10:10:28 - Deserializing System.Collections.Generic.List`1[ExamPrepper.Classes.Subject] to JSON data
23/08/05_10:10:28 - Getting current active form's ID in the active forms list
23/08/05_10:10:28 - REFRESHING forms...
23/08/05_10:10:28 - Deserializing ExamPrepper.Classes.ExamFormData+ExamTask to JSON data
23/08/05_10:10:28 - Deserializing ExamPrepper.Classes.ExamFormData+ExamTask to JSON data
23/08/05_10:10:37 - Deserializing ExamPrepper.Classes.ExamFormData+ExamTask to JSON data
23/08/05_10:10:37 - Deserializing ExamPrepper.Classes.ExamFormData+ExamTask to JSON data
23/08/05_10:10:37 - Serializing ExamPrepper.Classes.ExamFormData+Exam to JSON data
23/08/05_10:22:12 - Checking for all required folders to exist...
23/08/05_10:22:12 - FORMHANDLER called...
23/08/05_10:22:12 - Form does not exist in current list of active forms
23/08/05_10:22:12 - Getting current active form's ID in the active forms list
23/08/05_10:22:12 - REFRESHING forms...
23/08/05_10:22:12 - App loaded with no errors!
23/08/05_10:22:13 - FORMHANDLER called...
23/08/05_10:22:13 - Form does not exist in current list of active forms
23/08/05_10:22:13 - Deserializing System.Collections.Generic.List`1[ExamPrepper.Classes.Subject] to JSON data
23/08/05_10:22:13 - Getting current active form's ID in the active forms list
23/08/05_10:22:13 - REFRESHING forms...
23/08/05_10:22:13 - Deserializing ExamPrepper.Classes.ExamFormData+ExamTask to JSON data
23/08/05_10:22:13 - Deserializing ExamPrepper.Classes.ExamFormData+ExamTask to JSON data
